{"timestamp":"2026-03-31T16:40:01.710453Z","level":"info","event":"Stats instance was created in PID 7 but accessed in PID 115. Re-initializing.","logger":"airflow.stats","filename":"stats.py","lineno":57}
{"timestamp":"2026-03-31T16:40:01.735599Z","level":"info","event":"DAG bundles loaded: dags-folder","logger":"airflow.dag_processing.bundles.manager.DagBundlesManager","filename":"manager.py","lineno":179}
{"timestamp":"2026-03-31T16:40:01.736902Z","level":"info","event":"Filling up the DagBag from /opt/airflow/dags/linkedin_pipeline.py","logger":"airflow.models.dagbag.BundleDagBag","filename":"dagbag.py","lineno":593}
{"timestamp":"2026-03-31T16:40:03.166330Z","level":"info","event":"Starting Job Description enrichment process...","logger":"task.stdout"}
{"timestamp":"2026-03-31T16:40:03.182839Z","level":"info","event":"Starting enrichment for 42 jobs...","logger":"task.stdout"}
{"timestamp":"2026-03-31T16:40:03.183119Z","level":"info","event":"Fetching description for: https://ca.linkedin.com/jobs/view/programming-soft...","logger":"task.stdout"}
{"timestamp":"2026-03-31T16:40:04.267766Z","level":"info","event":"Sleeping for 5.86 seconds...","logger":"task.stdout"}
{"timestamp":"2026-03-31T16:40:10.129738Z","level":"info","event":"Fetching description for: https://ca.linkedin.com/jobs/view/lead-data-engine...","logger":"task.stdout"}
{"timestamp":"2026-03-31T16:40:10.888620Z","level":"info","event":"Sleeping for 10.74 seconds...","logger":"task.stdout"}
{"timestamp":"2026-03-31T16:40:21.633640Z","level":"info","event":"Fetching description for: https://ca.linkedin.com/jobs/view/software-enginee...","logger":"task.stdout"}
{"timestamp":"2026-03-31T16:40:22.524879Z","level":"info","event":"Sleeping for 6.95 seconds...","logger":"task.stdout"}
{"timestamp":"2026-03-31T16:40:29.477228Z","level":"info","event":"Fetching description for: https://ca.linkedin.com/jobs/view/software-enginee...","logger":"task.stdout"}
{"timestamp":"2026-03-31T16:40:30.225313Z","level":"info","event":"Sleeping for 7.71 seconds...","logger":"task.stdout"}
{"timestamp":"2026-03-31T16:40:37.936360Z","level":"info","event":"Fetching description for: https://ca.linkedin.com/jobs/view/stage-en-donn%C3...","logger":"task.stdout"}
{"timestamp":"2026-03-31T16:40:38.847845Z","level":"info","event":"Sleeping for 11.17 seconds...","logger":"task.stdout"}
{"timestamp":"2026-03-31T16:40:50.024796Z","level":"info","event":"Fetching description for: https://ca.linkedin.com/jobs/view/site-supervision...","logger":"task.stdout"}
{"timestamp":"2026-03-31T16:40:50.921379Z","level":"info","event":"Sleeping for 10.60 seconds...","logger":"task.stdout"}
{"timestamp":"2026-03-31T16:41:01.518551Z","level":"info","event":"Fetching description for: https://ca.linkedin.com/jobs/view/scientifique-de-...","logger":"task.stdout"}
{"timestamp":"2026-03-31T16:41:02.530176Z","level":"info","event":"Sleeping for 10.87 seconds...","logger":"task.stdout"}
{"timestamp":"2026-03-31T16:41:13.402951Z","level":"info","event":"Fetching description for: https://ca.linkedin.com/jobs/view/analyste-infrast...","logger":"task.stdout"}
{"timestamp":"2026-03-31T16:41:14.492102Z","level":"info","event":"Sleeping for 9.76 seconds...","logger":"task.stdout"}
{"timestamp":"2026-03-31T16:41:24.257698Z","level":"info","event":"Fetching description for: https://ca.linkedin.com/jobs/view/engineering-proj...","logger":"task.stdout"}
{"timestamp":"2026-03-31T16:41:25.557134Z","level":"info","event":"Sleeping for 11.71 seconds...","logger":"task.stdout"}
{"timestamp":"2026-03-31T16:41:37.268124Z","level":"info","event":"Fetching description for: https://ca.linkedin.com/jobs/view/safety-and-ram-s...","logger":"task.stdout"}
{"timestamp":"2026-03-31T16:41:38.018288Z","level":"info","event":"Sleeping for 5.61 seconds...","logger":"task.stdout"}
{"timestamp":"2026-03-31T16:41:43.626552Z","level":"info","event":"Fetching description for: https://ca.linkedin.com/jobs/view/expert-en-scienc...","logger":"task.stdout"}
{"timestamp":"2026-03-31T16:41:44.674381Z","level":"info","event":"Sleeping for 10.01 seconds...","logger":"task.stdout"}
{"timestamp":"2026-03-31T16:41:54.688991Z","level":"info","event":"Fetching description for: https://ca.linkedin.com/jobs/view/conseiller-%C3%A...","logger":"task.stdout"}
{"timestamp":"2026-03-31T16:41:55.575737Z","level":"info","event":"Sleeping for 10.28 seconds...","logger":"task.stdout"}
{"timestamp":"2026-03-31T16:42:05.857420Z","level":"info","event":"Fetching description for: https://ca.linkedin.com/jobs/view/analyste-en-gouv...","logger":"task.stdout"}
{"timestamp":"2026-03-31T16:42:06.828583Z","level":"info","event":"Sleeping for 6.87 seconds...","logger":"task.stdout"}
{"timestamp":"2026-03-31T16:42:13.695068Z","level":"info","event":"Fetching description for: https://ca.linkedin.com/jobs/view/data-developer-a...","logger":"task.stdout"}
{"timestamp":"2026-03-31T16:42:14.567955Z","level":"info","event":"Sleeping for 9.97 seconds...","logger":"task.stdout"}
{"timestamp":"2026-03-31T16:42:24.537196Z","level":"info","event":"Fetching description for: https://ca.linkedin.com/jobs/view/data-collector-c...","logger":"task.stdout"}
{"timestamp":"2026-03-31T16:42:25.242592Z","level":"info","event":"Sleeping for 7.43 seconds...","logger":"task.stdout"}
{"timestamp":"2026-03-31T16:42:32.681295Z","level":"info","event":"Fetching description for: https://ca.linkedin.com/jobs/view/ing%C3%A9nieur-e...","logger":"task.stdout"}
{"timestamp":"2026-03-31T16:42:34.007463Z","level":"info","event":"Sleeping for 10.98 seconds...","logger":"task.stdout"}
{"timestamp":"2026-03-31T16:42:44.988286Z","level":"info","event":"Fetching description for: https://ca.linkedin.com/jobs/view/data-internship-...","logger":"task.stdout"}
{"timestamp":"2026-03-31T16:42:46.263899Z","level":"info","event":"Sleeping for 11.67 seconds...","logger":"task.stdout"}
{"timestamp":"2026-03-31T16:42:57.935431Z","level":"info","event":"Fetching description for: https://ca.linkedin.com/jobs/view/senior-developer...","logger":"task.stdout"}
{"timestamp":"2026-03-31T16:42:58.739334Z","level":"info","event":"Sleeping for 6.79 seconds...","logger":"task.stdout"}
{"timestamp":"2026-03-31T16:43:05.540394Z","level":"info","event":"Fetching description for: https://ca.linkedin.com/jobs/view/analyste-program...","logger":"task.stdout"}
{"timestamp":"2026-03-31T16:43:07.055122Z","level":"info","event":"Sleeping for 7.34 seconds...","logger":"task.stdout"}
{"timestamp":"2026-03-31T16:43:14.394972Z","level":"info","event":"Fetching description for: https://ca.linkedin.com/jobs/view/ing%C3%A9nieur-e...","logger":"task.stdout"}
{"timestamp":"2026-03-31T16:43:15.187038Z","level":"info","event":"Sleeping for 7.33 seconds...","logger":"task.stdout"}
{"timestamp":"2026-03-31T16:43:22.526099Z","level":"info","event":"Fetching description for: https://ca.linkedin.com/jobs/view/ing%C3%A9nieure-...","logger":"task.stdout"}
{"timestamp":"2026-03-31T16:43:23.473367Z","level":"info","event":"Sleeping for 8.84 seconds...","logger":"task.stdout"}
{"timestamp":"2026-03-31T16:43:32.313803Z","level":"info","event":"Fetching description for: https://ca.linkedin.com/jobs/view/technicien-valid...","logger":"task.stdout"}
{"timestamp":"2026-03-31T16:43:32.993735Z","level":"info","event":"Sleeping for 6.23 seconds...","logger":"task.stdout"}
{"timestamp":"2026-03-31T16:43:39.224049Z","level":"info","event":"Fetching description for: https://ca.linkedin.com/jobs/view/ing%C3%A9nieure-...","logger":"task.stdout"}
{"timestamp":"2026-03-31T16:43:40.204042Z","level":"info","event":"Sleeping for 9.83 seconds...","logger":"task.stdout"}
{"timestamp":"2026-03-31T16:43:50.037598Z","level":"info","event":"Fetching description for: https://ca.linkedin.com/jobs/view/programmeur-euse...","logger":"task.stdout"}
{"timestamp":"2026-03-31T16:43:50.833936Z","level":"info","event":"Sleeping for 5.98 seconds...","logger":"task.stdout"}
{"timestamp":"2026-03-31T16:43:56.814355Z","level":"info","event":"Fetching description for: https://ca.linkedin.com/jobs/view/ing%C3%A9nieure-...","logger":"task.stdout"}
{"timestamp":"2026-03-31T16:43:57.712823Z","level":"info","event":"Sleeping for 11.68 seconds...","logger":"task.stdout"}
{"timestamp":"2026-03-31T16:44:09.394022Z","level":"info","event":"Fetching description for: https://ca.linkedin.com/jobs/view/sp%C3%A9cialiste...","logger":"task.stdout"}
{"timestamp":"2026-03-31T16:44:10.440086Z","level":"info","event":"Sleeping for 11.73 seconds...","logger":"task.stdout"}
{"timestamp":"2026-03-31T16:44:22.169783Z","level":"info","event":"Fetching description for: https://ca.linkedin.com/jobs/view/contr%C3%B4leur-...","logger":"task.stdout"}
{"timestamp":"2026-03-31T16:44:22.923643Z","level":"info","event":"Sleeping for 8.04 seconds...","logger":"task.stdout"}
{"timestamp":"2026-03-31T16:44:30.969459Z","level":"info","event":"Fetching description for: https://ca.linkedin.com/jobs/view/scientifique-de-...","logger":"task.stdout"}
{"timestamp":"2026-03-31T16:44:31.908361Z","level":"info","event":"Sleeping for 6.09 seconds...","logger":"task.stdout"}
{"timestamp":"2026-03-31T16:44:38.002969Z","level":"info","event":"Fetching description for: https://ca.linkedin.com/jobs/view/analyste-de-r%C3...","logger":"task.stdout"}
{"timestamp":"2026-03-31T16:44:39.247955Z","level":"info","event":"Sleeping for 9.65 seconds...","logger":"task.stdout"}
{"timestamp":"2026-03-31T16:44:48.899480Z","level":"info","event":"Fetching description for: https://ca.linkedin.com/jobs/view/data-analysis-tu...","logger":"task.stdout"}
{"timestamp":"2026-03-31T16:44:49.803234Z","level":"info","event":"Sleeping for 8.48 seconds...","logger":"task.stdout"}
{"timestamp":"2026-03-31T16:44:58.290023Z","level":"info","event":"Fetching description for: https://ca.linkedin.com/jobs/view/e3-analyste-powe...","logger":"task.stdout"}
{"timestamp":"2026-03-31T16:44:59.208095Z","level":"info","event":"Sleeping for 9.45 seconds...","logger":"task.stdout"}
{"timestamp":"2026-03-31T16:45:08.659506Z","level":"info","event":"Fetching description for: https://ca.linkedin.com/jobs/view/analyste-en-envi...","logger":"task.stdout"}
{"timestamp":"2026-03-31T16:45:09.601840Z","level":"info","event":"Sleeping for 6.58 seconds...","logger":"task.stdout"}
{"timestamp":"2026-03-31T16:45:16.187560Z","level":"info","event":"Fetching description for: https://ca.linkedin.com/jobs/view/it-architect-at-...","logger":"task.stdout"}
{"timestamp":"2026-03-31T16:45:17.064484Z","level":"info","event":"Sleeping for 7.60 seconds...","logger":"task.stdout"}
{"timestamp":"2026-03-31T16:45:24.666273Z","level":"info","event":"Fetching description for: https://ca.linkedin.com/jobs/view/data-analytics-a...","logger":"task.stdout"}
{"timestamp":"2026-03-31T16:45:25.511381Z","level":"info","event":"Sleeping for 8.84 seconds...","logger":"task.stdout"}
{"timestamp":"2026-03-31T16:45:34.349320Z","level":"info","event":"Fetching description for: https://ca.linkedin.com/jobs/view/data-architect-a...","logger":"task.stdout"}
{"timestamp":"2026-03-31T16:45:34.967088Z","level":"info","event":"Sleeping for 8.08 seconds...","logger":"task.stdout"}
{"timestamp":"2026-03-31T16:45:43.050690Z","level":"info","event":"Fetching description for: https://ca.linkedin.com/jobs/view/architecte-analy...","logger":"task.stdout"}
{"timestamp":"2026-03-31T16:45:44.037824Z","level":"info","event":"Sleeping for 8.10 seconds...","logger":"task.stdout"}
{"timestamp":"2026-03-31T16:45:52.147339Z","level":"info","event":"Fetching description for: https://ca.linkedin.com/jobs/view/technical-data-a...","logger":"task.stdout"}
{"timestamp":"2026-03-31T16:45:52.906488Z","level":"info","event":"Sleeping for 7.23 seconds...","logger":"task.stdout"}
{"timestamp":"2026-03-31T16:46:00.137573Z","level":"info","event":"Fetching description for: https://ca.linkedin.com/jobs/view/solution-archite...","logger":"task.stdout"}
{"timestamp":"2026-03-31T16:46:01.111672Z","level":"info","event":"Sleeping for 9.03 seconds...","logger":"task.stdout"}
{"timestamp":"2026-03-31T16:46:10.142744Z","level":"info","event":"Fetching description for: https://ca.linkedin.com/jobs/view/architecte-de-so...","logger":"task.stdout"}
{"timestamp":"2026-03-31T16:46:10.820650Z","level":"info","event":"Sleeping for 10.01 seconds...","logger":"task.stdout"}
{"timestamp":"2026-03-31T16:46:20.832963Z","level":"info","event":"Fetching description for: https://ca.linkedin.com/jobs/view/senior-data-engi...","logger":"task.stdout"}
{"timestamp":"2026-03-31T16:46:22.176550Z","level":"info","event":"Sleeping for 11.92 seconds...","logger":"task.stdout"}
{"timestamp":"2026-03-31T16:46:34.096921Z","level":"info","event":"Fetching description for: https://ca.linkedin.com/jobs/view/architect-data-f...","logger":"task.stdout"}
{"timestamp":"2026-03-31T16:46:35.032398Z","level":"info","event":"Sleeping for 6.51 seconds...","logger":"task.stdout"}
{"timestamp":"2026-03-31T16:46:41.542677Z","level":"info","event":"Fetching description for: https://ca.linkedin.com/jobs/view/architecte-de-do...","logger":"task.stdout"}
{"timestamp":"2026-03-31T16:46:42.404495Z","level":"info","event":"Sleeping for 10.46 seconds...","logger":"task.stdout"}
{"timestamp":"2026-03-31T16:46:52.884753Z","level":"info","event":"Job Description enrichment complete.","logger":"task.stdout"}
{"timestamp":"2026-03-31T16:46:52.890481Z","level":"info","event":"Done. Returned value was: None","logger":"airflow.task.operators.airflow.providers.standard.operators.python.PythonOperator","filename":"python.py","lineno":230}
