{"timestamp":"2026-03-30T00:03:45.114717Z","level":"info","event":"Stats instance was created in PID 7 but accessed in PID 424. Re-initializing.","logger":"airflow.stats","filename":"stats.py","lineno":57}
{"timestamp":"2026-03-30T00:03:46.577826Z","level":"info","event":"DAG bundles loaded: dags-folder, example_dags","logger":"airflow.dag_processing.bundles.manager.DagBundlesManager","filename":"manager.py","lineno":179}
{"timestamp":"2026-03-30T00:03:46.579992Z","level":"info","event":"Filling up the DagBag from /opt/airflow/dags/linkedin_pipeline.py","logger":"airflow.models.dagbag.BundleDagBag","filename":"dagbag.py","lineno":593}
{"timestamp":"2026-03-30T00:03:52.760551Z","level":"info","event":"Task instance is in running state","logger":"task.stdout"}
{"timestamp":"2026-03-30T00:03:52.762433Z","level":"info","event":" Previous state of the Task instance: TaskInstanceState.QUEUED","logger":"task.stdout"}
{"timestamp":"2026-03-30T00:03:52.762849Z","level":"info","event":"Current task name:enrich_descriptions","logger":"task.stdout"}
{"timestamp":"2026-03-30T00:03:52.763082Z","level":"info","event":"Dag name:linkedin_bronze_to_silver","logger":"task.stdout"}
{"timestamp":"2026-03-30T00:03:52.767254Z","level":"info","event":"Starting Job Description enrichment process...","logger":"task.stdout"}
{"timestamp":"2026-03-30T00:03:52.799903Z","level":"info","event":"Starting enrichment for 100 jobs...","logger":"task.stdout"}
{"timestamp":"2026-03-30T00:03:52.801072Z","level":"info","event":"Fetching description for: https://ca.linkedin.com/jobs/view/software-enginee...","logger":"task.stdout"}
{"timestamp":"2026-03-30T00:05:19.997153Z","level":"info","event":"Sleeping for 8.24 seconds...","logger":"task.stdout"}
{"timestamp":"2026-03-30T00:05:28.236017Z","level":"info","event":"Fetching description for: https://ca.linkedin.com/jobs/view/senior-developer...","logger":"task.stdout"}
{"timestamp":"2026-03-30T00:05:29.047712Z","level":"info","event":"Sleeping for 7.37 seconds...","logger":"task.stdout"}
{"timestamp":"2026-03-30T00:05:36.421016Z","level":"info","event":"Fetching description for: https://ca.linkedin.com/jobs/view/senior-data-engi...","logger":"task.stdout"}
{"timestamp":"2026-03-30T00:05:37.151900Z","level":"info","event":"Sleeping for 9.07 seconds...","logger":"task.stdout"}
{"timestamp":"2026-03-30T00:05:46.219546Z","level":"info","event":"Fetching description for: https://ca.linkedin.com/jobs/view/programming-soft...","logger":"task.stdout"}
{"timestamp":"2026-03-30T00:05:47.115385Z","level":"info","event":"Sleeping for 10.73 seconds...","logger":"task.stdout"}
{"timestamp":"2026-03-30T00:05:57.849802Z","level":"info","event":"Fetching description for: https://ca.linkedin.com/jobs/view/software-enginee...","logger":"task.stdout"}
{"timestamp":"2026-03-30T00:05:58.689637Z","level":"info","event":"Sleeping for 8.35 seconds...","logger":"task.stdout"}
{"timestamp":"2026-03-30T00:06:07.039574Z","level":"info","event":"Fetching description for: https://ca.linkedin.com/jobs/view/lead-data-engine...","logger":"task.stdout"}
{"timestamp":"2026-03-30T00:06:07.757460Z","level":"info","event":"Sleeping for 8.88 seconds...","logger":"task.stdout"}
{"timestamp":"2026-03-30T00:06:16.647408Z","level":"info","event":"Fetching description for: https://ca.linkedin.com/jobs/view/data-internship-...","logger":"task.stdout"}
{"timestamp":"2026-03-30T00:06:17.898010Z","level":"info","event":"Sleeping for 11.19 seconds...","logger":"task.stdout"}
{"timestamp":"2026-03-30T00:06:29.092008Z","level":"info","event":"Fetching description for: https://ca.linkedin.com/jobs/view/data-collector-c...","logger":"task.stdout"}
{"timestamp":"2026-03-30T00:06:29.835857Z","level":"info","event":"Sleeping for 5.16 seconds...","logger":"task.stdout"}
{"timestamp":"2026-03-30T00:06:35.000227Z","level":"info","event":"Fetching description for: https://ca.linkedin.com/jobs/view/analyste-program...","logger":"task.stdout"}
{"timestamp":"2026-03-30T00:06:36.948877Z","level":"info","event":"Sleeping for 9.50 seconds...","logger":"task.stdout"}
{"timestamp":"2026-03-30T00:06:46.455458Z","level":"info","event":"Fetching description for: https://ca.linkedin.com/jobs/view/software-enginee...","logger":"task.stdout"}
{"timestamp":"2026-03-30T00:06:47.389623Z","level":"info","event":"Sleeping for 8.95 seconds...","logger":"task.stdout"}
{"timestamp":"2026-03-30T00:06:56.343533Z","level":"info","event":"Fetching description for: https://ca.linkedin.com/jobs/view/data-analysis-tu...","logger":"task.stdout"}
{"timestamp":"2026-03-30T00:06:57.204218Z","level":"info","event":"Sleeping for 10.04 seconds...","logger":"task.stdout"}
{"timestamp":"2026-03-30T00:07:07.282762Z","level":"info","event":"Fetching description for: https://ca.linkedin.com/jobs/view/stage-en-donn%C3...","logger":"task.stdout"}
{"timestamp":"2026-03-30T00:07:08.198425Z","level":"info","event":"Sleeping for 9.31 seconds...","logger":"task.stdout"}
{"timestamp":"2026-03-30T00:07:17.524527Z","level":"info","event":"Fetching description for: https://ca.linkedin.com/jobs/view/site-supervision...","logger":"task.stdout"}
{"timestamp":"2026-03-30T00:07:18.439923Z","level":"info","event":"Sleeping for 7.78 seconds...","logger":"task.stdout"}
{"timestamp":"2026-03-30T00:07:26.224531Z","level":"info","event":"Fetching description for: https://ca.linkedin.com/jobs/view/scientifique-de-...","logger":"task.stdout"}
{"timestamp":"2026-03-30T00:07:27.141357Z","level":"info","event":"Sleeping for 10.89 seconds...","logger":"task.stdout"}
{"timestamp":"2026-03-30T00:07:38.037933Z","level":"info","event":"Fetching description for: https://ca.linkedin.com/jobs/view/contr%C3%B4leur-...","logger":"task.stdout"}
{"timestamp":"2026-03-30T00:07:39.118525Z","level":"info","event":"Sleeping for 6.66 seconds...","logger":"task.stdout"}
{"timestamp":"2026-03-30T00:07:45.780800Z","level":"info","event":"Fetching description for: https://ca.linkedin.com/jobs/view/analyste-infrast...","logger":"task.stdout"}
{"timestamp":"2026-03-30T00:07:46.791011Z","level":"info","event":"Sleeping for 8.76 seconds...","logger":"task.stdout"}
{"timestamp":"2026-03-30T00:07:55.547587Z","level":"info","event":"Fetching description for: https://ca.linkedin.com/jobs/view/engineering-proj...","logger":"task.stdout"}
{"timestamp":"2026-03-30T00:07:56.315441Z","level":"info","event":"Sleeping for 11.48 seconds...","logger":"task.stdout"}
{"timestamp":"2026-03-30T00:08:07.800648Z","level":"info","event":"Fetching description for: https://ca.linkedin.com/jobs/view/safety-and-ram-s...","logger":"task.stdout"}
{"timestamp":"2026-03-30T00:08:08.582151Z","level":"info","event":"Sleeping for 9.80 seconds...","logger":"task.stdout"}
{"timestamp":"2026-03-30T00:08:18.391672Z","level":"info","event":"Fetching description for: https://ca.linkedin.com/jobs/view/expert-en-scienc...","logger":"task.stdout"}
{"timestamp":"2026-03-30T00:08:20.158639Z","level":"info","event":"Sleeping for 6.56 seconds...","logger":"task.stdout"}
{"timestamp":"2026-03-30T00:08:26.728355Z","level":"info","event":"Fetching description for: https://ca.linkedin.com/jobs/view/conseiller-%C3%A...","logger":"task.stdout"}
{"timestamp":"2026-03-30T00:08:27.654793Z","level":"info","event":"Sleeping for 5.01 seconds...","logger":"task.stdout"}
{"timestamp":"2026-03-30T00:08:32.718670Z","level":"info","event":"Fetching description for: https://ca.linkedin.com/jobs/view/data-collector-c...","logger":"task.stdout"}
{"timestamp":"2026-03-30T00:08:33.283258Z","level":"info","event":"Sleeping for 5.86 seconds...","logger":"task.stdout"}
{"timestamp":"2026-03-30T00:08:39.147582Z","level":"info","event":"Fetching description for: https://ca.linkedin.com/jobs/view/ing%C3%A9nieur-e...","logger":"task.stdout"}
{"timestamp":"2026-03-30T00:08:40.032635Z","level":"info","event":"Sleeping for 5.63 seconds...","logger":"task.stdout"}
{"timestamp":"2026-03-30T00:08:45.663595Z","level":"info","event":"Fetching description for: https://ca.linkedin.com/jobs/view/data-internship-...","logger":"task.stdout"}
{"timestamp":"2026-03-30T00:08:46.638643Z","level":"info","event":"Sleeping for 11.04 seconds...","logger":"task.stdout"}
{"timestamp":"2026-03-30T00:08:57.679840Z","level":"info","event":"Fetching description for: https://ca.linkedin.com/jobs/view/senior-developer...","logger":"task.stdout"}
{"timestamp":"2026-03-30T00:08:58.427870Z","level":"info","event":"Sleeping for 8.84 seconds...","logger":"task.stdout"}
{"timestamp":"2026-03-30T00:09:07.264382Z","level":"info","event":"Fetching description for: https://ca.linkedin.com/jobs/view/analyste-program...","logger":"task.stdout"}
{"timestamp":"2026-03-30T00:09:08.110624Z","level":"info","event":"Sleeping for 5.67 seconds...","logger":"task.stdout"}
{"timestamp":"2026-03-30T00:09:13.784707Z","level":"info","event":"Fetching description for: https://ca.linkedin.com/jobs/view/ing%C3%A9nieur-e...","logger":"task.stdout"}
{"timestamp":"2026-03-30T00:09:14.564754Z","level":"info","event":"Sleeping for 7.53 seconds...","logger":"task.stdout"}
{"timestamp":"2026-03-30T00:09:22.105652Z","level":"info","event":"Fetching description for: https://ca.linkedin.com/jobs/view/ing%C3%A9nieure-...","logger":"task.stdout"}
{"timestamp":"2026-03-30T00:09:22.996894Z","level":"info","event":"Sleeping for 6.89 seconds...","logger":"task.stdout"}
{"timestamp":"2026-03-30T00:09:29.891188Z","level":"info","event":"Fetching description for: https://ca.linkedin.com/jobs/view/technicien-valid...","logger":"task.stdout"}
{"timestamp":"2026-03-30T00:09:30.564316Z","level":"info","event":"Sleeping for 7.47 seconds...","logger":"task.stdout"}
{"timestamp":"2026-03-30T00:09:38.035925Z","level":"info","event":"Fetching description for: https://ca.linkedin.com/jobs/view/senior-data-engi...","logger":"task.stdout"}
{"timestamp":"2026-03-30T00:09:38.739775Z","level":"info","event":"Sleeping for 7.01 seconds...","logger":"task.stdout"}
{"timestamp":"2026-03-30T00:09:45.746819Z","level":"info","event":"Fetching description for: https://ca.linkedin.com/jobs/view/analyst-data-val...","logger":"task.stdout"}
{"timestamp":"2026-03-30T00:09:47.525892Z","level":"info","event":"Sleeping for 6.89 seconds...","logger":"task.stdout"}
{"timestamp":"2026-03-30T00:09:54.425552Z","level":"info","event":"Fetching description for: https://ca.linkedin.com/jobs/view/programmeur-euse...","logger":"task.stdout"}
{"timestamp":"2026-03-30T00:09:55.237053Z","level":"info","event":"Sleeping for 9.83 seconds...","logger":"task.stdout"}
{"timestamp":"2026-03-30T00:10:05.077259Z","level":"info","event":"Fetching description for: https://ca.linkedin.com/jobs/view/ing%C3%A9nieure-...","logger":"task.stdout"}
{"timestamp":"2026-03-30T00:10:06.227470Z","level":"info","event":"Sleeping for 10.21 seconds...","logger":"task.stdout"}
{"timestamp":"2026-03-30T00:10:16.439471Z","level":"info","event":"Fetching description for: https://ca.linkedin.com/jobs/view/sp%C3%A9cialiste...","logger":"task.stdout"}
{"timestamp":"2026-03-30T00:10:17.428295Z","level":"info","event":"Sleeping for 6.89 seconds...","logger":"task.stdout"}
{"timestamp":"2026-03-30T00:10:24.320051Z","level":"info","event":"Fetching description for: https://ca.linkedin.com/jobs/view/contr%C3%B4leur-...","logger":"task.stdout"}
{"timestamp":"2026-03-30T00:10:25.172692Z","level":"info","event":"Sleeping for 5.83 seconds...","logger":"task.stdout"}
{"timestamp":"2026-03-30T00:10:31.004670Z","level":"info","event":"Fetching description for: https://ca.linkedin.com/jobs/view/scientifique-de-...","logger":"task.stdout"}
{"timestamp":"2026-03-30T00:10:32.037820Z","level":"info","event":"Sleeping for 6.23 seconds...","logger":"task.stdout"}
{"timestamp":"2026-03-30T00:10:38.265668Z","level":"info","event":"Fetching description for: https://ca.linkedin.com/jobs/view/analyste-de-r%C3...","logger":"task.stdout"}
{"timestamp":"2026-03-30T00:10:39.188278Z","level":"info","event":"Sleeping for 5.30 seconds...","logger":"task.stdout"}
{"timestamp":"2026-03-30T00:10:44.486048Z","level":"info","event":"Fetching description for: https://ca.linkedin.com/jobs/view/e3-analyste-powe...","logger":"task.stdout"}
{"timestamp":"2026-03-30T00:10:45.291357Z","level":"info","event":"Sleeping for 6.95 seconds...","logger":"task.stdout"}
{"timestamp":"2026-03-30T00:10:52.241759Z","level":"info","event":"Fetching description for: https://ca.linkedin.com/jobs/view/data-analysis-tu...","logger":"task.stdout"}
{"timestamp":"2026-03-30T00:10:53.357582Z","level":"info","event":"Sleeping for 8.35 seconds...","logger":"task.stdout"}
{"timestamp":"2026-03-30T00:11:01.714438Z","level":"info","event":"Fetching description for: https://ca.linkedin.com/jobs/view/ing%C3%A9nieure-...","logger":"task.stdout"}
{"timestamp":"2026-03-30T00:11:03.370328Z","level":"info","event":"Sleeping for 7.92 seconds...","logger":"task.stdout"}
{"timestamp":"2026-03-30T00:11:11.294231Z","level":"info","event":"Fetching description for: https://ca.linkedin.com/jobs/view/analyste-en-envi...","logger":"task.stdout"}
{"timestamp":"2026-03-30T00:11:12.189591Z","level":"info","event":"Sleeping for 8.06 seconds...","logger":"task.stdout"}
{"timestamp":"2026-03-30T00:11:20.256784Z","level":"info","event":"Fetching description for: https://ca.linkedin.com/jobs/view/it-architect-at-...","logger":"task.stdout"}
{"timestamp":"2026-03-30T00:11:21.449909Z","level":"info","event":"Sleeping for 9.62 seconds...","logger":"task.stdout"}
{"timestamp":"2026-03-30T00:11:31.073783Z","level":"info","event":"Fetching description for: https://ca.linkedin.com/jobs/view/data-analytics-a...","logger":"task.stdout"}
{"timestamp":"2026-03-30T00:11:35.155066Z","level":"info","event":"Error processing https://ca.linkedin.com/jobs/view/data-analytics-architect-at-kpmg-canada-4387688542?position=2&pageNum=0&refId=y0Z84rU8A%2B9tVZUjhiMTxQ%3D%3D&trackingId=o3qRRx%2FxTgG1lOXaMtG%2FOA%3D%3D: HTTPSConnectionPool(host='ca.linkedin.com', port=443): Max retries exceeded with url: /jobs/view/data-analytics-architect-at-kpmg-canada-4387688542?position=2&pageNum=0&refId=y0Z84rU8A%2B9tVZUjhiMTxQ%3D%3D&trackingId=o3qRRx%2FxTgG1lOXaMtG%2FOA%3D%3D (Caused by NewConnectionError(\"HTTPSConnection(host='ca.linkedin.com', port=443): Failed to establish a new connection: [Errno 101] Network is unreachable\"))","logger":"task.stdout"}
{"timestamp":"2026-03-30T00:11:35.158352Z","level":"info","event":"Fetching description for: https://ca.linkedin.com/jobs/view/data-architect-a...","logger":"task.stdout"}
{"timestamp":"2026-03-30T00:11:36.457471Z","level":"info","event":"Sleeping for 8.86 seconds...","logger":"task.stdout"}
{"timestamp":"2026-03-30T00:11:45.328357Z","level":"info","event":"Fetching description for: https://ca.linkedin.com/jobs/view/architecte-analy...","logger":"task.stdout"}
{"timestamp":"2026-03-30T00:11:46.116896Z","level":"info","event":"Sleeping for 8.61 seconds...","logger":"task.stdout"}
{"timestamp":"2026-03-30T00:11:54.729918Z","level":"info","event":"Fetching description for: https://ca.linkedin.com/jobs/view/technical-data-a...","logger":"task.stdout"}
{"timestamp":"2026-03-30T00:11:55.980868Z","level":"info","event":"Sleeping for 9.43 seconds...","logger":"task.stdout"}
{"timestamp":"2026-03-30T01:16:39.863572Z","level":"info","event":"Fetching description for: https://ca.linkedin.com/jobs/view/solution-archite...","logger":"task.stdout"}
{"timestamp":"2026-03-30T01:16:40.854898Z","level":"info","event":"Sleeping for 9.45 seconds...","logger":"task.stdout"}
{"timestamp":"2026-03-30T01:16:50.307455Z","level":"info","event":"Fetching description for: https://ca.linkedin.com/jobs/view/architecte-de-so...","logger":"task.stdout"}
