{"timestamp":"2026-04-05T10:02:41.322588Z","level":"info","event":"Stats instance was created in PID 6 but accessed in PID 108. Re-initializing.","logger":"airflow.stats","filename":"stats.py","lineno":57}
{"timestamp":"2026-04-05T10:02:41.335027Z","level":"info","event":"DAG bundles loaded: dags-folder","logger":"airflow.dag_processing.bundles.manager.DagBundlesManager","filename":"manager.py","lineno":179}
{"timestamp":"2026-04-05T10:02:41.335988Z","level":"info","event":"Filling up the DagBag from /opt/airflow/dags/linkedin_pipeline.py","logger":"airflow.models.dagbag.BundleDagBag","filename":"dagbag.py","lineno":593}
{"timestamp":"2026-04-05T10:02:42.782159Z","level":"info","event":"Starting Job Description enrichment process...","logger":"task.stdout"}
{"timestamp":"2026-04-05T10:02:42.800548Z","level":"info","event":"Starting enrichment for 13 jobs...","logger":"task.stdout"}
{"timestamp":"2026-04-05T10:02:42.800820Z","level":"info","event":"Fetching description for: https://ca.linkedin.com/jobs/view/analyste-fonctio...","logger":"task.stdout"}
{"timestamp":"2026-04-05T10:02:44.128125Z","level":"info","event":"Sleeping for 6.02 seconds...","logger":"task.stdout"}
{"timestamp":"2026-04-05T10:02:50.160153Z","level":"info","event":"Fetching description for: https://ca.linkedin.com/jobs/view/data-developer-t...","logger":"task.stdout"}
{"timestamp":"2026-04-05T10:02:51.250337Z","level":"info","event":"Sleeping for 5.89 seconds...","logger":"task.stdout"}
{"timestamp":"2026-04-05T10:02:57.139660Z","level":"info","event":"Fetching description for: https://ca.linkedin.com/jobs/view/expert-en-scienc...","logger":"task.stdout"}
{"timestamp":"2026-04-05T10:02:58.075572Z","level":"info","event":"Sleeping for 11.69 seconds...","logger":"task.stdout"}
{"timestamp":"2026-04-05T10:03:09.771991Z","level":"info","event":"Fetching description for: https://ca.linkedin.com/jobs/view/conseiller-%C3%A...","logger":"task.stdout"}
{"timestamp":"2026-04-05T10:03:11.466970Z","level":"info","event":"Sleeping for 6.60 seconds...","logger":"task.stdout"}
{"timestamp":"2026-04-05T10:03:18.067869Z","level":"info","event":"Fetching description for: https://ca.linkedin.com/jobs/view/analyste-en-gouv...","logger":"task.stdout"}
{"timestamp":"2026-04-05T10:03:19.115090Z","level":"info","event":"Sleeping for 8.34 seconds...","logger":"task.stdout"}
{"timestamp":"2026-04-05T10:03:27.457029Z","level":"info","event":"Fetching description for: https://ca.linkedin.com/jobs/view/senior-data-engi...","logger":"task.stdout"}
{"timestamp":"2026-04-05T10:03:28.917014Z","level":"info","event":"Sleeping for 6.12 seconds...","logger":"task.stdout"}
{"timestamp":"2026-04-05T10:03:35.041446Z","level":"info","event":"Fetching description for: https://ca.linkedin.com/jobs/view/analyste-fonctio...","logger":"task.stdout"}
{"timestamp":"2026-04-05T10:03:36.055495Z","level":"info","event":"Sleeping for 8.45 seconds...","logger":"task.stdout"}
{"timestamp":"2026-04-05T10:03:44.507328Z","level":"info","event":"Fetching description for: https://ca.linkedin.com/jobs/view/civil-engineerin...","logger":"task.stdout"}
{"timestamp":"2026-04-05T10:03:46.030103Z","level":"info","event":"Sleeping for 6.71 seconds...","logger":"task.stdout"}
{"timestamp":"2026-04-05T10:03:52.743552Z","level":"info","event":"Fetching description for: https://ca.linkedin.com/jobs/view/project-engineer...","logger":"task.stdout"}
{"timestamp":"2026-04-05T10:03:53.923959Z","level":"info","event":"Sleeping for 7.43 seconds...","logger":"task.stdout"}
{"timestamp":"2026-04-05T10:04:01.353499Z","level":"info","event":"Fetching description for: https://ca.linkedin.com/jobs/view/site-supervision...","logger":"task.stdout"}
{"timestamp":"2026-04-05T10:04:02.106503Z","level":"info","event":"Sleeping for 8.62 seconds...","logger":"task.stdout"}
{"timestamp":"2026-04-05T10:04:10.735380Z","level":"info","event":"Fetching description for: https://ca.linkedin.com/jobs/view/planificateur-ri...","logger":"task.stdout"}
{"timestamp":"2026-04-05T10:04:12.083165Z","level":"info","event":"Sleeping for 11.28 seconds...","logger":"task.stdout"}
{"timestamp":"2026-04-05T10:04:23.365757Z","level":"info","event":"Fetching description for: https://ca.linkedin.com/jobs/view/architect-rapid-...","logger":"task.stdout"}
{"timestamp":"2026-04-05T10:04:24.036878Z","level":"info","event":"Sleeping for 7.64 seconds...","logger":"task.stdout"}
{"timestamp":"2026-04-05T10:04:31.679604Z","level":"info","event":"Fetching description for: https://ca.linkedin.com/jobs/view/data-governance-...","logger":"task.stdout"}
{"timestamp":"2026-04-05T10:04:32.671938Z","level":"info","event":"Sleeping for 9.85 seconds...","logger":"task.stdout"}
{"timestamp":"2026-04-05T10:04:42.534075Z","level":"info","event":"Job Description enrichment complete.","logger":"task.stdout"}
{"timestamp":"2026-04-05T10:04:42.540745Z","level":"info","event":"Done. Returned value was: None","logger":"airflow.task.operators.airflow.providers.standard.operators.python.PythonOperator","filename":"python.py","lineno":230}
