{"timestamp":"2026-04-15T17:10:05.402335Z","level":"info","event":"Stats instance was created in PID 7 but accessed in PID 1758. Re-initializing.","logger":"airflow.stats","filename":"stats.py","lineno":57}
{"timestamp":"2026-04-15T17:10:05.416042Z","level":"info","event":"DAG bundles loaded: dags-folder","logger":"airflow.dag_processing.bundles.manager.DagBundlesManager","filename":"manager.py","lineno":179}
{"timestamp":"2026-04-15T17:10:05.417080Z","level":"info","event":"Filling up the DagBag from /opt/airflow/dags/linkedin_pipeline.py","logger":"airflow.models.dagbag.BundleDagBag","filename":"dagbag.py","lineno":593}
{"timestamp":"2026-04-15T17:10:07.221529Z","level":"info","event":"Starting Job Description enrichment process...","logger":"task.stdout"}
{"timestamp":"2026-04-15T17:10:07.236159Z","level":"info","event":"Starting enrichment for 64 jobs...","logger":"root","filename":"bronze_raw.py","lineno":207}
{"timestamp":"2026-04-15T17:10:07.236483Z","level":"info","event":"Fetching description for: https://fr.linkedin.com/jobs/view/sfe-and-bi-train...","logger":"root","filename":"bronze_raw.py","lineno":212}
{"timestamp":"2026-04-15T17:10:19.703273Z","level":"info","event":"Fetching description for: https://fr.linkedin.com/jobs/view/senior-data-engi...","logger":"root","filename":"bronze_raw.py","lineno":212}
{"timestamp":"2026-04-15T17:10:27.353103Z","level":"info","event":"Fetching description for: https://fr.linkedin.com/jobs/view/consultant-micro...","logger":"root","filename":"bronze_raw.py","lineno":212}
{"timestamp":"2026-04-15T17:10:38.470736Z","level":"info","event":"Fetching description for: https://fr.linkedin.com/jobs/view/data-architect-e...","logger":"root","filename":"bronze_raw.py","lineno":212}
{"timestamp":"2026-04-15T17:10:46.261247Z","level":"info","event":"Fetching description for: https://fr.linkedin.com/jobs/view/senior-data-engi...","logger":"root","filename":"bronze_raw.py","lineno":212}
{"timestamp":"2026-04-15T17:10:53.812767Z","level":"info","event":"Fetching description for: https://fr.linkedin.com/jobs/view/consultant-micro...","logger":"root","filename":"bronze_raw.py","lineno":212}
{"timestamp":"2026-04-15T17:11:02.375375Z","level":"info","event":"Fetching description for: https://fr.linkedin.com/jobs/view/data-engineer-se...","logger":"root","filename":"bronze_raw.py","lineno":212}
{"timestamp":"2026-04-15T17:11:10.938968Z","level":"info","event":"Fetching description for: https://fr.linkedin.com/jobs/view/lead-dev-data-an...","logger":"root","filename":"bronze_raw.py","lineno":212}
{"timestamp":"2026-04-15T17:11:22.525642Z","level":"info","event":"Fetching description for: https://fr.linkedin.com/jobs/view/data-engineer-se...","logger":"root","filename":"bronze_raw.py","lineno":212}
{"timestamp":"2026-04-15T17:11:31.051642Z","level":"info","event":"Fetching description for: https://fr.linkedin.com/jobs/view/business-develop...","logger":"root","filename":"bronze_raw.py","lineno":212}
{"timestamp":"2026-04-15T17:11:38.468169Z","level":"info","event":"Fetching description for: https://fr.linkedin.com/jobs/view/consultant-e-sen...","logger":"root","filename":"bronze_raw.py","lineno":212}
{"timestamp":"2026-04-15T17:11:45.090920Z","level":"info","event":"Fetching description for: https://fr.linkedin.com/jobs/view/data-engineer-%E...","logger":"root","filename":"bronze_raw.py","lineno":212}
{"timestamp":"2026-04-15T17:11:52.131148Z","level":"info","event":"Fetching description for: https://fr.linkedin.com/jobs/view/data-engineer-h-...","logger":"root","filename":"bronze_raw.py","lineno":212}
{"timestamp":"2026-04-15T17:11:59.350112Z","level":"info","event":"Fetching description for: https://fr.linkedin.com/jobs/view/data-engineer-py...","logger":"root","filename":"bronze_raw.py","lineno":212}
{"timestamp":"2026-04-15T17:12:08.774172Z","level":"info","event":"Fetching description for: https://fr.linkedin.com/jobs/view/alternant-e-data...","logger":"root","filename":"bronze_raw.py","lineno":212}
{"timestamp":"2026-04-15T17:12:21.322793Z","level":"info","event":"Fetching description for: https://fr.linkedin.com/jobs/view/ing%C3%A9nieur-d...","logger":"root","filename":"bronze_raw.py","lineno":212}
{"timestamp":"2026-04-15T17:12:30.561880Z","level":"info","event":"Fetching description for: https://fr.linkedin.com/jobs/view/data-engineer-at...","logger":"root","filename":"bronze_raw.py","lineno":212}
{"timestamp":"2026-04-15T17:12:39.273726Z","level":"info","event":"Fetching description for: https://fr.linkedin.com/jobs/view/data-engineer-h-...","logger":"root","filename":"bronze_raw.py","lineno":212}
{"timestamp":"2026-04-15T17:12:52.531719Z","level":"info","event":"Fetching description for: https://fr.linkedin.com/jobs/view/data-engineer-ly...","logger":"root","filename":"bronze_raw.py","lineno":212}
{"timestamp":"2026-04-15T17:13:04.385989Z","level":"info","event":"Fetching description for: https://fr.linkedin.com/jobs/view/freelance-data-s...","logger":"root","filename":"bronze_raw.py","lineno":212}
{"timestamp":"2026-04-15T17:13:14.161708Z","level":"info","event":"Fetching description for: https://fr.linkedin.com/jobs/view/data-analyst-h-f...","logger":"root","filename":"bronze_raw.py","lineno":212}
{"timestamp":"2026-04-15T17:13:20.571848Z","level":"info","event":"Fetching description for: https://fr.linkedin.com/jobs/view/consultant-data-...","logger":"root","filename":"bronze_raw.py","lineno":212}
{"timestamp":"2026-04-15T17:13:30.784967Z","level":"info","event":"Fetching description for: https://fr.linkedin.com/jobs/view/data-engineer-da...","logger":"root","filename":"bronze_raw.py","lineno":212}
{"timestamp":"2026-04-15T17:13:40.096734Z","level":"info","event":"Fetching description for: https://fr.linkedin.com/jobs/view/ing%C3%A9nieur-d...","logger":"root","filename":"bronze_raw.py","lineno":212}
{"timestamp":"2026-04-15T17:13:52.935924Z","level":"info","event":"Fetching description for: https://fr.linkedin.com/jobs/view/data-engineer-py...","logger":"root","filename":"bronze_raw.py","lineno":212}
{"timestamp":"2026-04-15T17:14:03.169987Z","level":"info","event":"Fetching description for: https://fr.linkedin.com/jobs/view/data-engineer-sn...","logger":"root","filename":"bronze_raw.py","lineno":212}
{"timestamp":"2026-04-15T17:14:13.509967Z","level":"info","event":"Fetching description for: https://fr.linkedin.com/jobs/view/data-engineer-%E...","logger":"root","filename":"bronze_raw.py","lineno":212}
{"timestamp":"2026-04-15T17:14:24.049905Z","level":"info","event":"Fetching description for: https://fr.linkedin.com/jobs/view/ingenieur-en-ana...","logger":"root","filename":"bronze_raw.py","lineno":212}
{"timestamp":"2026-04-15T17:14:33.233566Z","level":"info","event":"Fetching description for: https://fr.linkedin.com/jobs/view/data-engineer-gc...","logger":"root","filename":"bronze_raw.py","lineno":212}
{"timestamp":"2026-04-15T17:14:41.618726Z","level":"info","event":"Fetching description for: https://fr.linkedin.com/jobs/view/consultant-data-...","logger":"root","filename":"bronze_raw.py","lineno":212}
{"timestamp":"2026-04-15T17:14:52.828111Z","level":"info","event":"Fetching description for: https://fr.linkedin.com/jobs/view/data-analyst-h-f...","logger":"root","filename":"bronze_raw.py","lineno":212}
{"timestamp":"2026-04-15T17:15:04.630382Z","level":"info","event":"Fetching description for: https://fr.linkedin.com/jobs/view/data-scientist-f...","logger":"root","filename":"bronze_raw.py","lineno":212}
{"timestamp":"2026-04-15T17:15:16.048643Z","level":"info","event":"Fetching description for: https://fr.linkedin.com/jobs/view/lead-analytics-e...","logger":"root","filename":"bronze_raw.py","lineno":212}
{"timestamp":"2026-04-15T17:15:23.613252Z","level":"info","event":"Fetching description for: https://fr.linkedin.com/jobs/view/consultant-data-...","logger":"root","filename":"bronze_raw.py","lineno":212}
{"timestamp":"2026-04-15T17:15:31.496478Z","level":"info","event":"Fetching description for: https://fr.linkedin.com/jobs/view/alternant-data-a...","logger":"root","filename":"bronze_raw.py","lineno":212}
{"timestamp":"2026-04-15T17:15:39.344332Z","level":"info","event":"Fetching description for: https://fr.linkedin.com/jobs/view/data-analyst-dea...","logger":"root","filename":"bronze_raw.py","lineno":212}
{"timestamp":"2026-04-15T17:15:46.478593Z","level":"info","event":"Fetching description for: https://fr.linkedin.com/jobs/view/data-ing%C3%A9ni...","logger":"root","filename":"bronze_raw.py","lineno":212}
{"timestamp":"2026-04-15T17:15:57.140748Z","level":"info","event":"Fetching description for: https://fr.linkedin.com/jobs/view/formateur%E2%80%...","logger":"root","filename":"bronze_raw.py","lineno":212}
{"timestamp":"2026-04-15T17:16:05.277380Z","level":"info","event":"Fetching description for: https://fr.linkedin.com/jobs/view/data-engineer-sn...","logger":"root","filename":"bronze_raw.py","lineno":212}
{"timestamp":"2026-04-15T17:16:12.072807Z","level":"info","event":"Fetching description for: https://fr.linkedin.com/jobs/view/datascientist-fi...","logger":"root","filename":"bronze_raw.py","lineno":212}
{"timestamp":"2026-04-15T17:16:19.279172Z","level":"info","event":"Fetching description for: https://fr.linkedin.com/jobs/view/data-scientist-a...","logger":"root","filename":"bronze_raw.py","lineno":212}
{"timestamp":"2026-04-15T17:16:31.906976Z","level":"info","event":"Fetching description for: https://fr.linkedin.com/jobs/view/spontaneous-appl...","logger":"root","filename":"bronze_raw.py","lineno":212}
{"timestamp":"2026-04-15T17:16:43.648741Z","level":"info","event":"Fetching description for: https://fr.linkedin.com/jobs/view/data-scientist-e...","logger":"root","filename":"bronze_raw.py","lineno":212}
{"timestamp":"2026-04-15T17:16:50.602544Z","level":"info","event":"Fetching description for: https://fr.linkedin.com/jobs/view/lead-data-engine...","logger":"root","filename":"bronze_raw.py","lineno":212}
{"timestamp":"2026-04-15T17:17:02.103135Z","level":"info","event":"Fetching description for: https://fr.linkedin.com/jobs/view/apprenticeship-1...","logger":"root","filename":"bronze_raw.py","lineno":212}
{"timestamp":"2026-04-15T17:17:11.566092Z","level":"info","event":"Fetching description for: https://fr.linkedin.com/jobs/view/analyste-de-donn...","logger":"root","filename":"bronze_raw.py","lineno":212}
{"timestamp":"2026-04-15T17:17:17.832028Z","level":"info","event":"Fetching description for: https://fr.linkedin.com/jobs/view/consultant-data-...","logger":"root","filename":"bronze_raw.py","lineno":212}
{"timestamp":"2026-04-15T17:17:26.025641Z","level":"info","event":"Fetching description for: https://fr.linkedin.com/jobs/view/ai-trainer-freel...","logger":"root","filename":"bronze_raw.py","lineno":212}
{"timestamp":"2026-04-15T17:17:33.861781Z","level":"info","event":"Fetching description for: https://fr.linkedin.com/jobs/view/data-analyst-con...","logger":"root","filename":"bronze_raw.py","lineno":212}
{"timestamp":"2026-04-15T17:17:43.461717Z","level":"info","event":"Fetching description for: https://fr.linkedin.com/jobs/view/alternance-chef-...","logger":"root","filename":"bronze_raw.py","lineno":212}
{"timestamp":"2026-04-15T17:17:51.501085Z","level":"info","event":"Fetching description for: https://fr.linkedin.com/jobs/view/consultant-data-...","logger":"root","filename":"bronze_raw.py","lineno":212}
{"timestamp":"2026-04-15T17:18:00.869941Z","level":"info","event":"Fetching description for: https://fr.linkedin.com/jobs/view/software-enginee...","logger":"root","filename":"bronze_raw.py","lineno":212}
{"timestamp":"2026-04-15T17:18:08.056665Z","level":"info","event":"Fetching description for: https://fr.linkedin.com/jobs/view/intern-software-...","logger":"root","filename":"bronze_raw.py","lineno":212}
{"timestamp":"2026-04-15T17:18:20.672988Z","level":"info","event":"Fetching description for: https://fr.linkedin.com/jobs/view/data-engineer-at...","logger":"root","filename":"bronze_raw.py","lineno":212}
{"timestamp":"2026-04-15T17:18:32.562861Z","level":"info","event":"Fetching description for: https://fr.linkedin.com/jobs/view/graduate-ai-soft...","logger":"root","filename":"bronze_raw.py","lineno":212}
{"timestamp":"2026-04-15T17:18:44.046872Z","level":"info","event":"Fetching description for: https://fr.linkedin.com/jobs/view/graduate-softwar...","logger":"root","filename":"bronze_raw.py","lineno":212}
{"timestamp":"2026-04-15T17:18:56.542812Z","level":"info","event":"Fetching description for: https://fr.linkedin.com/jobs/view/data-engineer-%E...","logger":"root","filename":"bronze_raw.py","lineno":212}
{"timestamp":"2026-04-15T17:19:06.103539Z","level":"info","event":"Fetching description for: https://fr.linkedin.com/jobs/view/alternance-softw...","logger":"root","filename":"bronze_raw.py","lineno":212}
{"timestamp":"2026-04-15T17:19:18.611813Z","level":"info","event":"Fetching description for: https://fr.linkedin.com/jobs/view/alternant-e-inge...","logger":"root","filename":"bronze_raw.py","lineno":212}
{"timestamp":"2026-04-15T17:19:31.282661Z","level":"info","event":"Fetching description for: https://fr.linkedin.com/jobs/view/stage-d%C3%A9vel...","logger":"root","filename":"bronze_raw.py","lineno":212}
{"timestamp":"2026-04-15T17:19:43.320351Z","level":"info","event":"Fetching description for: https://fr.linkedin.com/jobs/view/stage-analyste-d...","logger":"root","filename":"bronze_raw.py","lineno":212}
{"timestamp":"2026-04-15T17:19:51.234585Z","level":"info","event":"Fetching description for: https://fr.linkedin.com/jobs/view/alternance-ing%C...","logger":"root","filename":"bronze_raw.py","lineno":212}
{"timestamp":"2026-04-15T17:20:01.192924Z","level":"info","event":"Fetching description for: https://fr.linkedin.com/jobs/view/alternance-ing%C...","logger":"root","filename":"bronze_raw.py","lineno":212}
{"timestamp":"2026-04-15T17:20:12.301478Z","level":"info","event":"Fetching description for: https://fr.linkedin.com/jobs/view/data-modeler-et-...","logger":"root","filename":"bronze_raw.py","lineno":212}
{"timestamp":"2026-04-15T17:20:20.704581Z","level":"info","event":"Job Description enrichment complete.","logger":"task.stdout"}
{"timestamp":"2026-04-15T17:20:20.711964Z","level":"info","event":"Done. Returned value was: None","logger":"airflow.task.operators.airflow.providers.standard.operators.python.PythonOperator","filename":"python.py","lineno":230}
