{"timestamp":"2026-04-01T08:42:51.706092Z","level":"info","event":"Stats instance was created in PID 7 but accessed in PID 5851. Re-initializing.","logger":"airflow.stats","filename":"stats.py","lineno":57}
{"timestamp":"2026-04-01T08:42:51.720032Z","level":"info","event":"DAG bundles loaded: dags-folder","logger":"airflow.dag_processing.bundles.manager.DagBundlesManager","filename":"manager.py","lineno":179}
{"timestamp":"2026-04-01T08:42:51.720756Z","level":"info","event":"Filling up the DagBag from /opt/airflow/dags/linkedin_pipeline.py","logger":"airflow.models.dagbag.BundleDagBag","filename":"dagbag.py","lineno":593}
{"timestamp":"2026-04-01T08:42:53.395835Z","level":"info","event":"Starting Batch Company Enrichment (Silver Layer)...","logger":"task.stdout"}
{"timestamp":"2026-04-01T08:42:53.489347Z","level":"info","event":"Found 29 unique companies in the database.","logger":"task.stdout"}
{"timestamp":"2026-04-01T08:42:53.498539Z","level":"info","event":"INFO - Gathering data for: LGS, an IBM Company","logger":"task.stdout"}
{"timestamp":"2026-04-01T08:42:55.692029Z","level":"info","event":"INFO - Gathering data for: Bentley Systems","logger":"task.stdout"}
{"timestamp":"2026-04-01T08:42:58.404900Z","level":"info","event":"INFO - Gathering data for: Exposant 3","logger":"task.stdout"}
{"timestamp":"2026-04-01T08:43:01.225900Z","level":"info","event":"INFO - Gathering data for: Investissement Québec","logger":"task.stdout"}
{"timestamp":"2026-04-01T08:43:04.392097Z","level":"info","event":"INFO - Gathering data for: SUSE","logger":"task.stdout"}
{"timestamp":"2026-04-01T08:43:07.652128Z","level":"info","event":"INFO - Gathering data for: HumanSignal","logger":"task.stdout"}
{"timestamp":"2026-04-01T08:43:10.410952Z","level":"info","event":"INFO - Gathering data for: Ubisoft","logger":"task.stdout"}
{"timestamp":"2026-04-01T08:43:13.195712Z","level":"info","event":"INFO - Gathering data for: GSK","logger":"task.stdout"}
{"timestamp":"2026-04-01T08:43:15.576295Z","level":"info","event":"INFO - Gathering data for: iA Financial Group (Industrial Alliance)","logger":"task.stdout"}
{"timestamp":"2026-04-01T08:43:17.710437Z","level":"info","event":"Found 9 companies to enrich. Starting AI batches...","logger":"task.stdout"}
{"timestamp":"2026-04-01T08:43:17.711198Z","level":"info","event":"Processing company batch 1...","logger":"task.stdout"}
{"timestamp":"2026-04-01T08:43:17.712258Z","level":"info","event":"AFC is enabled with max remote calls: 10.","logger":"google_genai.models","filename":"models.py","lineno":5701}
{"timestamp":"2026-04-01T08:43:48.452784Z","level":"info","event":"Processing company batch 2...","logger":"task.stdout"}
{"timestamp":"2026-04-01T08:43:48.455474Z","level":"info","event":"AFC is enabled with max remote calls: 10.","logger":"google_genai.models","filename":"models.py","lineno":5701}
{"timestamp":"2026-04-01T08:44:30.995214Z","level":"info","event":"Saving 9 newly enriched companies...","logger":"task.stdout"}
{"timestamp":"2026-04-01T08:44:31.006362Z","level":"info","event":"Saving 29 enriched companies to the database...","logger":"task.stdout"}
{"timestamp":"2026-04-01T08:44:31.106944Z","level":"info","event":"Silver layer successfully updated! ✅","logger":"task.stdout"}
{"timestamp":"2026-04-01T08:44:31.119293Z","level":"info","event":"Done. Returned value was: None","logger":"airflow.task.operators.airflow.providers.standard.operators.python.PythonOperator","filename":"python.py","lineno":230}
