{"timestamp":"2026-03-30T15:52:46.188382Z","level":"info","event":"Stats instance was created in PID 7 but accessed in PID 127. Re-initializing.","logger":"airflow.stats","filename":"stats.py","lineno":57}
{"timestamp":"2026-03-30T15:52:46.787411Z","level":"info","event":"DAG bundles loaded: dags-folder, example_dags","logger":"airflow.dag_processing.bundles.manager.DagBundlesManager","filename":"manager.py","lineno":179}
{"timestamp":"2026-03-30T15:52:46.789680Z","level":"info","event":"Filling up the DagBag from /opt/airflow/dags/linkedin_pipeline.py","logger":"airflow.models.dagbag.BundleDagBag","filename":"dagbag.py","lineno":593}
{"timestamp":"2026-03-30T15:52:48.485262Z","level":"info","event":"Task instance is in running state","logger":"task.stdout"}
{"timestamp":"2026-03-30T15:52:48.487219Z","level":"info","event":" Previous state of the Task instance: TaskInstanceState.QUEUED","logger":"task.stdout"}
{"timestamp":"2026-03-30T15:52:48.490213Z","level":"info","event":"Current task name:fetch_and_load_bronze","logger":"task.stdout"}
{"timestamp":"2026-03-30T15:52:48.490772Z","level":"info","event":"Dag name:linkedin_bronze_to_silver","logger":"task.stdout"}
{"timestamp":"2026-03-30T15:52:48.491508Z","level":"info","event":"--- Fetching Data Engineer ---","logger":"task.stdout"}
{"timestamp":"2026-03-30T15:53:01.169976Z","level":"info","event":"--- Fetching Ingénieur de données ---","logger":"task.stdout"}
{"timestamp":"2026-03-30T15:53:10.362970Z","level":"info","event":"--- Fetching Data Architect ---","logger":"task.stdout"}
{"timestamp":"2026-03-30T15:53:20.614731Z","level":"info","event":"Removed 0 duplicate jobs before inserting.","logger":"task.stdout"}
{"timestamp":"2026-03-30T15:53:20.799839Z","level":"info","event":"Error in database insertion: (psycopg2.errors.UndefinedColumn) column \"workplace_type\" of relation \"raw_jobs\" does not exist","logger":"task.stdout"}
{"timestamp":"2026-03-30T15:53:20.800291Z","level":"info","event":"LINE 2: ...O raw_jobs (title, company, location, link, date, workplace_...","logger":"task.stdout"}
{"timestamp":"2026-03-30T15:53:20.800575Z","level":"info","event":"                                                             ^","logger":"task.stdout"}
{"timestamp":"2026-03-30T15:53:20.800775Z","level":"info","event":"","logger":"task.stdout"}
{"timestamp":"2026-03-30T15:53:20.800966Z","level":"info","event":"[SQL:","logger":"task.stdout"}
{"timestamp":"2026-03-30T15:53:20.801094Z","level":"info","event":"            INSERT INTO raw_jobs (title, company, location, link, date, workplace_type)","logger":"task.stdout"}
{"timestamp":"2026-03-30T15:53:20.801269Z","level":"info","event":"            SELECT title, company, location, link, date, workplace_type FROM temp_jobs","logger":"task.stdout"}
{"timestamp":"2026-03-30T15:53:20.801407Z","level":"info","event":"            ON CONFLICT (link) DO UPDATE SET","logger":"task.stdout"}
{"timestamp":"2026-03-30T15:53:20.801572Z","level":"info","event":"                title = EXCLUDED.title,","logger":"task.stdout"}
{"timestamp":"2026-03-30T15:53:20.801704Z","level":"info","event":"                company = EXCLUDED.company,","logger":"task.stdout"}
{"timestamp":"2026-03-30T15:53:20.801854Z","level":"info","event":"                location = EXCLUDED.location,","logger":"task.stdout"}
{"timestamp":"2026-03-30T15:53:20.802010Z","level":"info","event":"                date = EXCLUDED.date,","logger":"task.stdout"}
{"timestamp":"2026-03-30T15:53:20.802173Z","level":"info","event":"                workplace_type = EXCLUDED.workplace_type;","logger":"task.stdout"}
{"timestamp":"2026-03-30T15:53:20.802596Z","level":"info","event":"            ]","logger":"task.stdout"}
{"timestamp":"2026-03-30T15:53:20.802819Z","level":"info","event":"(Background on this error at: https://sqlalche.me/e/20/f405)","logger":"task.stdout"}
{"timestamp":"2026-03-30T15:53:20.803032Z","level":"info","event":"Saved 50 unique jobs to the Bronze layer.","logger":"task.stdout"}
{"timestamp":"2026-03-30T15:53:20.801456Z","level":"info","event":"Done. Returned value was: None","logger":"airflow.task.operators.airflow.providers.standard.operators.python.PythonOperator","filename":"python.py","lineno":230}
{"timestamp":"2026-03-30T15:53:20.844095Z","level":"info","event":"Task instance in success state","logger":"task.stdout"}
{"timestamp":"2026-03-30T15:53:20.844378Z","level":"info","event":" Previous state of the Task instance: TaskInstanceState.RUNNING","logger":"task.stdout"}
{"timestamp":"2026-03-30T15:53:20.846241Z","level":"info","event":"Task operator:<Task(PythonOperator): fetch_and_load_bronze>","logger":"task.stdout"}
