{"timestamp":"2026-04-01T12:29:03.757309Z","level":"info","event":"Stats instance was created in PID 7 but accessed in PID 8805. Re-initializing.","logger":"airflow.stats","filename":"stats.py","lineno":57}
{"timestamp":"2026-04-01T12:29:03.767350Z","level":"info","event":"DAG bundles loaded: dags-folder","logger":"airflow.dag_processing.bundles.manager.DagBundlesManager","filename":"manager.py","lineno":179}
{"timestamp":"2026-04-01T12:29:03.768028Z","level":"info","event":"Filling up the DagBag from /opt/airflow/dags/linkedin_pipeline.py","logger":"airflow.models.dagbag.BundleDagBag","filename":"dagbag.py","lineno":593}
{"timestamp":"2026-04-01T12:29:05.137444Z","level":"info","event":"Starting Job Description enrichment process...","logger":"task.stdout"}
{"timestamp":"2026-04-01T12:29:05.150248Z","level":"info","event":"Starting enrichment for 11 jobs...","logger":"task.stdout"}
{"timestamp":"2026-04-01T12:29:05.150432Z","level":"info","event":"Fetching description for: https://ca.linkedin.com/jobs/view/analyste-en-gouv...","logger":"task.stdout"}
{"timestamp":"2026-04-01T12:29:06.185275Z","level":"info","event":"Sleeping for 5.66 seconds...","logger":"task.stdout"}
{"timestamp":"2026-04-01T12:29:11.844328Z","level":"info","event":"Fetching description for: https://ca.linkedin.com/jobs/view/electrical-road-...","logger":"task.stdout"}
{"timestamp":"2026-04-01T12:29:12.937608Z","level":"info","event":"Sleeping for 7.16 seconds...","logger":"task.stdout"}
{"timestamp":"2026-04-01T12:29:20.095563Z","level":"info","event":"Fetching description for: https://ca.linkedin.com/jobs/view/planificateur-ri...","logger":"task.stdout"}
{"timestamp":"2026-04-01T12:29:21.666166Z","level":"info","event":"Sleeping for 6.37 seconds...","logger":"task.stdout"}
{"timestamp":"2026-04-01T12:29:28.036896Z","level":"info","event":"Fetching description for: https://ca.linkedin.com/jobs/view/ing%C3%A9nieur-e...","logger":"task.stdout"}
{"timestamp":"2026-04-01T12:29:29.368067Z","level":"info","event":"Sleeping for 9.49 seconds...","logger":"task.stdout"}
{"timestamp":"2026-04-01T12:29:38.856648Z","level":"info","event":"Fetching description for: https://ca.linkedin.com/jobs/view/ing%C3%A9nieur-e...","logger":"task.stdout"}
{"timestamp":"2026-04-01T12:29:40.156950Z","level":"info","event":"Sleeping for 11.71 seconds...","logger":"task.stdout"}
{"timestamp":"2026-04-01T12:29:51.873938Z","level":"info","event":"Fetching description for: https://ca.linkedin.com/jobs/view/scientifique-de-...","logger":"task.stdout"}
{"timestamp":"2026-04-01T12:29:52.985391Z","level":"info","event":"Sleeping for 6.90 seconds...","logger":"task.stdout"}
{"timestamp":"2026-04-01T12:29:59.890688Z","level":"info","event":"Fetching description for: https://ca.linkedin.com/jobs/view/building-electri...","logger":"task.stdout"}
{"timestamp":"2026-04-01T12:30:00.974465Z","level":"info","event":"Sleeping for 8.35 seconds...","logger":"task.stdout"}
{"timestamp":"2026-04-01T12:30:09.328416Z","level":"info","event":"Fetching description for: https://ca.linkedin.com/jobs/view/scientifique-en-...","logger":"task.stdout"}
{"timestamp":"2026-04-01T12:30:10.791876Z","level":"info","event":"Sleeping for 8.87 seconds...","logger":"task.stdout"}
{"timestamp":"2026-04-01T12:30:19.664036Z","level":"info","event":"Fetching description for: https://ca.linkedin.com/jobs/view/ing%C3%A9nieur-e...","logger":"task.stdout"}
{"timestamp":"2026-04-01T12:30:20.701584Z","level":"info","event":"Sleeping for 7.76 seconds...","logger":"task.stdout"}
{"timestamp":"2026-04-01T12:30:28.461641Z","level":"info","event":"Fetching description for: https://ca.linkedin.com/jobs/view/analyste-d%E2%80...","logger":"task.stdout"}
{"timestamp":"2026-04-01T12:30:29.439088Z","level":"info","event":"Sleeping for 10.70 seconds...","logger":"task.stdout"}
{"timestamp":"2026-04-01T12:30:40.139477Z","level":"info","event":"Fetching description for: https://ca.linkedin.com/jobs/view/senior-engineer-...","logger":"task.stdout"}
{"timestamp":"2026-04-01T12:30:41.361867Z","level":"info","event":"Sleeping for 6.27 seconds...","logger":"task.stdout"}
{"timestamp":"2026-04-01T12:30:47.639570Z","level":"info","event":"Job Description enrichment complete.","logger":"task.stdout"}
{"timestamp":"2026-04-01T12:30:47.645512Z","level":"info","event":"Done. Returned value was: None","logger":"airflow.task.operators.airflow.providers.standard.operators.python.PythonOperator","filename":"python.py","lineno":230}
