{"timestamp":"2026-04-01T18:29:10.232746Z","level":"info","event":"Stats instance was created in PID 6 but accessed in PID 140. Re-initializing.","logger":"airflow.stats","filename":"stats.py","lineno":57}
{"timestamp":"2026-04-01T18:29:10.245079Z","level":"info","event":"DAG bundles loaded: dags-folder","logger":"airflow.dag_processing.bundles.manager.DagBundlesManager","filename":"manager.py","lineno":179}
{"timestamp":"2026-04-01T18:29:10.245742Z","level":"info","event":"Filling up the DagBag from /opt/airflow/dags/linkedin_pipeline.py","logger":"airflow.models.dagbag.BundleDagBag","filename":"dagbag.py","lineno":593}
{"timestamp":"2026-04-01T18:29:11.691658Z","level":"info","event":"Loaded 0 existing jobs from the database.","logger":"task.stdout"}
{"timestamp":"2026-04-01T18:29:11.692091Z","level":"info","event":"","logger":"task.stdout"}
{"timestamp":"2026-04-01T18:29:11.692338Z","level":"info","event":"--- Fetching new jobs for: Data Engineer ---","logger":"task.stdout"}
{"timestamp":"2026-04-01T18:29:11.692536Z","level":"info","event":"Scanning page 1...","logger":"task.stdout"}
{"timestamp":"2026-04-01T18:29:12.294811Z","level":"info","event":"  -> Page 1 had 10 NEW jobs. (Total for query: 10/50)","logger":"task.stdout"}
{"timestamp":"2026-04-01T18:29:17.326404Z","level":"info","event":"Scanning page 2...","logger":"task.stdout"}
{"timestamp":"2026-04-01T18:29:17.891692Z","level":"info","event":"  -> Page 2 had 10 NEW jobs. (Total for query: 20/50)","logger":"task.stdout"}
{"timestamp":"2026-04-01T18:29:22.466702Z","level":"info","event":"Scanning page 3...","logger":"task.stdout"}
{"timestamp":"2026-04-01T18:29:23.105094Z","level":"info","event":"  -> Page 3 had 10 NEW jobs. (Total for query: 30/50)","logger":"task.stdout"}
{"timestamp":"2026-04-01T18:29:30.227019Z","level":"info","event":"Scanning page 4...","logger":"task.stdout"}
{"timestamp":"2026-04-01T18:29:30.764289Z","level":"info","event":"No more jobs found on LinkedIn for this query (End of results).","logger":"task.stdout"}
{"timestamp":"2026-04-01T18:29:30.764933Z","level":"info","event":"","logger":"task.stdout"}
{"timestamp":"2026-04-01T18:29:30.765289Z","level":"info","event":"--- Fetching new jobs for: Ingénieur de données ---","logger":"task.stdout"}
{"timestamp":"2026-04-01T18:29:30.765511Z","level":"info","event":"Scanning page 1...","logger":"task.stdout"}
{"timestamp":"2026-04-01T18:29:31.394797Z","level":"info","event":"  -> Page 1 had 5 NEW jobs. (Total for query: 5/50)","logger":"task.stdout"}
{"timestamp":"2026-04-01T18:29:36.139971Z","level":"info","event":"Scanning page 2...","logger":"task.stdout"}
{"timestamp":"2026-04-01T18:29:36.719583Z","level":"info","event":"  -> Page 2 had 7 NEW jobs. (Total for query: 12/50)","logger":"task.stdout"}
{"timestamp":"2026-04-01T18:29:44.094183Z","level":"info","event":"Scanning page 3...","logger":"task.stdout"}
{"timestamp":"2026-04-01T18:29:44.557928Z","level":"info","event":"No more jobs found on LinkedIn for this query (End of results).","logger":"task.stdout"}
{"timestamp":"2026-04-01T18:29:44.558229Z","level":"info","event":"","logger":"task.stdout"}
{"timestamp":"2026-04-01T18:29:44.558409Z","level":"info","event":"--- Fetching new jobs for: Data Architect ---","logger":"task.stdout"}
{"timestamp":"2026-04-01T18:29:44.558560Z","level":"info","event":"Scanning page 1...","logger":"task.stdout"}
{"timestamp":"2026-04-01T18:29:45.213824Z","level":"info","event":"  -> Page 1 had 9 NEW jobs. (Total for query: 9/50)","logger":"task.stdout"}
{"timestamp":"2026-04-01T18:29:51.205571Z","level":"info","event":"Scanning page 2...","logger":"task.stdout"}
{"timestamp":"2026-04-01T18:29:51.748899Z","level":"info","event":"No more jobs found on LinkedIn for this query (End of results).","logger":"task.stdout"}
{"timestamp":"2026-04-01T18:29:51.825462Z","level":"info","event":"Error in database insertion: (psycopg2.OperationalError) connection to server at \"postgres\" (172.21.0.5), port 5432 failed: FATAL:  password authentication failed for user \"USER1\"","logger":"task.stdout"}
{"timestamp":"2026-04-01T18:29:51.826399Z","level":"info","event":"","logger":"task.stdout"}
{"timestamp":"2026-04-01T18:29:51.826614Z","level":"info","event":"(Background on this error at: https://sqlalche.me/e/20/e3q8)","logger":"task.stdout"}
{"timestamp":"2026-04-01T18:29:51.826773Z","level":"info","event":"","logger":"task.stdout"}
{"timestamp":"2026-04-01T18:29:51.826916Z","level":"info","event":"✅ Success: Saved 51 completely NEW jobs to the Bronze layer.","logger":"task.stdout"}
{"timestamp":"2026-04-01T18:29:51.826346Z","level":"info","event":"Done. Returned value was: None","logger":"airflow.task.operators.airflow.providers.standard.operators.python.PythonOperator","filename":"python.py","lineno":230}
