{"timestamp":"2026-04-01T18:26:51.887341Z","level":"info","event":"Stats instance was created in PID 6 but accessed in PID 100. Re-initializing.","logger":"airflow.stats","filename":"stats.py","lineno":57}
{"timestamp":"2026-04-01T18:26:51.903446Z","level":"info","event":"DAG bundles loaded: dags-folder","logger":"airflow.dag_processing.bundles.manager.DagBundlesManager","filename":"manager.py","lineno":179}
{"timestamp":"2026-04-01T18:26:51.904471Z","level":"info","event":"Filling up the DagBag from /opt/airflow/dags/linkedin_pipeline.py","logger":"airflow.models.dagbag.BundleDagBag","filename":"dagbag.py","lineno":593}
{"timestamp":"2026-04-01T18:26:53.788023Z","level":"info","event":"Loaded 0 existing jobs from the database.","logger":"task.stdout"}
{"timestamp":"2026-04-01T18:26:53.789074Z","level":"info","event":"","logger":"task.stdout"}
{"timestamp":"2026-04-01T18:26:53.789637Z","level":"info","event":"--- Fetching new jobs for: Data Engineer ---","logger":"task.stdout"}
{"timestamp":"2026-04-01T18:26:53.789833Z","level":"info","event":"Scanning page 1...","logger":"task.stdout"}
{"timestamp":"2026-04-01T18:26:54.467721Z","level":"info","event":"  -> Page 1 had 10 NEW jobs. (Total for query: 10/50)","logger":"task.stdout"}
{"timestamp":"2026-04-01T18:27:02.012297Z","level":"info","event":"Scanning page 2...","logger":"task.stdout"}
{"timestamp":"2026-04-01T18:27:02.619110Z","level":"info","event":"  -> Page 2 had 10 NEW jobs. (Total for query: 20/50)","logger":"task.stdout"}
{"timestamp":"2026-04-01T18:27:07.677798Z","level":"info","event":"Scanning page 3...","logger":"task.stdout"}
{"timestamp":"2026-04-01T18:27:08.457155Z","level":"info","event":"  -> Page 3 had 10 NEW jobs. (Total for query: 30/50)","logger":"task.stdout"}
{"timestamp":"2026-04-01T18:27:14.664814Z","level":"info","event":"Scanning page 4...","logger":"task.stdout"}
{"timestamp":"2026-04-01T18:27:15.182985Z","level":"info","event":"No more jobs found on LinkedIn for this query (End of results).","logger":"task.stdout"}
{"timestamp":"2026-04-01T18:27:15.183610Z","level":"info","event":"","logger":"task.stdout"}
{"timestamp":"2026-04-01T18:27:15.183972Z","level":"info","event":"--- Fetching new jobs for: Ingénieur de données ---","logger":"task.stdout"}
{"timestamp":"2026-04-01T18:27:15.184187Z","level":"info","event":"Scanning page 1...","logger":"task.stdout"}
{"timestamp":"2026-04-01T18:27:15.802754Z","level":"info","event":"  -> Page 1 had 5 NEW jobs. (Total for query: 5/50)","logger":"task.stdout"}
{"timestamp":"2026-04-01T18:27:21.845797Z","level":"info","event":"Scanning page 2...","logger":"task.stdout"}
{"timestamp":"2026-04-01T18:27:22.494238Z","level":"info","event":"  -> Page 2 had 7 NEW jobs. (Total for query: 12/50)","logger":"task.stdout"}
{"timestamp":"2026-04-01T18:27:29.836888Z","level":"info","event":"Scanning page 3...","logger":"task.stdout"}
{"timestamp":"2026-04-01T18:27:30.299212Z","level":"info","event":"No more jobs found on LinkedIn for this query (End of results).","logger":"task.stdout"}
{"timestamp":"2026-04-01T18:27:30.299705Z","level":"info","event":"","logger":"task.stdout"}
{"timestamp":"2026-04-01T18:27:30.299964Z","level":"info","event":"--- Fetching new jobs for: Data Architect ---","logger":"task.stdout"}
{"timestamp":"2026-04-01T18:27:30.300200Z","level":"info","event":"Scanning page 1...","logger":"task.stdout"}
{"timestamp":"2026-04-01T18:27:30.947669Z","level":"info","event":"  -> Page 1 had 9 NEW jobs. (Total for query: 9/50)","logger":"task.stdout"}
{"timestamp":"2026-04-01T18:27:36.036492Z","level":"info","event":"Scanning page 2...","logger":"task.stdout"}
{"timestamp":"2026-04-01T18:27:36.463099Z","level":"info","event":"No more jobs found on LinkedIn for this query (End of results).","logger":"task.stdout"}
{"timestamp":"2026-04-01T18:27:36.517385Z","level":"info","event":"Error in database insertion: (psycopg2.OperationalError) connection to server at \"postgres\" (172.21.0.5), port 5432 failed: FATAL:  password authentication failed for user \"USER1\"","logger":"task.stdout"}
{"timestamp":"2026-04-01T18:27:36.517789Z","level":"info","event":"","logger":"task.stdout"}
{"timestamp":"2026-04-01T18:27:36.518205Z","level":"info","event":"(Background on this error at: https://sqlalche.me/e/20/e3q8)","logger":"task.stdout"}
{"timestamp":"2026-04-01T18:27:36.518467Z","level":"info","event":"","logger":"task.stdout"}
{"timestamp":"2026-04-01T18:27:36.518626Z","level":"info","event":"✅ Success: Saved 51 completely NEW jobs to the Bronze layer.","logger":"task.stdout"}
{"timestamp":"2026-04-01T18:27:36.520607Z","level":"info","event":"Done. Returned value was: None","logger":"airflow.task.operators.airflow.providers.standard.operators.python.PythonOperator","filename":"python.py","lineno":230}
