{"timestamp":"2026-04-01T15:19:23.450666Z","level":"info","event":"Stats instance was created in PID 7 but accessed in PID 10979. Re-initializing.","logger":"airflow.stats","filename":"stats.py","lineno":57}
{"timestamp":"2026-04-01T15:19:23.469802Z","level":"info","event":"DAG bundles loaded: dags-folder","logger":"airflow.dag_processing.bundles.manager.DagBundlesManager","filename":"manager.py","lineno":179}
{"timestamp":"2026-04-01T15:19:23.471199Z","level":"info","event":"Filling up the DagBag from /opt/airflow/dags/linkedin_pipeline.py","logger":"airflow.models.dagbag.BundleDagBag","filename":"dagbag.py","lineno":593}
{"timestamp":"2026-04-01T15:19:27.678450Z","level":"info","event":"Loaded 58 existing jobs from the database.","logger":"task.stdout"}
{"timestamp":"2026-04-01T15:19:27.679065Z","level":"info","event":"","logger":"task.stdout"}
{"timestamp":"2026-04-01T15:19:27.679254Z","level":"info","event":"--- Fetching new jobs for: Data Engineer ---","logger":"task.stdout"}
{"timestamp":"2026-04-01T15:19:27.679382Z","level":"info","event":"Scanning page 1...","logger":"task.stdout"}
{"timestamp":"2026-04-01T15:19:28.281783Z","level":"info","event":"  -> Page 1 had 0 NEW jobs. (Total for query: 0/50)","logger":"task.stdout"}
{"timestamp":"2026-04-01T15:19:33.669133Z","level":"info","event":"Scanning page 2...","logger":"task.stdout"}
{"timestamp":"2026-04-01T15:19:34.329107Z","level":"info","event":"  -> Page 2 had 0 NEW jobs. (Total for query: 0/50)","logger":"task.stdout"}
{"timestamp":"2026-04-01T15:19:42.197681Z","level":"info","event":"Scanning page 3...","logger":"task.stdout"}
{"timestamp":"2026-04-01T15:19:42.832097Z","level":"info","event":"  -> Page 3 had 0 NEW jobs. (Total for query: 0/50)","logger":"task.stdout"}
{"timestamp":"2026-04-01T15:19:50.486192Z","level":"info","event":"Scanning page 4...","logger":"task.stdout"}
{"timestamp":"2026-04-01T15:19:51.027664Z","level":"info","event":"No more jobs found on LinkedIn for this query (End of results).","logger":"task.stdout"}
{"timestamp":"2026-04-01T15:19:51.028242Z","level":"info","event":"","logger":"task.stdout"}
{"timestamp":"2026-04-01T15:19:51.028562Z","level":"info","event":"--- Fetching new jobs for: Ingénieur de données ---","logger":"task.stdout"}
{"timestamp":"2026-04-01T15:19:51.028727Z","level":"info","event":"Scanning page 1...","logger":"task.stdout"}
{"timestamp":"2026-04-01T15:19:51.674743Z","level":"info","event":"  -> Page 1 had 1 NEW jobs. (Total for query: 1/50)","logger":"task.stdout"}
{"timestamp":"2026-04-01T15:19:58.658174Z","level":"info","event":"Scanning page 2...","logger":"task.stdout"}
{"timestamp":"2026-04-01T15:19:59.319118Z","level":"info","event":"  -> Page 2 had 1 NEW jobs. (Total for query: 2/50)","logger":"task.stdout"}
{"timestamp":"2026-04-01T15:20:04.642738Z","level":"info","event":"Scanning page 3...","logger":"task.stdout"}
{"timestamp":"2026-04-01T15:20:05.098683Z","level":"info","event":"No more jobs found on LinkedIn for this query (End of results).","logger":"task.stdout"}
{"timestamp":"2026-04-01T15:20:05.099098Z","level":"info","event":"","logger":"task.stdout"}
{"timestamp":"2026-04-01T15:20:05.099284Z","level":"info","event":"--- Fetching new jobs for: Data Architect ---","logger":"task.stdout"}
{"timestamp":"2026-04-01T15:20:05.099466Z","level":"info","event":"Scanning page 1...","logger":"task.stdout"}
{"timestamp":"2026-04-01T15:20:05.699291Z","level":"info","event":"  -> Page 1 had 0 NEW jobs. (Total for query: 0/50)","logger":"task.stdout"}
{"timestamp":"2026-04-01T15:20:12.889415Z","level":"info","event":"Scanning page 2...","logger":"task.stdout"}
{"timestamp":"2026-04-01T15:20:13.461025Z","level":"info","event":"No more jobs found on LinkedIn for this query (End of results).","logger":"task.stdout"}
{"timestamp":"2026-04-01T15:20:13.574215Z","level":"info","event":"Jobs successfully Upserted (Inserted or Updated) into Bronze layer.","logger":"task.stdout"}
{"timestamp":"2026-04-01T15:20:13.574570Z","level":"info","event":"","logger":"task.stdout"}
{"timestamp":"2026-04-01T15:20:13.574706Z","level":"info","event":"✅ Success: Saved 2 completely NEW jobs to the Bronze layer.","logger":"task.stdout"}
{"timestamp":"2026-04-01T15:20:13.575513Z","level":"info","event":"Done. Returned value was: None","logger":"airflow.task.operators.airflow.providers.standard.operators.python.PythonOperator","filename":"python.py","lineno":230}
