{"timestamp":"2026-04-01T18:26:51.880575Z","level":"info","event":"Stats instance was created in PID 6 but accessed in PID 101. Re-initializing.","logger":"airflow.stats","filename":"stats.py","lineno":57}
{"timestamp":"2026-04-01T18:26:51.901373Z","level":"info","event":"DAG bundles loaded: dags-folder","logger":"airflow.dag_processing.bundles.manager.DagBundlesManager","filename":"manager.py","lineno":179}
{"timestamp":"2026-04-01T18:26:51.902550Z","level":"info","event":"Filling up the DagBag from /opt/airflow/dags/linkedin_pipeline.py","logger":"airflow.models.dagbag.BundleDagBag","filename":"dagbag.py","lineno":593}
{"timestamp":"2026-04-01T18:26:53.788515Z","level":"info","event":"Loaded 0 existing jobs from the database.","logger":"task.stdout"}
{"timestamp":"2026-04-01T18:26:53.789172Z","level":"info","event":"","logger":"task.stdout"}
{"timestamp":"2026-04-01T18:26:53.789445Z","level":"info","event":"--- Fetching new jobs for: Data Engineer ---","logger":"task.stdout"}
{"timestamp":"2026-04-01T18:26:53.789914Z","level":"info","event":"Scanning page 1...","logger":"task.stdout"}
{"timestamp":"2026-04-01T18:26:54.716938Z","level":"info","event":"  -> Page 1 had 10 NEW jobs. (Total for query: 10/50)","logger":"task.stdout"}
{"timestamp":"2026-04-01T18:26:59.757115Z","level":"info","event":"Scanning page 2...","logger":"task.stdout"}
{"timestamp":"2026-04-01T18:27:00.463690Z","level":"info","event":"  -> Page 2 had 10 NEW jobs. (Total for query: 20/50)","logger":"task.stdout"}
{"timestamp":"2026-04-01T18:27:06.283462Z","level":"info","event":"Scanning page 3...","logger":"task.stdout"}
{"timestamp":"2026-04-01T18:27:07.003543Z","level":"info","event":"  -> Page 3 had 10 NEW jobs. (Total for query: 30/50)","logger":"task.stdout"}
{"timestamp":"2026-04-01T18:27:12.985877Z","level":"info","event":"Scanning page 4...","logger":"task.stdout"}
{"timestamp":"2026-04-01T18:27:13.498307Z","level":"info","event":"No more jobs found on LinkedIn for this query (End of results).","logger":"task.stdout"}
{"timestamp":"2026-04-01T18:27:13.498590Z","level":"info","event":"","logger":"task.stdout"}
{"timestamp":"2026-04-01T18:27:13.498784Z","level":"info","event":"--- Fetching new jobs for: Ingénieur de données ---","logger":"task.stdout"}
{"timestamp":"2026-04-01T18:27:13.498930Z","level":"info","event":"Scanning page 1...","logger":"task.stdout"}
{"timestamp":"2026-04-01T18:27:14.066317Z","level":"info","event":"  -> Page 1 had 5 NEW jobs. (Total for query: 5/50)","logger":"task.stdout"}
{"timestamp":"2026-04-01T18:27:20.867002Z","level":"info","event":"Scanning page 2...","logger":"task.stdout"}
{"timestamp":"2026-04-01T18:27:21.487059Z","level":"info","event":"  -> Page 2 had 7 NEW jobs. (Total for query: 12/50)","logger":"task.stdout"}
{"timestamp":"2026-04-01T18:27:27.199869Z","level":"info","event":"Scanning page 3...","logger":"task.stdout"}
{"timestamp":"2026-04-01T18:27:27.665235Z","level":"info","event":"No more jobs found on LinkedIn for this query (End of results).","logger":"task.stdout"}
{"timestamp":"2026-04-01T18:27:27.665549Z","level":"info","event":"","logger":"task.stdout"}
{"timestamp":"2026-04-01T18:27:27.665781Z","level":"info","event":"--- Fetching new jobs for: Data Architect ---","logger":"task.stdout"}
{"timestamp":"2026-04-01T18:27:27.665935Z","level":"info","event":"Scanning page 1...","logger":"task.stdout"}
{"timestamp":"2026-04-01T18:27:28.611423Z","level":"info","event":"  -> Page 1 had 9 NEW jobs. (Total for query: 9/50)","logger":"task.stdout"}
{"timestamp":"2026-04-01T18:27:35.886473Z","level":"info","event":"Scanning page 2...","logger":"task.stdout"}
{"timestamp":"2026-04-01T18:27:36.305861Z","level":"info","event":"No more jobs found on LinkedIn for this query (End of results).","logger":"task.stdout"}
{"timestamp":"2026-04-01T18:27:36.393208Z","level":"info","event":"Error in database insertion: (psycopg2.OperationalError) connection to server at \"postgres\" (172.21.0.5), port 5432 failed: FATAL:  password authentication failed for user \"USER1\"","logger":"task.stdout"}
{"timestamp":"2026-04-01T18:27:36.394416Z","level":"info","event":"","logger":"task.stdout"}
{"timestamp":"2026-04-01T18:27:36.394658Z","level":"info","event":"(Background on this error at: https://sqlalche.me/e/20/e3q8)","logger":"task.stdout"}
{"timestamp":"2026-04-01T18:27:36.394803Z","level":"info","event":"","logger":"task.stdout"}
{"timestamp":"2026-04-01T18:27:36.394988Z","level":"info","event":"✅ Success: Saved 51 completely NEW jobs to the Bronze layer.","logger":"task.stdout"}
{"timestamp":"2026-04-01T18:27:36.394634Z","level":"info","event":"Done. Returned value was: None","logger":"airflow.task.operators.airflow.providers.standard.operators.python.PythonOperator","filename":"python.py","lineno":230}
