{"timestamp":"2026-04-01T11:40:27.825631Z","level":"info","event":"Stats instance was created in PID 7 but accessed in PID 8170. Re-initializing.","logger":"airflow.stats","filename":"stats.py","lineno":57}
{"timestamp":"2026-04-01T11:40:27.833313Z","level":"info","event":"DAG bundles loaded: dags-folder","logger":"airflow.dag_processing.bundles.manager.DagBundlesManager","filename":"manager.py","lineno":179}
{"timestamp":"2026-04-01T11:40:27.833849Z","level":"info","event":"Filling up the DagBag from /opt/airflow/dags/linkedin_pipeline.py","logger":"airflow.models.dagbag.BundleDagBag","filename":"dagbag.py","lineno":593}
{"timestamp":"2026-04-01T11:40:30.668259Z","level":"info","event":"Starting Database Cleanup (Soft Delete)...","logger":"task.stdout"}
{"timestamp":"2026-04-01T11:40:30.737391Z","level":"info","event":"Error during database cleanup: (psycopg2.errors.UndefinedColumn) column \"is_active\" of relation \"raw_jobs\" does not exist","logger":"task.stdout"}
{"timestamp":"2026-04-01T11:40:30.738972Z","level":"info","event":"LINE 3:         SET is_active = FALSE","logger":"task.stdout"}
{"timestamp":"2026-04-01T11:40:30.740264Z","level":"info","event":"                    ^","logger":"task.stdout"}
{"timestamp":"2026-04-01T11:40:30.740774Z","level":"info","event":"","logger":"task.stdout"}
{"timestamp":"2026-04-01T11:40:30.742643Z","level":"info","event":"[SQL:","logger":"task.stdout"}
{"timestamp":"2026-04-01T11:40:30.743713Z","level":"info","event":"        UPDATE raw_jobs","logger":"task.stdout"}
{"timestamp":"2026-04-01T11:40:30.746800Z","level":"info","event":"        SET is_active = FALSE","logger":"task.stdout"}
{"timestamp":"2026-04-01T11:40:30.747673Z","level":"info","event":"        WHERE link IN (","logger":"task.stdout"}
{"timestamp":"2026-04-01T11:40:30.748671Z","level":"info","event":"            SELECT link","logger":"task.stdout"}
{"timestamp":"2026-04-01T11:40:30.749164Z","level":"info","event":"            FROM (","logger":"task.stdout"}
{"timestamp":"2026-04-01T11:40:30.752163Z","level":"info","event":"                SELECT link,","logger":"task.stdout"}
{"timestamp":"2026-04-01T11:40:30.753293Z","level":"info","event":"                       ROW_NUMBER() OVER(PARTITION BY title, company, location ORDER BY date DESC, link DESC) as rn","logger":"task.stdout"}
{"timestamp":"2026-04-01T11:40:30.753754Z","level":"info","event":"                FROM raw_jobs","logger":"task.stdout"}
{"timestamp":"2026-04-01T11:40:30.756315Z","level":"info","event":"            ) subquery","logger":"task.stdout"}
{"timestamp":"2026-04-01T11:40:30.757885Z","level":"info","event":"            WHERE rn > 1","logger":"task.stdout"}
{"timestamp":"2026-04-01T11:40:30.758488Z","level":"info","event":"        );","logger":"task.stdout"}
{"timestamp":"2026-04-01T11:40:30.759622Z","level":"info","event":"    ]","logger":"task.stdout"}
{"timestamp":"2026-04-01T11:40:30.760733Z","level":"info","event":"(Background on this error at: https://sqlalche.me/e/20/f405)","logger":"task.stdout"}
{"timestamp":"2026-04-01T11:40:30.739957Z","level":"info","event":"Done. Returned value was: None","logger":"airflow.task.operators.airflow.providers.standard.operators.python.PythonOperator","filename":"python.py","lineno":230}
