{"timestamp":"2026-04-01T18:59:59.896004Z","level":"info","event":"Stats instance was created in PID 6 but accessed in PID 545. Re-initializing.","logger":"airflow.stats","filename":"stats.py","lineno":57}
{"timestamp":"2026-04-01T18:59:59.913428Z","level":"info","event":"DAG bundles loaded: dags-folder","logger":"airflow.dag_processing.bundles.manager.DagBundlesManager","filename":"manager.py","lineno":179}
{"timestamp":"2026-04-01T18:59:59.914445Z","level":"info","event":"Filling up the DagBag from /opt/airflow/dags/linkedin_pipeline.py","logger":"airflow.models.dagbag.BundleDagBag","filename":"dagbag.py","lineno":593}
{"timestamp":"2026-04-01T19:00:02.018341Z","level":"info","event":"Loaded 0 existing jobs from the database.","logger":"task.stdout"}
{"timestamp":"2026-04-01T19:00:02.020851Z","level":"info","event":"","logger":"task.stdout"}
{"timestamp":"2026-04-01T19:00:02.025989Z","level":"info","event":"--- Fetching new jobs for: Data Engineer ---","logger":"task.stdout"}
{"timestamp":"2026-04-01T19:00:02.031218Z","level":"info","event":"Scanning page 1...","logger":"task.stdout"}
{"timestamp":"2026-04-01T19:00:02.797092Z","level":"info","event":"  -> Page 1 had 10 NEW jobs. (Total for query: 10/50)","logger":"task.stdout"}
{"timestamp":"2026-04-01T19:00:09.054169Z","level":"info","event":"Scanning page 2...","logger":"task.stdout"}
{"timestamp":"2026-04-01T19:00:09.759394Z","level":"info","event":"  -> Page 2 had 10 NEW jobs. (Total for query: 20/50)","logger":"task.stdout"}
{"timestamp":"2026-04-01T19:00:15.384931Z","level":"info","event":"Scanning page 3...","logger":"task.stdout"}
{"timestamp":"2026-04-01T19:00:15.978431Z","level":"info","event":"  -> Page 3 had 10 NEW jobs. (Total for query: 30/50)","logger":"task.stdout"}
{"timestamp":"2026-04-01T19:00:21.370645Z","level":"info","event":"Scanning page 4...","logger":"task.stdout"}
{"timestamp":"2026-04-01T19:00:21.871442Z","level":"info","event":"No more jobs found on LinkedIn for this query (End of results).","logger":"task.stdout"}
{"timestamp":"2026-04-01T19:00:21.872615Z","level":"info","event":"","logger":"task.stdout"}
{"timestamp":"2026-04-01T19:00:21.872796Z","level":"info","event":"--- Fetching new jobs for: Ingénieur de données ---","logger":"task.stdout"}
{"timestamp":"2026-04-01T19:00:21.872920Z","level":"info","event":"Scanning page 1...","logger":"task.stdout"}
{"timestamp":"2026-04-01T19:00:22.467442Z","level":"info","event":"  -> Page 1 had 5 NEW jobs. (Total for query: 5/50)","logger":"task.stdout"}
{"timestamp":"2026-04-01T19:00:29.422211Z","level":"info","event":"Scanning page 2...","logger":"task.stdout"}
{"timestamp":"2026-04-01T19:00:30.052782Z","level":"info","event":"  -> Page 2 had 7 NEW jobs. (Total for query: 12/50)","logger":"task.stdout"}
{"timestamp":"2026-04-01T19:00:36.584583Z","level":"info","event":"Scanning page 3...","logger":"task.stdout"}
{"timestamp":"2026-04-01T19:00:37.026491Z","level":"info","event":"No more jobs found on LinkedIn for this query (End of results).","logger":"task.stdout"}
{"timestamp":"2026-04-01T19:00:37.026799Z","level":"info","event":"","logger":"task.stdout"}
{"timestamp":"2026-04-01T19:00:37.027022Z","level":"info","event":"--- Fetching new jobs for: Data Architect ---","logger":"task.stdout"}
{"timestamp":"2026-04-01T19:00:37.027178Z","level":"info","event":"Scanning page 1...","logger":"task.stdout"}
{"timestamp":"2026-04-01T19:00:37.740991Z","level":"info","event":"  -> Page 1 had 9 NEW jobs. (Total for query: 9/50)","logger":"task.stdout"}
{"timestamp":"2026-04-01T19:00:42.299125Z","level":"info","event":"Scanning page 2...","logger":"task.stdout"}
{"timestamp":"2026-04-01T19:00:42.842452Z","level":"info","event":"No more jobs found on LinkedIn for this query (End of results).","logger":"task.stdout"}
{"timestamp":"2026-04-01T19:00:42.913433Z","level":"info","event":"Error in database insertion: (psycopg2.OperationalError) connection to server at \"postgres\" (172.21.0.5), port 5432 failed: FATAL:  password authentication failed for user \"USER1\"","logger":"task.stdout"}
{"timestamp":"2026-04-01T19:00:42.913755Z","level":"info","event":"","logger":"task.stdout"}
{"timestamp":"2026-04-01T19:00:42.913962Z","level":"info","event":"(Background on this error at: https://sqlalche.me/e/20/e3q8)","logger":"task.stdout"}
{"timestamp":"2026-04-01T19:00:42.914126Z","level":"info","event":"","logger":"task.stdout"}
{"timestamp":"2026-04-01T19:00:42.914410Z","level":"info","event":"✅ Success: Saved 51 completely NEW jobs to the Bronze layer.","logger":"task.stdout"}
{"timestamp":"2026-04-01T19:00:42.915022Z","level":"info","event":"Done. Returned value was: None","logger":"airflow.task.operators.airflow.providers.standard.operators.python.PythonOperator","filename":"python.py","lineno":230}
