{"timestamp":"2026-04-02T04:30:21.668390Z","level":"info","event":"Stats instance was created in PID 7 but accessed in PID 541. Re-initializing.","logger":"airflow.stats","filename":"stats.py","lineno":57}
{"timestamp":"2026-04-02T04:30:21.683010Z","level":"info","event":"DAG bundles loaded: dags-folder","logger":"airflow.dag_processing.bundles.manager.DagBundlesManager","filename":"manager.py","lineno":179}
{"timestamp":"2026-04-02T04:30:21.683887Z","level":"info","event":"Filling up the DagBag from /opt/airflow/dags/linkedin_pipeline.py","logger":"airflow.models.dagbag.BundleDagBag","filename":"dagbag.py","lineno":593}
{"timestamp":"2026-04-02T04:30:24.014234Z","level":"info","event":"Loaded 51 existing jobs from the database.","logger":"task.stdout"}
{"timestamp":"2026-04-02T04:30:24.015802Z","level":"info","event":"","logger":"task.stdout"}
{"timestamp":"2026-04-02T04:30:24.016696Z","level":"info","event":"--- Fetching new jobs for: Data Engineer ---","logger":"task.stdout"}
{"timestamp":"2026-04-02T04:30:24.018807Z","level":"info","event":"Scanning page 1...","logger":"task.stdout"}
{"timestamp":"2026-04-02T04:30:24.634478Z","level":"info","event":"  -> Page 1 had 1 NEW jobs. (Total for query: 1/50)","logger":"task.stdout"}
{"timestamp":"2026-04-02T04:30:31.887763Z","level":"info","event":"Scanning page 2...","logger":"task.stdout"}
{"timestamp":"2026-04-02T04:30:33.336852Z","level":"info","event":"  -> Page 2 had 4 NEW jobs. (Total for query: 5/50)","logger":"task.stdout"}
{"timestamp":"2026-04-02T04:30:38.456235Z","level":"info","event":"Scanning page 3...","logger":"task.stdout"}
{"timestamp":"2026-04-02T04:30:39.033102Z","level":"info","event":"  -> Page 3 had 1 NEW jobs. (Total for query: 6/50)","logger":"task.stdout"}
{"timestamp":"2026-04-02T04:30:43.323551Z","level":"info","event":"Scanning page 4...","logger":"task.stdout"}
{"timestamp":"2026-04-02T04:30:43.985392Z","level":"info","event":"No more jobs found on LinkedIn for this query (End of results).","logger":"task.stdout"}
{"timestamp":"2026-04-02T04:30:43.986216Z","level":"info","event":"","logger":"task.stdout"}
{"timestamp":"2026-04-02T04:30:43.986456Z","level":"info","event":"--- Fetching new jobs for: Ingénieur de données ---","logger":"task.stdout"}
{"timestamp":"2026-04-02T04:30:43.986662Z","level":"info","event":"Scanning page 1...","logger":"task.stdout"}
{"timestamp":"2026-04-02T04:30:44.544791Z","level":"info","event":"  -> Page 1 had 0 NEW jobs. (Total for query: 0/50)","logger":"task.stdout"}
{"timestamp":"2026-04-02T04:30:49.591771Z","level":"info","event":"Scanning page 2...","logger":"task.stdout"}
{"timestamp":"2026-04-02T04:30:50.157556Z","level":"info","event":"  -> Page 2 had 0 NEW jobs. (Total for query: 0/50)","logger":"task.stdout"}
{"timestamp":"2026-04-02T06:31:23.543534Z","level":"info","event":"Scanning page 3...","logger":"task.stdout"}
{"timestamp":"2026-04-02T06:31:24.004663Z","level":"info","event":"No more jobs found on LinkedIn for this query (End of results).","logger":"task.stdout"}
{"timestamp":"2026-04-02T06:31:24.004987Z","level":"info","event":"","logger":"task.stdout"}
{"timestamp":"2026-04-02T06:31:24.005167Z","level":"info","event":"--- Fetching new jobs for: Data Architect ---","logger":"task.stdout"}
{"timestamp":"2026-04-02T06:31:24.005386Z","level":"info","event":"Scanning page 1...","logger":"task.stdout"}
{"timestamp":"2026-04-02T06:31:24.628484Z","level":"info","event":"  -> Page 1 had 1 NEW jobs. (Total for query: 1/50)","logger":"task.stdout"}
{"timestamp":"2026-04-02T06:31:32.115466Z","level":"info","event":"Scanning page 2...","logger":"task.stdout"}
{"timestamp":"2026-04-02T06:31:32.610226Z","level":"info","event":"No more jobs found on LinkedIn for this query (End of results).","logger":"task.stdout"}
{"timestamp":"2026-04-02T06:31:32.743697Z","level":"info","event":"Jobs successfully Upserted (Inserted or Updated) into Bronze layer.","logger":"task.stdout"}
{"timestamp":"2026-04-02T06:31:32.744061Z","level":"info","event":"","logger":"task.stdout"}
{"timestamp":"2026-04-02T06:31:32.744364Z","level":"info","event":"✅ Success: Saved 7 completely NEW jobs to the Bronze layer.","logger":"task.stdout"}
{"timestamp":"2026-04-02T06:31:32.745609Z","level":"info","event":"Done. Returned value was: None","logger":"airflow.task.operators.airflow.providers.standard.operators.python.PythonOperator","filename":"python.py","lineno":230}
{"timestamp":"2026-04-02T06:31:32.768193Z","level":"error","event":"Top level error","logger":"task","filename":"task_runner.py","lineno":1704,"error_detail":[{"exc_type":"AirflowRuntimeError","exc_value":"API_SERVER_ERROR: {'status_code': 403, 'message': 'Invalid auth token: Signature has expired', 'detail': {'detail': 'Invalid auth token: Signature has expired'}}","exc_notes":[],"syntax_error":null,"is_cause":false,"frames":[{"filename":"/home/airflow/.local/lib/python3.12/site-packages/airflow/sdk/execution_time/task_runner.py","lineno":1697,"name":"main"},{"filename":"/home/airflow/.local/lib/python3.12/site-packages/airflow/sdk/execution_time/task_runner.py","lineno":1198,"name":"run"},{"filename":"/home/airflow/.local/lib/python3.12/site-packages/airflow/sdk/execution_time/comms.py","lineno":206,"name":"send"},{"filename":"/home/airflow/.local/lib/python3.12/site-packages/airflow/sdk/execution_time/comms.py","lineno":270,"name":"_get_response"},{"filename":"/home/airflow/.local/lib/python3.12/site-packages/airflow/sdk/execution_time/comms.py","lineno":257,"name":"_from_frame"}],"is_group":false,"exceptions":[]}]}
{"timestamp":"2026-04-02T06:31:37.796286Z","level":"warning","event":"Process exited abnormally","exit_code":1,"logger":"task"}
