{"timestamp":"2026-03-29T15:54:41.796398Z","level":"info","event":"Stats instance was created in PID 7 but accessed in PID 7914. Re-initializing.","logger":"airflow.stats","filename":"stats.py","lineno":57}
{"timestamp":"2026-03-29T15:54:42.207722Z","level":"info","event":"DAG bundles loaded: dags-folder, example_dags","logger":"airflow.dag_processing.bundles.manager.DagBundlesManager","filename":"manager.py","lineno":179}
{"timestamp":"2026-03-29T15:54:42.208481Z","level":"info","event":"Filling up the DagBag from /opt/airflow/dags/linkedin_pipeline.py","logger":"airflow.models.dagbag.BundleDagBag","filename":"dagbag.py","lineno":593}
{"timestamp":"2026-03-29T15:54:44.333579Z","level":"info","event":"Task instance is in running state","logger":"task.stdout"}
{"timestamp":"2026-03-29T15:54:44.334085Z","level":"info","event":" Previous state of the Task instance: TaskInstanceState.QUEUED","logger":"task.stdout"}
{"timestamp":"2026-03-29T15:54:44.334894Z","level":"info","event":"Current task name:enrich_descriptions","logger":"task.stdout"}
{"timestamp":"2026-03-29T15:54:44.335360Z","level":"info","event":"Dag name:linkedin_bronze_to_silver","logger":"task.stdout"}
{"timestamp":"2026-03-29T15:54:44.336393Z","level":"info","event":"Starting Job Description enrichment process...","logger":"task.stdout"}
{"timestamp":"2026-03-29T15:54:44.358043Z","level":"info","event":"Starting enrichment for 100 jobs...","logger":"task.stdout"}
{"timestamp":"2026-03-29T15:54:44.358419Z","level":"info","event":"Fetching description for: https://ca.linkedin.com/jobs/view/software-enginee...","logger":"task.stdout"}
{"timestamp":"2026-03-29T15:54:45.311693Z","level":"info","event":"Sleeping for 9.77 seconds...","logger":"task.stdout"}
{"timestamp":"2026-03-29T15:54:55.081553Z","level":"info","event":"Fetching description for: https://ca.linkedin.com/jobs/view/data-internship-...","logger":"task.stdout"}
{"timestamp":"2026-03-29T15:54:56.139674Z","level":"info","event":"Sleeping for 6.52 seconds...","logger":"task.stdout"}
{"timestamp":"2026-03-29T15:55:02.661821Z","level":"info","event":"Fetching description for: https://ca.linkedin.com/jobs/view/data-collector-c...","logger":"task.stdout"}
{"timestamp":"2026-03-29T15:55:03.294534Z","level":"info","event":"Sleeping for 9.48 seconds...","logger":"task.stdout"}
{"timestamp":"2026-03-29T15:55:12.782564Z","level":"info","event":"Fetching description for: https://ca.linkedin.com/jobs/view/analyste-program...","logger":"task.stdout"}
{"timestamp":"2026-03-29T15:55:13.726369Z","level":"info","event":"Sleeping for 6.59 seconds...","logger":"task.stdout"}
{"timestamp":"2026-03-29T15:55:20.314037Z","level":"info","event":"Fetching description for: https://ca.linkedin.com/jobs/view/software-enginee...","logger":"task.stdout"}
{"timestamp":"2026-03-29T15:55:21.214401Z","level":"info","event":"Sleeping for 7.05 seconds...","logger":"task.stdout"}
{"timestamp":"2026-03-29T15:55:28.268759Z","level":"info","event":"Fetching description for: https://ca.linkedin.com/jobs/view/data-analysis-tu...","logger":"task.stdout"}
{"timestamp":"2026-03-29T15:55:29.136686Z","level":"info","event":"Sleeping for 11.12 seconds...","logger":"task.stdout"}
{"timestamp":"2026-03-29T15:55:40.262837Z","level":"info","event":"Fetching description for: https://ca.linkedin.com/jobs/view/stage-en-donn%C3...","logger":"task.stdout"}
{"timestamp":"2026-03-29T15:55:41.231074Z","level":"info","event":"Sleeping for 9.05 seconds...","logger":"task.stdout"}
{"timestamp":"2026-03-29T15:55:50.293224Z","level":"info","event":"Fetching description for: https://ca.linkedin.com/jobs/view/site-supervision...","logger":"task.stdout"}
{"timestamp":"2026-03-29T15:55:51.260373Z","level":"info","event":"Sleeping for 6.22 seconds...","logger":"task.stdout"}
{"timestamp":"2026-03-29T15:55:57.478631Z","level":"info","event":"Fetching description for: https://ca.linkedin.com/jobs/view/senior-developer...","logger":"task.stdout"}
{"timestamp":"2026-03-29T15:55:59.250311Z","level":"info","event":"Sleeping for 8.45 seconds...","logger":"task.stdout"}
{"timestamp":"2026-03-29T15:56:07.700795Z","level":"info","event":"Fetching description for: https://ca.linkedin.com/jobs/view/senior-data-engi...","logger":"task.stdout"}
{"timestamp":"2026-03-29T15:56:08.433056Z","level":"info","event":"Sleeping for 8.08 seconds...","logger":"task.stdout"}
{"timestamp":"2026-03-29T15:56:16.527732Z","level":"info","event":"Fetching description for: https://ca.linkedin.com/jobs/view/programming-soft...","logger":"task.stdout"}
{"timestamp":"2026-03-29T15:56:17.479478Z","level":"info","event":"Sleeping for 10.77 seconds...","logger":"task.stdout"}
{"timestamp":"2026-03-29T15:56:28.252586Z","level":"info","event":"Fetching description for: https://ca.linkedin.com/jobs/view/software-enginee...","logger":"task.stdout"}
{"timestamp":"2026-03-29T15:56:29.072792Z","level":"info","event":"Sleeping for 10.38 seconds...","logger":"task.stdout"}
{"timestamp":"2026-03-29T15:56:39.459013Z","level":"info","event":"Fetching description for: https://ca.linkedin.com/jobs/view/lead-data-engine...","logger":"task.stdout"}
{"timestamp":"2026-03-29T15:56:40.195521Z","level":"info","event":"Sleeping for 9.65 seconds...","logger":"task.stdout"}
{"timestamp":"2026-03-29T15:56:49.847337Z","level":"info","event":"Fetching description for: https://ca.linkedin.com/jobs/view/scientifique-de-...","logger":"task.stdout"}
{"timestamp":"2026-03-29T15:56:50.960284Z","level":"info","event":"Sleeping for 7.48 seconds...","logger":"task.stdout"}
{"timestamp":"2026-03-29T15:56:58.443136Z","level":"info","event":"Fetching description for: https://ca.linkedin.com/jobs/view/contr%C3%B4leur-...","logger":"task.stdout"}
{"timestamp":"2026-03-29T15:56:59.299321Z","level":"info","event":"Sleeping for 5.08 seconds...","logger":"task.stdout"}
{"timestamp":"2026-03-29T15:57:04.378796Z","level":"info","event":"Fetching description for: https://ca.linkedin.com/jobs/view/analyste-infrast...","logger":"task.stdout"}
{"timestamp":"2026-03-29T15:57:05.295826Z","level":"info","event":"Sleeping for 9.25 seconds...","logger":"task.stdout"}
{"timestamp":"2026-03-29T15:57:14.554684Z","level":"info","event":"Fetching description for: https://ca.linkedin.com/jobs/view/engineering-proj...","logger":"task.stdout"}
{"timestamp":"2026-03-29T15:57:15.309858Z","level":"info","event":"Sleeping for 7.95 seconds...","logger":"task.stdout"}
{"timestamp":"2026-03-29T15:57:23.263855Z","level":"info","event":"Fetching description for: https://ca.linkedin.com/jobs/view/safety-and-ram-s...","logger":"task.stdout"}
{"timestamp":"2026-03-29T15:57:24.073765Z","level":"info","event":"Sleeping for 10.25 seconds...","logger":"task.stdout"}
{"timestamp":"2026-03-29T15:57:34.326384Z","level":"info","event":"Fetching description for: https://ca.linkedin.com/jobs/view/expert-en-scienc...","logger":"task.stdout"}
{"timestamp":"2026-03-29T15:57:36.013440Z","level":"info","event":"Sleeping for 11.50 seconds...","logger":"task.stdout"}
{"timestamp":"2026-03-29T15:57:47.517788Z","level":"info","event":"Fetching description for: https://ca.linkedin.com/jobs/view/conseiller-%C3%A...","logger":"task.stdout"}
{"timestamp":"2026-03-29T15:57:48.453946Z","level":"info","event":"Sleeping for 11.58 seconds...","logger":"task.stdout"}
{"timestamp":"2026-03-29T15:58:00.031058Z","level":"info","event":"Fetching description for: https://ca.linkedin.com/jobs/view/data-collector-c...","logger":"task.stdout"}
{"timestamp":"2026-03-29T15:58:01.180216Z","level":"info","event":"Sleeping for 5.20 seconds...","logger":"task.stdout"}
{"timestamp":"2026-03-29T15:58:06.378705Z","level":"info","event":"Fetching description for: https://ca.linkedin.com/jobs/view/ing%C3%A9nieur-e...","logger":"task.stdout"}
{"timestamp":"2026-03-29T15:58:07.265548Z","level":"info","event":"Sleeping for 6.71 seconds...","logger":"task.stdout"}
{"timestamp":"2026-03-29T15:58:13.981286Z","level":"info","event":"Fetching description for: https://ca.linkedin.com/jobs/view/data-internship-...","logger":"task.stdout"}
{"timestamp":"2026-03-29T15:58:14.970114Z","level":"info","event":"Sleeping for 6.62 seconds...","logger":"task.stdout"}
{"timestamp":"2026-03-29T15:58:21.596459Z","level":"info","event":"Fetching description for: https://ca.linkedin.com/jobs/view/senior-developer...","logger":"task.stdout"}
{"timestamp":"2026-03-29T15:58:22.345523Z","level":"info","event":"Sleeping for 8.40 seconds...","logger":"task.stdout"}
{"timestamp":"2026-03-29T15:58:30.749581Z","level":"info","event":"Fetching description for: https://ca.linkedin.com/jobs/view/analyste-program...","logger":"task.stdout"}
{"timestamp":"2026-03-29T15:58:31.725762Z","level":"info","event":"Sleeping for 6.25 seconds...","logger":"task.stdout"}
{"timestamp":"2026-03-29T15:58:37.981390Z","level":"info","event":"Fetching description for: https://ca.linkedin.com/jobs/view/ing%C3%A9nieur-e...","logger":"task.stdout"}
{"timestamp":"2026-03-29T15:58:38.814244Z","level":"info","event":"Sleeping for 6.21 seconds...","logger":"task.stdout"}
{"timestamp":"2026-03-29T15:58:45.029841Z","level":"info","event":"Fetching description for: https://ca.linkedin.com/jobs/view/ing%C3%A9nieure-...","logger":"task.stdout"}
{"timestamp":"2026-03-29T15:58:45.960339Z","level":"info","event":"Sleeping for 10.79 seconds...","logger":"task.stdout"}
{"timestamp":"2026-03-29T15:58:56.756697Z","level":"info","event":"Fetching description for: https://ca.linkedin.com/jobs/view/senior-data-engi...","logger":"task.stdout"}
{"timestamp":"2026-03-29T15:58:57.536894Z","level":"info","event":"Sleeping for 7.08 seconds...","logger":"task.stdout"}
{"timestamp":"2026-03-29T15:59:04.622186Z","level":"info","event":"Fetching description for: https://ca.linkedin.com/jobs/view/analyst-data-val...","logger":"task.stdout"}
{"timestamp":"2026-03-29T15:59:05.613519Z","level":"info","event":"Sleeping for 11.25 seconds...","logger":"task.stdout"}
{"timestamp":"2026-03-29T15:59:16.869629Z","level":"info","event":"Fetching description for: https://ca.linkedin.com/jobs/view/lead-data-engine...","logger":"task.stdout"}
{"timestamp":"2026-03-29T15:59:18.685365Z","level":"info","event":"Sleeping for 7.17 seconds...","logger":"task.stdout"}
{"timestamp":"2026-03-29T15:59:25.859595Z","level":"info","event":"Fetching description for: https://ca.linkedin.com/jobs/view/ing%C3%A9nieure-...","logger":"task.stdout"}
{"timestamp":"2026-03-29T15:59:26.837652Z","level":"info","event":"Sleeping for 11.75 seconds...","logger":"task.stdout"}
{"timestamp":"2026-03-29T15:59:38.593540Z","level":"info","event":"Fetching description for: https://ca.linkedin.com/jobs/view/sp%C3%A9cialiste...","logger":"task.stdout"}
{"timestamp":"2026-03-29T15:59:39.557622Z","level":"info","event":"Sleeping for 9.66 seconds...","logger":"task.stdout"}
{"timestamp":"2026-03-29T15:59:49.221313Z","level":"info","event":"Fetching description for: https://ca.linkedin.com/jobs/view/contr%C3%B4leur-...","logger":"task.stdout"}
{"timestamp":"2026-03-29T15:59:50.265674Z","level":"info","event":"Sleeping for 8.29 seconds...","logger":"task.stdout"}
{"timestamp":"2026-03-29T15:59:58.562051Z","level":"info","event":"Fetching description for: https://ca.linkedin.com/jobs/view/analyste-de-r%C3...","logger":"task.stdout"}
{"timestamp":"2026-03-29T15:59:59.436352Z","level":"info","event":"Sleeping for 5.32 seconds...","logger":"task.stdout"}
{"timestamp":"2026-03-29T16:00:04.765526Z","level":"info","event":"Fetching description for: https://ca.linkedin.com/jobs/view/scientifique-de-...","logger":"task.stdout"}
{"timestamp":"2026-03-29T16:00:06.405675Z","level":"info","event":"Sleeping for 10.60 seconds...","logger":"task.stdout"}
{"timestamp":"2026-03-29T16:00:17.007084Z","level":"info","event":"Fetching description for: https://ca.linkedin.com/jobs/view/e3-analyste-powe...","logger":"task.stdout"}
{"timestamp":"2026-03-29T16:00:17.839847Z","level":"info","event":"Sleeping for 7.57 seconds...","logger":"task.stdout"}
{"timestamp":"2026-03-29T16:00:25.407456Z","level":"info","event":"Fetching description for: https://ca.linkedin.com/jobs/view/ing%C3%A9nieure-...","logger":"task.stdout"}
{"timestamp":"2026-03-29T16:00:26.290938Z","level":"info","event":"Sleeping for 6.35 seconds...","logger":"task.stdout"}
{"timestamp":"2026-03-29T16:00:32.646610Z","level":"info","event":"Fetching description for: https://ca.linkedin.com/jobs/view/data-analysis-tu...","logger":"task.stdout"}
{"timestamp":"2026-03-29T16:00:33.545703Z","level":"info","event":"Sleeping for 11.26 seconds...","logger":"task.stdout"}
{"timestamp":"2026-03-29T16:00:44.813100Z","level":"info","event":"Fetching description for: https://ca.linkedin.com/jobs/view/ing%C3%A9nieure-...","logger":"task.stdout"}
{"timestamp":"2026-03-29T16:00:46.825404Z","level":"info","event":"Sleeping for 6.02 seconds...","logger":"task.stdout"}
{"timestamp":"2026-03-29T16:00:52.846432Z","level":"info","event":"Fetching description for: https://ca.linkedin.com/jobs/view/analyste-en-envi...","logger":"task.stdout"}
{"timestamp":"2026-03-29T16:00:53.939976Z","level":"info","event":"Sleeping for 8.77 seconds...","logger":"task.stdout"}
{"timestamp":"2026-03-29T16:01:02.714050Z","level":"info","event":"Fetching description for: https://ca.linkedin.com/jobs/view/it-architect-at-...","logger":"task.stdout"}
{"timestamp":"2026-03-29T16:01:03.718233Z","level":"info","event":"Sleeping for 8.70 seconds...","logger":"task.stdout"}
{"timestamp":"2026-03-29T16:01:12.422805Z","level":"info","event":"Fetching description for: https://ca.linkedin.com/jobs/view/data-analytics-a...","logger":"task.stdout"}
{"timestamp":"2026-03-29T16:01:13.183292Z","level":"info","event":"Sleeping for 6.37 seconds...","logger":"task.stdout"}
{"timestamp":"2026-03-29T16:01:19.553798Z","level":"info","event":"Fetching description for: https://ca.linkedin.com/jobs/view/data-architect-a...","logger":"task.stdout"}
{"timestamp":"2026-03-29T16:01:20.254684Z","level":"info","event":"Sleeping for 7.40 seconds...","logger":"task.stdout"}
{"timestamp":"2026-03-29T16:01:27.660330Z","level":"info","event":"Fetching description for: https://ca.linkedin.com/jobs/view/architecte-de-do...","logger":"task.stdout"}
{"timestamp":"2026-03-29T16:01:28.325126Z","level":"info","event":"Sleeping for 9.00 seconds...","logger":"task.stdout"}
{"timestamp":"2026-03-29T16:01:37.336630Z","level":"info","event":"Fetching description for: https://ca.linkedin.com/jobs/view/architecte-analy...","logger":"task.stdout"}
{"timestamp":"2026-03-29T16:01:38.117675Z","level":"info","event":"Sleeping for 8.87 seconds...","logger":"task.stdout"}
{"timestamp":"2026-03-29T16:01:46.993383Z","level":"info","event":"Fetching description for: https://ca.linkedin.com/jobs/view/technical-data-a...","logger":"task.stdout"}
{"timestamp":"2026-03-29T16:01:47.719478Z","level":"info","event":"Sleeping for 10.64 seconds...","logger":"task.stdout"}
{"timestamp":"2026-03-29T16:01:58.362955Z","level":"info","event":"Fetching description for: https://ca.linkedin.com/jobs/view/solution-archite...","logger":"task.stdout"}
{"timestamp":"2026-03-29T16:01:59.342228Z","level":"info","event":"Sleeping for 8.93 seconds...","logger":"task.stdout"}
{"timestamp":"2026-03-29T16:02:08.270668Z","level":"info","event":"Fetching description for: https://ca.linkedin.com/jobs/view/architecte-de-so...","logger":"task.stdout"}
{"timestamp":"2026-03-29T16:02:09.151593Z","level":"info","event":"Sleeping for 6.16 seconds...","logger":"task.stdout"}
{"timestamp":"2026-03-29T16:02:15.311110Z","level":"info","event":"Fetching description for: https://ca.linkedin.com/jobs/view/senior-data-engi...","logger":"task.stdout"}
{"timestamp":"2026-03-29T16:02:16.248139Z","level":"info","event":"Sleeping for 10.03 seconds...","logger":"task.stdout"}
{"timestamp":"2026-03-29T16:02:26.360351Z","level":"info","event":"Fetching description for: https://ca.linkedin.com/jobs/view/architect-data-f...","logger":"task.stdout"}
{"timestamp":"2026-03-29T16:02:27.699759Z","level":"info","event":"Sleeping for 10.09 seconds...","logger":"task.stdout"}
{"timestamp":"2026-03-29T16:02:37.793707Z","level":"info","event":"Fetching description for: https://ca.linkedin.com/jobs/view/senior-developer...","logger":"task.stdout"}
{"timestamp":"2026-03-29T16:02:38.688973Z","level":"info","event":"Sleeping for 11.60 seconds...","logger":"task.stdout"}
{"timestamp":"2026-03-29T16:02:50.292899Z","level":"info","event":"Fetching description for: https://ca.linkedin.com/jobs/view/senior-data-engi...","logger":"task.stdout"}
{"timestamp":"2026-03-29T16:02:51.408009Z","level":"info","event":"Sleeping for 11.79 seconds...","logger":"task.stdout"}
{"timestamp":"2026-03-29T16:03:03.210101Z","level":"info","event":"Fetching description for: https://ca.linkedin.com/jobs/view/programming-soft...","logger":"task.stdout"}
{"timestamp":"2026-03-29T16:03:04.357009Z","level":"info","event":"Sleeping for 7.60 seconds...","logger":"task.stdout"}
{"timestamp":"2026-03-29T16:03:11.956086Z","level":"info","event":"Fetching description for: https://ca.linkedin.com/jobs/view/software-enginee...","logger":"task.stdout"}
{"timestamp":"2026-03-29T16:03:12.837321Z","level":"info","event":"Sleeping for 11.83 seconds...","logger":"task.stdout"}
{"timestamp":"2026-03-29T16:03:24.666106Z","level":"info","event":"Fetching description for: https://ca.linkedin.com/jobs/view/lead-data-engine...","logger":"task.stdout"}
{"timestamp":"2026-03-29T16:03:25.383055Z","level":"info","event":"Sleeping for 9.25 seconds...","logger":"task.stdout"}
{"timestamp":"2026-03-29T16:03:34.632087Z","level":"info","event":"Fetching description for: https://ca.linkedin.com/jobs/view/software-enginee...","logger":"task.stdout"}
{"timestamp":"2026-03-29T16:03:35.522113Z","level":"info","event":"Sleeping for 5.54 seconds...","logger":"task.stdout"}
{"timestamp":"2026-03-29T16:03:41.067963Z","level":"info","event":"Fetching description for: https://ca.linkedin.com/jobs/view/data-internship-...","logger":"task.stdout"}
{"timestamp":"2026-03-29T16:03:42.037839Z","level":"info","event":"Sleeping for 5.60 seconds...","logger":"task.stdout"}
{"timestamp":"2026-03-29T16:03:47.638322Z","level":"info","event":"Fetching description for: https://ca.linkedin.com/jobs/view/data-collector-c...","logger":"task.stdout"}
{"timestamp":"2026-03-29T16:03:48.306745Z","level":"info","event":"Sleeping for 10.31 seconds...","logger":"task.stdout"}
{"timestamp":"2026-03-29T16:03:58.615710Z","level":"info","event":"Fetching description for: https://ca.linkedin.com/jobs/view/analyste-program...","logger":"task.stdout"}
{"timestamp":"2026-03-29T16:03:59.555192Z","level":"info","event":"Sleeping for 8.71 seconds...","logger":"task.stdout"}
{"timestamp":"2026-03-29T16:04:08.267545Z","level":"info","event":"Fetching description for: https://ca.linkedin.com/jobs/view/software-enginee...","logger":"task.stdout"}
{"timestamp":"2026-03-29T16:04:09.228334Z","level":"info","event":"Sleeping for 7.84 seconds...","logger":"task.stdout"}
{"timestamp":"2026-03-29T16:04:17.068228Z","level":"info","event":"Fetching description for: https://ca.linkedin.com/jobs/view/data-analysis-tu...","logger":"task.stdout"}
{"timestamp":"2026-03-29T16:04:18.770181Z","level":"info","event":"Sleeping for 7.06 seconds...","logger":"task.stdout"}
{"timestamp":"2026-03-29T16:04:25.835485Z","level":"info","event":"Fetching description for: https://ca.linkedin.com/jobs/view/stage-en-donn%C3...","logger":"task.stdout"}
{"timestamp":"2026-03-29T16:04:26.828072Z","level":"info","event":"Sleeping for 6.61 seconds...","logger":"task.stdout"}
{"timestamp":"2026-03-29T16:04:33.437887Z","level":"info","event":"Fetching description for: https://ca.linkedin.com/jobs/view/site-supervision...","logger":"task.stdout"}
{"timestamp":"2026-03-29T16:04:34.667693Z","level":"info","event":"Sleeping for 9.04 seconds...","logger":"task.stdout"}
{"timestamp":"2026-03-29T16:04:43.713883Z","level":"info","event":"Fetching description for: https://ca.linkedin.com/jobs/view/scientifique-de-...","logger":"task.stdout"}
{"timestamp":"2026-03-29T16:04:44.634563Z","level":"info","event":"Sleeping for 7.92 seconds...","logger":"task.stdout"}
{"timestamp":"2026-03-29T16:04:52.555328Z","level":"info","event":"Fetching description for: https://ca.linkedin.com/jobs/view/contr%C3%B4leur-...","logger":"task.stdout"}
{"timestamp":"2026-03-29T16:04:53.482697Z","level":"info","event":"Sleeping for 9.66 seconds...","logger":"task.stdout"}
{"timestamp":"2026-03-29T16:05:03.143413Z","level":"info","event":"Fetching description for: https://ca.linkedin.com/jobs/view/analyste-infrast...","logger":"task.stdout"}
{"timestamp":"2026-03-29T16:05:04.110311Z","level":"info","event":"Sleeping for 6.50 seconds...","logger":"task.stdout"}
{"timestamp":"2026-03-29T16:05:10.608663Z","level":"info","event":"Fetching description for: https://ca.linkedin.com/jobs/view/engineering-proj...","logger":"task.stdout"}
{"timestamp":"2026-03-29T16:05:11.368652Z","level":"info","event":"Sleeping for 6.14 seconds...","logger":"task.stdout"}
{"timestamp":"2026-03-29T16:05:17.510605Z","level":"info","event":"Fetching description for: https://ca.linkedin.com/jobs/view/safety-and-ram-s...","logger":"task.stdout"}
{"timestamp":"2026-03-29T16:05:18.505260Z","level":"info","event":"Sleeping for 9.99 seconds...","logger":"task.stdout"}
{"timestamp":"2026-03-29T16:05:28.500746Z","level":"info","event":"Fetching description for: https://ca.linkedin.com/jobs/view/expert-en-scienc...","logger":"task.stdout"}
{"timestamp":"2026-03-29T16:05:29.681180Z","level":"info","event":"Sleeping for 5.58 seconds...","logger":"task.stdout"}
{"timestamp":"2026-03-29T16:05:35.261950Z","level":"info","event":"Fetching description for: https://ca.linkedin.com/jobs/view/conseiller-%C3%A...","logger":"task.stdout"}
{"timestamp":"2026-03-29T16:05:36.342646Z","level":"info","event":"Sleeping for 6.42 seconds...","logger":"task.stdout"}
{"timestamp":"2026-03-29T16:05:42.767536Z","level":"info","event":"Fetching description for: https://ca.linkedin.com/jobs/view/data-collector-c...","logger":"task.stdout"}
{"timestamp":"2026-03-29T16:05:44.139675Z","level":"info","event":"Sleeping for 8.85 seconds...","logger":"task.stdout"}
{"timestamp":"2026-03-29T16:05:52.999709Z","level":"info","event":"Fetching description for: https://ca.linkedin.com/jobs/view/ing%C3%A9nieur-e...","logger":"task.stdout"}
{"timestamp":"2026-03-29T16:05:54.308115Z","level":"info","event":"Sleeping for 7.67 seconds...","logger":"task.stdout"}
{"timestamp":"2026-03-29T16:06:01.984208Z","level":"info","event":"Fetching description for: https://ca.linkedin.com/jobs/view/data-internship-...","logger":"task.stdout"}
{"timestamp":"2026-03-29T16:06:02.956817Z","level":"info","event":"Sleeping for 9.29 seconds...","logger":"task.stdout"}
{"timestamp":"2026-03-29T16:06:12.261143Z","level":"info","event":"Fetching description for: https://ca.linkedin.com/jobs/view/senior-developer...","logger":"task.stdout"}
{"timestamp":"2026-03-29T16:06:13.253903Z","level":"info","event":"Sleeping for 11.21 seconds...","logger":"task.stdout"}
{"timestamp":"2026-03-29T16:06:24.470504Z","level":"info","event":"Fetching description for: https://ca.linkedin.com/jobs/view/analyste-program...","logger":"task.stdout"}
{"timestamp":"2026-03-29T16:06:25.618615Z","level":"info","event":"Sleeping for 10.74 seconds...","logger":"task.stdout"}
{"timestamp":"2026-03-29T16:06:36.365210Z","level":"info","event":"Fetching description for: https://ca.linkedin.com/jobs/view/ing%C3%A9nieur-e...","logger":"task.stdout"}
{"timestamp":"2026-03-29T16:06:37.303788Z","level":"info","event":"Sleeping for 11.36 seconds...","logger":"task.stdout"}
{"timestamp":"2026-03-29T16:06:48.672278Z","level":"info","event":"Fetching description for: https://ca.linkedin.com/jobs/view/ing%C3%A9nieure-...","logger":"task.stdout"}
{"timestamp":"2026-03-29T16:06:49.576806Z","level":"info","event":"Sleeping for 10.92 seconds...","logger":"task.stdout"}
{"timestamp":"2026-03-29T16:07:00.494642Z","level":"info","event":"Fetching description for: https://ca.linkedin.com/jobs/view/technicien-valid...","logger":"task.stdout"}
{"timestamp":"2026-03-29T16:07:01.424390Z","level":"info","event":"Sleeping for 7.51 seconds...","logger":"task.stdout"}
{"timestamp":"2026-03-29T16:07:08.942025Z","level":"info","event":"Fetching description for: https://ca.linkedin.com/jobs/view/senior-data-engi...","logger":"task.stdout"}
{"timestamp":"2026-03-29T16:07:09.635292Z","level":"info","event":"Sleeping for 5.99 seconds...","logger":"task.stdout"}
{"timestamp":"2026-03-29T16:07:15.629766Z","level":"info","event":"Fetching description for: https://ca.linkedin.com/jobs/view/analyst-data-val...","logger":"task.stdout"}
{"timestamp":"2026-03-29T16:07:16.591106Z","level":"info","event":"Sleeping for 8.63 seconds...","logger":"task.stdout"}
{"timestamp":"2026-03-29T16:07:25.224394Z","level":"info","event":"Fetching description for: https://ca.linkedin.com/jobs/view/programmeur-euse...","logger":"task.stdout"}
{"timestamp":"2026-03-29T16:07:26.827864Z","level":"info","event":"Sleeping for 10.07 seconds...","logger":"task.stdout"}
{"timestamp":"2026-03-29T16:07:36.897417Z","level":"info","event":"Fetching description for: https://ca.linkedin.com/jobs/view/ing%C3%A9nieure-...","logger":"task.stdout"}
{"timestamp":"2026-03-29T16:07:37.883276Z","level":"info","event":"Sleeping for 11.37 seconds...","logger":"task.stdout"}
{"timestamp":"2026-03-29T16:07:49.256733Z","level":"info","event":"Fetching description for: https://ca.linkedin.com/jobs/view/sp%C3%A9cialiste...","logger":"task.stdout"}
{"timestamp":"2026-03-29T16:07:50.447787Z","level":"info","event":"Sleeping for 9.98 seconds...","logger":"task.stdout"}
{"timestamp":"2026-03-29T16:08:00.436770Z","level":"info","event":"Fetching description for: https://ca.linkedin.com/jobs/view/contr%C3%B4leur-...","logger":"task.stdout"}
{"timestamp":"2026-03-29T16:08:01.322367Z","level":"info","event":"Sleeping for 10.64 seconds...","logger":"task.stdout"}
{"timestamp":"2026-03-29T16:08:11.969422Z","level":"info","event":"Fetching description for: https://ca.linkedin.com/jobs/view/analyste-de-r%C3...","logger":"task.stdout"}
{"timestamp":"2026-03-29T16:08:12.940110Z","level":"info","event":"Sleeping for 5.36 seconds...","logger":"task.stdout"}
{"timestamp":"2026-03-29T16:08:18.305679Z","level":"info","event":"Fetching description for: https://ca.linkedin.com/jobs/view/scientifique-de-...","logger":"task.stdout"}
{"timestamp":"2026-03-29T16:08:19.646385Z","level":"info","event":"Sleeping for 11.71 seconds...","logger":"task.stdout"}
{"timestamp":"2026-03-29T16:08:31.358148Z","level":"info","event":"Fetching description for: https://ca.linkedin.com/jobs/view/e3-analyste-powe...","logger":"task.stdout"}
{"timestamp":"2026-03-29T16:08:32.482259Z","level":"info","event":"Sleeping for 6.99 seconds...","logger":"task.stdout"}
{"timestamp":"2026-03-29T16:08:39.474985Z","level":"info","event":"Fetching description for: https://ca.linkedin.com/jobs/view/data-analysis-tu...","logger":"task.stdout"}
{"timestamp":"2026-03-29T16:08:40.342346Z","level":"info","event":"Sleeping for 6.92 seconds...","logger":"task.stdout"}
{"timestamp":"2026-03-29T16:08:47.275499Z","level":"info","event":"Fetching description for: https://ca.linkedin.com/jobs/view/ing%C3%A9nieure-...","logger":"task.stdout"}
{"timestamp":"2026-03-29T16:08:48.606972Z","level":"info","event":"Sleeping for 6.78 seconds...","logger":"task.stdout"}
{"timestamp":"2026-03-29T16:08:55.387649Z","level":"info","event":"Fetching description for: https://ca.linkedin.com/jobs/view/analyste-en-envi...","logger":"task.stdout"}
{"timestamp":"2026-03-29T16:08:56.388318Z","level":"info","event":"Sleeping for 6.66 seconds...","logger":"task.stdout"}
{"timestamp":"2026-03-29T16:09:03.054378Z","level":"info","event":"Fetching description for: https://ca.linkedin.com/jobs/view/it-architect-at-...","logger":"task.stdout"}
{"timestamp":"2026-03-29T16:09:04.836774Z","level":"info","event":"Sleeping for 7.76 seconds...","logger":"task.stdout"}
{"timestamp":"2026-03-29T16:09:12.597590Z","level":"info","event":"Fetching description for: https://ca.linkedin.com/jobs/view/data-analytics-a...","logger":"task.stdout"}
{"timestamp":"2026-03-29T16:09:13.408894Z","level":"info","event":"Sleeping for 10.59 seconds...","logger":"task.stdout"}
{"timestamp":"2026-03-29T16:09:24.004587Z","level":"info","event":"Fetching description for: https://ca.linkedin.com/jobs/view/data-architect-a...","logger":"task.stdout"}
{"timestamp":"2026-03-29T16:09:24.779300Z","level":"info","event":"Sleeping for 11.38 seconds...","logger":"task.stdout"}
{"timestamp":"2026-03-29T16:09:36.169629Z","level":"info","event":"Fetching description for: https://ca.linkedin.com/jobs/view/architecte-analy...","logger":"task.stdout"}
{"timestamp":"2026-03-29T16:09:37.536591Z","level":"info","event":"Sleeping for 11.11 seconds...","logger":"task.stdout"}
{"timestamp":"2026-03-29T16:09:48.730779Z","level":"info","event":"Fetching description for: https://ca.linkedin.com/jobs/view/technical-data-a...","logger":"task.stdout"}
{"timestamp":"2026-03-29T16:09:51.107547Z","level":"info","event":"Sleeping for 9.46 seconds...","logger":"task.stdout"}
{"timestamp":"2026-03-29T16:10:00.575584Z","level":"info","event":"Fetching description for: https://ca.linkedin.com/jobs/view/solution-archite...","logger":"task.stdout"}
{"timestamp":"2026-03-29T16:10:03.268573Z","level":"info","event":"Sleeping for 6.56 seconds...","logger":"task.stdout"}
{"timestamp":"2026-03-29T16:10:09.858539Z","level":"info","event":"Fetching description for: https://ca.linkedin.com/jobs/view/architecte-de-so...","logger":"task.stdout"}
{"timestamp":"2026-03-29T16:10:12.174885Z","level":"info","event":"Sleeping for 6.73 seconds...","logger":"task.stdout"}
{"timestamp":"2026-03-29T16:10:18.917373Z","level":"info","event":"Fetching description for: https://ca.linkedin.com/jobs/view/senior-data-engi...","logger":"task.stdout"}
{"timestamp":"2026-03-29T16:10:20.456140Z","level":"info","event":"Sleeping for 11.28 seconds...","logger":"task.stdout"}
{"timestamp":"2026-03-29T16:10:31.760025Z","level":"info","event":"Fetching description for: https://ca.linkedin.com/jobs/view/architect-data-f...","logger":"task.stdout"}
{"timestamp":"2026-03-29T16:10:33.403949Z","level":"info","event":"Sleeping for 6.08 seconds...","logger":"task.stdout"}
{"timestamp":"2026-03-29T16:10:39.501643Z","level":"info","event":"Fetching description for: https://ca.linkedin.com/jobs/view/architecte-de-do...","logger":"task.stdout"}
{"timestamp":"2026-03-29T16:10:41.248128Z","level":"info","event":"Sleeping for 9.28 seconds...","logger":"task.stdout"}
{"timestamp":"2026-03-29T16:10:50.660779Z","level":"info","event":"Job Description enrichment complete.","logger":"task.stdout"}
{"timestamp":"2026-03-29T16:10:50.692937Z","level":"info","event":"Done. Returned value was: None","logger":"airflow.task.operators.airflow.providers.standard.operators.python.PythonOperator","filename":"python.py","lineno":230}
{"timestamp":"2026-03-29T16:10:51.018742Z","level":"info","event":"Task instance in success state","logger":"task.stdout"}
{"timestamp":"2026-03-29T16:10:51.019492Z","level":"info","event":" Previous state of the Task instance: TaskInstanceState.RUNNING","logger":"task.stdout"}
{"timestamp":"2026-03-29T16:10:51.021895Z","level":"info","event":"Task operator:<Task(PythonOperator): enrich_descriptions>","logger":"task.stdout"}
