{"timestamp":"2026-04-15T13:05:18.099779Z","level":"info","event":"Stats instance was created in PID 7 but accessed in PID 102. Re-initializing.","logger":"airflow.stats","filename":"stats.py","lineno":57}
{"timestamp":"2026-04-15T13:05:18.111311Z","level":"info","event":"DAG bundles loaded: dags-folder","logger":"airflow.dag_processing.bundles.manager.DagBundlesManager","filename":"manager.py","lineno":179}
{"timestamp":"2026-04-15T13:05:18.111950Z","level":"info","event":"Filling up the DagBag from /opt/airflow/dags/linkedin_pipeline.py","logger":"airflow.models.dagbag.BundleDagBag","filename":"dagbag.py","lineno":593}
{"timestamp":"2026-04-15T13:05:19.754382Z","level":"info","event":"Loaded 69 existing jobs from the database.","logger":"task.stdout"}
{"timestamp":"2026-04-15T13:05:19.754805Z","level":"info","event":"","logger":"task.stdout"}
{"timestamp":"2026-04-15T13:05:19.754978Z","level":"info","event":"--- Fetching new jobs for: Data Engineer ---","logger":"task.stdout"}
{"timestamp":"2026-04-15T13:05:19.755121Z","level":"info","event":"Scanning page 1...","logger":"task.stdout"}
{"timestamp":"2026-04-15T13:05:20.413909Z","level":"info","event":"  -> Page 1 had 2 NEW jobs. (Total for query: 2/50)","logger":"task.stdout"}
{"timestamp":"2026-04-15T13:05:24.585452Z","level":"info","event":"Scanning page 2...","logger":"task.stdout"}
{"timestamp":"2026-04-15T13:05:25.151094Z","level":"info","event":"  -> Page 2 had 4 NEW jobs. (Total for query: 6/50)","logger":"task.stdout"}
{"timestamp":"2026-04-15T13:05:31.980344Z","level":"info","event":"Scanning page 3...","logger":"task.stdout"}
{"timestamp":"2026-04-15T13:05:33.376405Z","level":"info","event":"No more jobs found on LinkedIn for this query (End of results).","logger":"task.stdout"}
{"timestamp":"2026-04-15T13:05:33.377262Z","level":"info","event":"","logger":"task.stdout"}
{"timestamp":"2026-04-15T13:05:33.377487Z","level":"info","event":"--- Fetching new jobs for: Ingénieur de données ---","logger":"task.stdout"}
{"timestamp":"2026-04-15T13:05:33.377763Z","level":"info","event":"Scanning page 1...","logger":"task.stdout"}
{"timestamp":"2026-04-15T13:05:34.015349Z","level":"info","event":"  -> Page 1 had 2 NEW jobs. (Total for query: 2/50)","logger":"task.stdout"}
{"timestamp":"2026-04-15T13:05:38.700976Z","level":"info","event":"Scanning page 2...","logger":"task.stdout"}
{"timestamp":"2026-04-15T13:05:39.272017Z","level":"info","event":"  -> Page 2 had 1 NEW jobs. (Total for query: 3/50)","logger":"task.stdout"}
{"timestamp":"2026-04-15T13:05:45.958748Z","level":"info","event":"Scanning page 3...","logger":"task.stdout"}
{"timestamp":"2026-04-15T13:05:46.396178Z","level":"info","event":"No more jobs found on LinkedIn for this query (End of results).","logger":"task.stdout"}
{"timestamp":"2026-04-15T13:05:46.396481Z","level":"info","event":"","logger":"task.stdout"}
{"timestamp":"2026-04-15T13:05:46.396644Z","level":"info","event":"--- Fetching new jobs for: Data Architect ---","logger":"task.stdout"}
{"timestamp":"2026-04-15T13:05:46.396763Z","level":"info","event":"Scanning page 1...","logger":"task.stdout"}
{"timestamp":"2026-04-15T13:05:47.127822Z","level":"info","event":"  -> Page 1 had 3 NEW jobs. (Total for query: 3/50)","logger":"task.stdout"}
{"timestamp":"2026-04-15T13:05:53.297166Z","level":"info","event":"Scanning page 2...","logger":"task.stdout"}
{"timestamp":"2026-04-15T13:05:53.736748Z","level":"info","event":"No more jobs found on LinkedIn for this query (End of results).","logger":"task.stdout"}
{"timestamp":"2026-04-15T13:05:53.850370Z","level":"info","event":"Jobs successfully Upserted (Inserted or Updated) into Bronze layer.","logger":"task.stdout"}
{"timestamp":"2026-04-15T13:05:53.851864Z","level":"info","event":"","logger":"task.stdout"}
{"timestamp":"2026-04-15T13:05:53.852011Z","level":"info","event":"✅ Success: Saved 12 completely NEW jobs to the Bronze layer.","logger":"task.stdout"}
{"timestamp":"2026-04-15T13:05:53.851925Z","level":"info","event":"Done. Returned value was: None","logger":"airflow.task.operators.airflow.providers.standard.operators.python.PythonOperator","filename":"python.py","lineno":230}
