{"timestamp":"2026-04-01T18:14:49.703100Z","level":"info","event":"Stats instance was created in PID 7 but accessed in PID 277. Re-initializing.","logger":"airflow.stats","filename":"stats.py","lineno":57}
{"timestamp":"2026-04-01T18:14:49.709990Z","level":"info","event":"DAG bundles loaded: dags-folder","logger":"airflow.dag_processing.bundles.manager.DagBundlesManager","filename":"manager.py","lineno":179}
{"timestamp":"2026-04-01T18:14:49.710413Z","level":"info","event":"Filling up the DagBag from /opt/airflow/dags/linkedin_pipeline.py","logger":"airflow.models.dagbag.BundleDagBag","filename":"dagbag.py","lineno":593}
{"timestamp":"2026-04-01T18:14:50.815355Z","level":"info","event":"Loaded 0 existing jobs from the database.","logger":"task.stdout"}
{"timestamp":"2026-04-01T18:14:50.816622Z","level":"info","event":"","logger":"task.stdout"}
{"timestamp":"2026-04-01T18:14:50.816883Z","level":"info","event":"--- Fetching new jobs for: Data Engineer ---","logger":"task.stdout"}
{"timestamp":"2026-04-01T18:14:50.817254Z","level":"info","event":"Scanning page 1...","logger":"task.stdout"}
{"timestamp":"2026-04-01T18:14:51.444890Z","level":"info","event":"  -> Page 1 had 10 NEW jobs. (Total for query: 10/50)","logger":"task.stdout"}
{"timestamp":"2026-04-01T18:14:57.064793Z","level":"info","event":"Scanning page 2...","logger":"task.stdout"}
{"timestamp":"2026-04-01T18:14:57.699205Z","level":"info","event":"  -> Page 2 had 10 NEW jobs. (Total for query: 20/50)","logger":"task.stdout"}
{"timestamp":"2026-04-01T18:15:02.096835Z","level":"info","event":"Scanning page 3...","logger":"task.stdout"}
{"timestamp":"2026-04-01T18:15:02.918981Z","level":"info","event":"  -> Page 3 had 10 NEW jobs. (Total for query: 30/50)","logger":"task.stdout"}
{"timestamp":"2026-04-01T18:15:09.717994Z","level":"info","event":"Scanning page 4...","logger":"task.stdout"}
{"timestamp":"2026-04-01T18:15:10.259704Z","level":"info","event":"No more jobs found on LinkedIn for this query (End of results).","logger":"task.stdout"}
{"timestamp":"2026-04-01T18:15:10.263017Z","level":"info","event":"","logger":"task.stdout"}
{"timestamp":"2026-04-01T18:15:10.263474Z","level":"info","event":"--- Fetching new jobs for: Ingénieur de données ---","logger":"task.stdout"}
{"timestamp":"2026-04-01T18:15:10.265198Z","level":"info","event":"Scanning page 1...","logger":"task.stdout"}
{"timestamp":"2026-04-01T18:15:11.117493Z","level":"info","event":"  -> Page 1 had 4 NEW jobs. (Total for query: 4/50)","logger":"task.stdout"}
{"timestamp":"2026-04-01T18:15:16.420314Z","level":"info","event":"Scanning page 2...","logger":"task.stdout"}
{"timestamp":"2026-04-01T18:15:17.069966Z","level":"info","event":"  -> Page 2 had 7 NEW jobs. (Total for query: 11/50)","logger":"task.stdout"}
{"timestamp":"2026-04-01T18:15:23.557710Z","level":"info","event":"Scanning page 3...","logger":"task.stdout"}
{"timestamp":"2026-04-01T18:15:24.035071Z","level":"info","event":"No more jobs found on LinkedIn for this query (End of results).","logger":"task.stdout"}
{"timestamp":"2026-04-01T18:15:24.035310Z","level":"info","event":"","logger":"task.stdout"}
{"timestamp":"2026-04-01T18:15:24.035472Z","level":"info","event":"--- Fetching new jobs for: Data Architect ---","logger":"task.stdout"}
{"timestamp":"2026-04-01T18:15:24.035649Z","level":"info","event":"Scanning page 1...","logger":"task.stdout"}
{"timestamp":"2026-04-01T18:15:24.740613Z","level":"info","event":"  -> Page 1 had 9 NEW jobs. (Total for query: 9/50)","logger":"task.stdout"}
{"timestamp":"2026-04-01T18:15:30.341382Z","level":"info","event":"Scanning page 2...","logger":"task.stdout"}
{"timestamp":"2026-04-01T18:15:30.869712Z","level":"info","event":"No more jobs found on LinkedIn for this query (End of results).","logger":"task.stdout"}
{"timestamp":"2026-04-01T18:15:30.946983Z","level":"info","event":"Error in database insertion: (psycopg2.OperationalError) connection to server at \"postgres\" (172.21.0.5), port 5432 failed: FATAL:  password authentication failed for user \"USER1\"","logger":"task.stdout"}
{"timestamp":"2026-04-01T18:15:30.947233Z","level":"info","event":"","logger":"task.stdout"}
{"timestamp":"2026-04-01T18:15:30.947424Z","level":"info","event":"(Background on this error at: https://sqlalche.me/e/20/e3q8)","logger":"task.stdout"}
{"timestamp":"2026-04-01T18:15:30.947569Z","level":"info","event":"","logger":"task.stdout"}
{"timestamp":"2026-04-01T18:15:30.947743Z","level":"info","event":"✅ Success: Saved 50 completely NEW jobs to the Bronze layer.","logger":"task.stdout"}
{"timestamp":"2026-04-01T18:15:30.947645Z","level":"info","event":"Done. Returned value was: None","logger":"airflow.task.operators.airflow.providers.standard.operators.python.PythonOperator","filename":"python.py","lineno":230}
