{"timestamp":"2026-03-30T16:08:31.466497Z","level":"info","event":"Stats instance was created in PID 6 but accessed in PID 160. Re-initializing.","logger":"airflow.stats","filename":"stats.py","lineno":57}
{"timestamp":"2026-03-30T16:08:31.967136Z","level":"info","event":"DAG bundles loaded: dags-folder, example_dags","logger":"airflow.dag_processing.bundles.manager.DagBundlesManager","filename":"manager.py","lineno":179}
{"timestamp":"2026-03-30T16:08:31.968033Z","level":"info","event":"Filling up the DagBag from /opt/airflow/dags/linkedin_pipeline.py","logger":"airflow.models.dagbag.BundleDagBag","filename":"dagbag.py","lineno":593}
{"timestamp":"2026-03-30T16:08:34.572844Z","level":"info","event":"Task instance is in running state","logger":"task.stdout"}
{"timestamp":"2026-03-30T16:08:34.573549Z","level":"info","event":" Previous state of the Task instance: TaskInstanceState.QUEUED","logger":"task.stdout"}
{"timestamp":"2026-03-30T16:08:34.573886Z","level":"info","event":"Current task name:enrich_descriptions","logger":"task.stdout"}
{"timestamp":"2026-03-30T16:08:34.574056Z","level":"info","event":"Dag name:linkedin_bronze_to_silver","logger":"task.stdout"}
{"timestamp":"2026-03-30T16:08:34.577717Z","level":"info","event":"Starting Job Description enrichment process...","logger":"task.stdout"}
{"timestamp":"2026-03-30T16:08:34.613680Z","level":"info","event":"Starting enrichment for 50 jobs...","logger":"task.stdout"}
{"timestamp":"2026-03-30T16:08:34.614940Z","level":"info","event":"Fetching description for: https://ca.linkedin.com/jobs/view/senior-developer...","logger":"task.stdout"}
{"timestamp":"2026-03-30T16:08:35.418704Z","level":"info","event":"Sleeping for 5.91 seconds...","logger":"task.stdout"}
{"timestamp":"2026-03-30T16:08:41.330619Z","level":"info","event":"Fetching description for: https://ca.linkedin.com/jobs/view/senior-data-engi...","logger":"task.stdout"}
{"timestamp":"2026-03-30T16:08:42.139636Z","level":"info","event":"Sleeping for 6.39 seconds...","logger":"task.stdout"}
{"timestamp":"2026-03-30T16:08:48.531680Z","level":"info","event":"Fetching description for: https://ca.linkedin.com/jobs/view/programming-soft...","logger":"task.stdout"}
{"timestamp":"2026-03-30T16:08:49.729642Z","level":"info","event":"Sleeping for 8.55 seconds...","logger":"task.stdout"}
{"timestamp":"2026-03-30T16:08:58.285444Z","level":"info","event":"Fetching description for: https://ca.linkedin.com/jobs/view/lead-data-engine...","logger":"task.stdout"}
{"timestamp":"2026-03-30T16:08:59.364314Z","level":"info","event":"Sleeping for 7.24 seconds...","logger":"task.stdout"}
{"timestamp":"2026-03-30T16:09:06.611803Z","level":"info","event":"Fetching description for: https://ca.linkedin.com/jobs/view/software-enginee...","logger":"task.stdout"}
{"timestamp":"2026-03-30T16:09:07.521703Z","level":"info","event":"Sleeping for 7.71 seconds...","logger":"task.stdout"}
{"timestamp":"2026-03-30T16:09:15.239055Z","level":"info","event":"Fetching description for: https://ca.linkedin.com/jobs/view/software-enginee...","logger":"task.stdout"}
{"timestamp":"2026-03-30T16:09:16.146923Z","level":"info","event":"Sleeping for 6.65 seconds...","logger":"task.stdout"}
{"timestamp":"2026-03-30T16:09:22.813422Z","level":"info","event":"Fetching description for: https://ca.linkedin.com/jobs/view/data-internship-...","logger":"task.stdout"}
{"timestamp":"2026-03-30T16:09:24.201024Z","level":"info","event":"Sleeping for 6.84 seconds...","logger":"task.stdout"}
{"timestamp":"2026-03-30T16:09:31.044136Z","level":"info","event":"Fetching description for: https://ca.linkedin.com/jobs/view/data-collector-c...","logger":"task.stdout"}
{"timestamp":"2026-03-30T16:09:31.708349Z","level":"info","event":"Sleeping for 7.23 seconds...","logger":"task.stdout"}
{"timestamp":"2026-03-30T16:09:38.944258Z","level":"info","event":"Fetching description for: https://ca.linkedin.com/jobs/view/analyste-program...","logger":"task.stdout"}
{"timestamp":"2026-03-30T16:09:39.880165Z","level":"info","event":"Sleeping for 8.51 seconds...","logger":"task.stdout"}
{"timestamp":"2026-03-30T16:09:48.395934Z","level":"info","event":"Fetching description for: https://ca.linkedin.com/jobs/view/software-enginee...","logger":"task.stdout"}
{"timestamp":"2026-03-30T16:09:49.935218Z","level":"info","event":"Sleeping for 6.48 seconds...","logger":"task.stdout"}
{"timestamp":"2026-03-30T16:09:56.412587Z","level":"info","event":"Fetching description for: https://ca.linkedin.com/jobs/view/data-analysis-tu...","logger":"task.stdout"}
{"timestamp":"2026-03-30T16:09:57.318901Z","level":"info","event":"Sleeping for 6.25 seconds...","logger":"task.stdout"}
{"timestamp":"2026-03-30T16:10:03.569369Z","level":"info","event":"Fetching description for: https://ca.linkedin.com/jobs/view/stage-en-donn%C3...","logger":"task.stdout"}
{"timestamp":"2026-03-30T16:10:04.592596Z","level":"info","event":"Sleeping for 6.34 seconds...","logger":"task.stdout"}
{"timestamp":"2026-03-30T16:10:10.934646Z","level":"info","event":"Fetching description for: https://ca.linkedin.com/jobs/view/site-supervision...","logger":"task.stdout"}
{"timestamp":"2026-03-30T16:10:11.943148Z","level":"info","event":"Sleeping for 9.78 seconds...","logger":"task.stdout"}
{"timestamp":"2026-03-30T16:10:21.721624Z","level":"info","event":"Fetching description for: https://ca.linkedin.com/jobs/view/contr%C3%B4leur-...","logger":"task.stdout"}
{"timestamp":"2026-03-30T16:10:22.546662Z","level":"info","event":"Sleeping for 7.04 seconds...","logger":"task.stdout"}
{"timestamp":"2026-03-30T16:10:29.591706Z","level":"info","event":"Fetching description for: https://ca.linkedin.com/jobs/view/scientifique-de-...","logger":"task.stdout"}
{"timestamp":"2026-03-30T16:10:30.588234Z","level":"info","event":"Sleeping for 6.72 seconds...","logger":"task.stdout"}
{"timestamp":"2026-03-30T16:10:37.314790Z","level":"info","event":"Fetching description for: https://ca.linkedin.com/jobs/view/analyste-infrast...","logger":"task.stdout"}
{"timestamp":"2026-03-30T16:10:38.266413Z","level":"info","event":"Sleeping for 8.82 seconds...","logger":"task.stdout"}
{"timestamp":"2026-03-30T16:10:47.086947Z","level":"info","event":"Fetching description for: https://ca.linkedin.com/jobs/view/engineering-proj...","logger":"task.stdout"}
{"timestamp":"2026-03-30T16:10:47.894948Z","level":"info","event":"Sleeping for 11.22 seconds...","logger":"task.stdout"}
{"timestamp":"2026-03-30T16:10:59.118032Z","level":"info","event":"Fetching description for: https://ca.linkedin.com/jobs/view/safety-and-ram-s...","logger":"task.stdout"}
{"timestamp":"2026-03-30T16:10:59.903373Z","level":"info","event":"Sleeping for 5.91 seconds...","logger":"task.stdout"}
{"timestamp":"2026-03-30T16:11:05.819210Z","level":"info","event":"Fetching description for: https://ca.linkedin.com/jobs/view/expert-en-scienc...","logger":"task.stdout"}
{"timestamp":"2026-03-30T16:11:06.766272Z","level":"info","event":"Sleeping for 6.47 seconds...","logger":"task.stdout"}
{"timestamp":"2026-03-30T16:11:13.241288Z","level":"info","event":"Fetching description for: https://ca.linkedin.com/jobs/view/conseiller-%C3%A...","logger":"task.stdout"}
{"timestamp":"2026-03-30T16:11:15.196049Z","level":"info","event":"Sleeping for 10.28 seconds...","logger":"task.stdout"}
{"timestamp":"2026-03-30T16:11:25.478061Z","level":"info","event":"Fetching description for: https://ca.linkedin.com/jobs/view/data-collector-c...","logger":"task.stdout"}
{"timestamp":"2026-03-30T16:11:26.179942Z","level":"info","event":"Sleeping for 6.59 seconds...","logger":"task.stdout"}
{"timestamp":"2026-03-30T16:11:32.769763Z","level":"info","event":"Fetching description for: https://ca.linkedin.com/jobs/view/ing%C3%A9nieur-e...","logger":"task.stdout"}
{"timestamp":"2026-03-30T16:11:33.790257Z","level":"info","event":"Sleeping for 5.21 seconds...","logger":"task.stdout"}
{"timestamp":"2026-03-30T16:11:39.003234Z","level":"info","event":"Fetching description for: https://ca.linkedin.com/jobs/view/data-internship-...","logger":"task.stdout"}
{"timestamp":"2026-03-30T16:11:40.027091Z","level":"info","event":"Sleeping for 11.05 seconds...","logger":"task.stdout"}
{"timestamp":"2026-03-30T16:11:51.075379Z","level":"info","event":"Fetching description for: https://ca.linkedin.com/jobs/view/senior-developer...","logger":"task.stdout"}
{"timestamp":"2026-03-30T16:11:51.903926Z","level":"info","event":"Sleeping for 11.93 seconds...","logger":"task.stdout"}
{"timestamp":"2026-03-30T16:12:03.835680Z","level":"info","event":"Fetching description for: https://ca.linkedin.com/jobs/view/architect-data-f...","logger":"task.stdout"}
{"timestamp":"2026-03-30T16:12:04.649405Z","level":"info","event":"Sleeping for 8.37 seconds...","logger":"task.stdout"}
{"timestamp":"2026-03-30T16:12:13.020161Z","level":"info","event":"Fetching description for: https://ca.linkedin.com/jobs/view/analyste-program...","logger":"task.stdout"}
{"timestamp":"2026-03-30T16:12:13.988710Z","level":"info","event":"Sleeping for 6.44 seconds...","logger":"task.stdout"}
{"timestamp":"2026-03-30T16:12:20.427594Z","level":"info","event":"Fetching description for: https://ca.linkedin.com/jobs/view/ing%C3%A9nieur-e...","logger":"task.stdout"}
{"timestamp":"2026-03-30T16:12:21.390979Z","level":"info","event":"Sleeping for 6.24 seconds...","logger":"task.stdout"}
{"timestamp":"2026-03-30T16:12:27.634212Z","level":"info","event":"Fetching description for: https://ca.linkedin.com/jobs/view/ing%C3%A9nieure-...","logger":"task.stdout"}
{"timestamp":"2026-03-30T16:12:28.663491Z","level":"info","event":"Sleeping for 10.69 seconds...","logger":"task.stdout"}
{"timestamp":"2026-03-30T16:12:39.355781Z","level":"info","event":"Fetching description for: https://ca.linkedin.com/jobs/view/technicien-valid...","logger":"task.stdout"}
{"timestamp":"2026-03-30T16:12:40.216670Z","level":"info","event":"Sleeping for 5.23 seconds...","logger":"task.stdout"}
{"timestamp":"2026-03-30T16:12:45.451075Z","level":"info","event":"Fetching description for: https://ca.linkedin.com/jobs/view/senior-data-engi...","logger":"task.stdout"}
{"timestamp":"2026-03-30T16:12:46.879542Z","level":"info","event":"Sleeping for 5.46 seconds...","logger":"task.stdout"}
{"timestamp":"2026-03-30T16:12:52.340982Z","level":"info","event":"Fetching description for: https://ca.linkedin.com/jobs/view/analyst-data-val...","logger":"task.stdout"}
{"timestamp":"2026-03-30T16:12:53.376116Z","level":"info","event":"Sleeping for 6.46 seconds...","logger":"task.stdout"}
{"timestamp":"2026-03-30T16:12:59.842913Z","level":"info","event":"Fetching description for: https://ca.linkedin.com/jobs/view/programmeur-euse...","logger":"task.stdout"}
{"timestamp":"2026-03-30T16:13:00.823147Z","level":"info","event":"Sleeping for 8.72 seconds...","logger":"task.stdout"}
{"timestamp":"2026-03-30T16:13:09.539497Z","level":"info","event":"Fetching description for: https://ca.linkedin.com/jobs/view/ing%C3%A9nieure-...","logger":"task.stdout"}
{"timestamp":"2026-03-30T16:13:10.572143Z","level":"info","event":"Sleeping for 6.89 seconds...","logger":"task.stdout"}
{"timestamp":"2026-03-30T16:13:17.464735Z","level":"info","event":"Fetching description for: https://ca.linkedin.com/jobs/view/sp%C3%A9cialiste...","logger":"task.stdout"}
{"timestamp":"2026-03-30T16:13:18.426570Z","level":"info","event":"Sleeping for 6.29 seconds...","logger":"task.stdout"}
{"timestamp":"2026-03-30T16:13:24.723218Z","level":"info","event":"Fetching description for: https://ca.linkedin.com/jobs/view/contr%C3%B4leur-...","logger":"task.stdout"}
{"timestamp":"2026-03-30T16:13:25.695826Z","level":"info","event":"Sleeping for 11.64 seconds...","logger":"task.stdout"}
{"timestamp":"2026-03-30T16:13:37.351822Z","level":"info","event":"Fetching description for: https://ca.linkedin.com/jobs/view/scientifique-de-...","logger":"task.stdout"}
{"timestamp":"2026-03-30T16:13:38.647547Z","level":"info","event":"Sleeping for 11.26 seconds...","logger":"task.stdout"}
{"timestamp":"2026-03-30T16:13:49.908596Z","level":"info","event":"Fetching description for: https://ca.linkedin.com/jobs/view/analyste-de-r%C3...","logger":"task.stdout"}
{"timestamp":"2026-03-30T16:13:51.122350Z","level":"info","event":"Sleeping for 9.50 seconds...","logger":"task.stdout"}
{"timestamp":"2026-03-30T16:14:00.623806Z","level":"info","event":"Fetching description for: https://ca.linkedin.com/jobs/view/e3-analyste-powe...","logger":"task.stdout"}
{"timestamp":"2026-03-30T16:14:01.576858Z","level":"info","event":"Sleeping for 5.04 seconds...","logger":"task.stdout"}
{"timestamp":"2026-03-30T16:14:06.638081Z","level":"info","event":"Fetching description for: https://ca.linkedin.com/jobs/view/data-analysis-tu...","logger":"task.stdout"}
{"timestamp":"2026-03-30T16:14:07.492767Z","level":"info","event":"Sleeping for 10.11 seconds...","logger":"task.stdout"}
{"timestamp":"2026-03-30T16:14:17.606306Z","level":"info","event":"Fetching description for: https://ca.linkedin.com/jobs/view/analyste-en-envi...","logger":"task.stdout"}
{"timestamp":"2026-03-30T16:14:19.125159Z","level":"info","event":"Sleeping for 8.87 seconds...","logger":"task.stdout"}
{"timestamp":"2026-03-30T16:14:27.996842Z","level":"info","event":"Fetching description for: https://ca.linkedin.com/jobs/view/ing%C3%A9nieure-...","logger":"task.stdout"}
{"timestamp":"2026-03-30T16:14:28.932323Z","level":"info","event":"Sleeping for 10.67 seconds...","logger":"task.stdout"}
{"timestamp":"2026-03-30T16:14:39.608354Z","level":"info","event":"Fetching description for: https://ca.linkedin.com/jobs/view/it-architect-at-...","logger":"task.stdout"}
{"timestamp":"2026-03-30T16:14:40.671601Z","level":"info","event":"Sleeping for 7.17 seconds...","logger":"task.stdout"}
{"timestamp":"2026-03-30T16:14:47.844154Z","level":"info","event":"Fetching description for: https://ca.linkedin.com/jobs/view/data-analytics-a...","logger":"task.stdout"}
{"timestamp":"2026-03-30T16:14:48.743931Z","level":"info","event":"Sleeping for 10.87 seconds...","logger":"task.stdout"}
{"timestamp":"2026-03-30T16:14:59.621019Z","level":"info","event":"Fetching description for: https://ca.linkedin.com/jobs/view/data-architect-a...","logger":"task.stdout"}
{"timestamp":"2026-03-30T16:15:00.287680Z","level":"info","event":"Sleeping for 9.27 seconds...","logger":"task.stdout"}
{"timestamp":"2026-03-30T16:15:09.560464Z","level":"info","event":"Fetching description for: https://ca.linkedin.com/jobs/view/architecte-analy...","logger":"task.stdout"}
{"timestamp":"2026-03-30T16:15:10.465122Z","level":"info","event":"Sleeping for 7.74 seconds...","logger":"task.stdout"}
{"timestamp":"2026-03-30T16:15:18.206800Z","level":"info","event":"Fetching description for: https://ca.linkedin.com/jobs/view/technical-data-a...","logger":"task.stdout"}
{"timestamp":"2026-03-30T16:15:18.948364Z","level":"info","event":"Sleeping for 11.15 seconds...","logger":"task.stdout"}
{"timestamp":"2026-03-30T16:15:30.103212Z","level":"info","event":"Fetching description for: https://ca.linkedin.com/jobs/view/solution-archite...","logger":"task.stdout"}
{"timestamp":"2026-03-30T16:15:31.077285Z","level":"info","event":"Sleeping for 8.21 seconds...","logger":"task.stdout"}
{"timestamp":"2026-03-30T16:15:39.288553Z","level":"info","event":"Fetching description for: https://ca.linkedin.com/jobs/view/architecte-de-so...","logger":"task.stdout"}
{"timestamp":"2026-03-30T16:15:39.937694Z","level":"info","event":"Sleeping for 10.18 seconds...","logger":"task.stdout"}
{"timestamp":"2026-03-30T16:15:50.121823Z","level":"info","event":"Fetching description for: https://ca.linkedin.com/jobs/view/senior-data-engi...","logger":"task.stdout"}
{"timestamp":"2026-03-30T16:15:51.221452Z","level":"info","event":"Sleeping for 11.81 seconds...","logger":"task.stdout"}
{"timestamp":"2026-03-30T16:16:03.030620Z","level":"info","event":"Fetching description for: https://ca.linkedin.com/jobs/view/architecte-de-do...","logger":"task.stdout"}
{"timestamp":"2026-03-30T16:16:04.509980Z","level":"info","event":"Sleeping for 8.88 seconds...","logger":"task.stdout"}
{"timestamp":"2026-03-30T16:16:13.397435Z","level":"info","event":"Job Description enrichment complete.","logger":"task.stdout"}
{"timestamp":"2026-03-30T16:16:13.398189Z","level":"info","event":"Done. Returned value was: None","logger":"airflow.task.operators.airflow.providers.standard.operators.python.PythonOperator","filename":"python.py","lineno":230}
{"timestamp":"2026-03-30T16:16:13.445331Z","level":"info","event":"Task instance in success state","logger":"task.stdout"}
{"timestamp":"2026-03-30T16:16:13.445542Z","level":"info","event":" Previous state of the Task instance: TaskInstanceState.RUNNING","logger":"task.stdout"}
{"timestamp":"2026-03-30T16:16:13.446434Z","level":"info","event":"Task operator:<Task(PythonOperator): enrich_descriptions>","logger":"task.stdout"}
