{"timestamp":"2026-04-15T16:09:14.461454Z","level":"info","event":"Stats instance was created in PID 7 but accessed in PID 966. Re-initializing.","logger":"airflow.stats","filename":"stats.py","lineno":57}
{"timestamp":"2026-04-15T16:09:14.475642Z","level":"info","event":"DAG bundles loaded: dags-folder","logger":"airflow.dag_processing.bundles.manager.DagBundlesManager","filename":"manager.py","lineno":179}
{"timestamp":"2026-04-15T16:09:14.476319Z","level":"info","event":"Filling up the DagBag from /opt/airflow/dags/linkedin_pipeline.py","logger":"airflow.models.dagbag.BundleDagBag","filename":"dagbag.py","lineno":593}
{"timestamp":"2026-04-15T16:09:15.682038Z","level":"info","event":"Loaded 40 existing jobs from the database.","logger":"task.stdout"}
{"timestamp":"2026-04-15T16:09:15.682271Z","level":"info","event":"","logger":"task.stdout"}
{"timestamp":"2026-04-15T16:09:15.682426Z","level":"info","event":"--- Fetching new jobs for: 'Data Engineer junior' in 'Paris, France' ---","logger":"task.stdout"}
{"timestamp":"2026-04-15T16:09:15.682542Z","level":"info","event":"Scanning page 1...","logger":"task.stdout"}
{"timestamp":"2026-04-15T16:09:16.274831Z","level":"info","event":"  -> Page 1 had 10 NEW jobs. (Total for query: 10/50)","logger":"task.stdout"}
{"timestamp":"2026-04-15T16:09:21.303970Z","level":"info","event":"Scanning page 2...","logger":"task.stdout"}
{"timestamp":"2026-04-15T16:09:21.875486Z","level":"info","event":"  -> Page 2 had 10 NEW jobs. (Total for query: 20/50)","logger":"task.stdout"}
{"timestamp":"2026-04-15T16:09:27.320669Z","level":"info","event":"Scanning page 3...","logger":"task.stdout"}
{"timestamp":"2026-04-15T16:09:27.919343Z","level":"info","event":"  -> Page 3 had 10 NEW jobs. (Total for query: 30/50)","logger":"task.stdout"}
{"timestamp":"2026-04-15T16:09:33.270366Z","level":"info","event":"Scanning page 4...","logger":"task.stdout"}
{"timestamp":"2026-04-15T16:09:33.868286Z","level":"info","event":"  -> Page 4 had 9 NEW jobs. (Total for query: 39/50)","logger":"task.stdout"}
{"timestamp":"2026-04-15T16:09:39.322523Z","level":"info","event":"Scanning page 5...","logger":"task.stdout"}
{"timestamp":"2026-04-15T16:09:39.990721Z","level":"info","event":"  -> Page 5 had 10 NEW jobs. (Total for query: 49/50)","logger":"task.stdout"}
{"timestamp":"2026-04-15T16:09:45.721999Z","level":"info","event":"Scanning page 6...","logger":"task.stdout"}
{"timestamp":"2026-04-15T16:09:46.351307Z","level":"info","event":"  -> Page 6 had 10 NEW jobs. (Total for query: 59/50)","logger":"task.stdout"}
{"timestamp":"2026-04-15T16:09:46.352660Z","level":"info","event":"","logger":"task.stdout"}
{"timestamp":"2026-04-15T16:09:46.352920Z","level":"info","event":"--- Fetching new jobs for: 'Data Engineer intern' in 'Paris, France' ---","logger":"task.stdout"}
{"timestamp":"2026-04-15T16:09:46.353053Z","level":"info","event":"Scanning page 1...","logger":"task.stdout"}
{"timestamp":"2026-04-15T16:09:46.930132Z","level":"info","event":"  -> Page 1 had 10 NEW jobs. (Total for query: 10/50)","logger":"task.stdout"}
{"timestamp":"2026-04-15T16:09:54.778490Z","level":"info","event":"Scanning page 2...","logger":"task.stdout"}
{"timestamp":"2026-04-15T16:09:55.337731Z","level":"info","event":"  -> Page 2 had 10 NEW jobs. (Total for query: 20/50)","logger":"task.stdout"}
{"timestamp":"2026-04-15T16:09:59.970513Z","level":"info","event":"Scanning page 3...","logger":"task.stdout"}
{"timestamp":"2026-04-15T16:10:00.478590Z","level":"info","event":"No more jobs found on LinkedIn for this query (End of results).","logger":"task.stdout"}
{"timestamp":"2026-04-15T16:10:00.479226Z","level":"info","event":"","logger":"task.stdout"}
{"timestamp":"2026-04-15T16:10:00.479668Z","level":"info","event":"--- Fetching new jobs for: 'Data Engineer internship' in 'Paris, France' ---","logger":"task.stdout"}
{"timestamp":"2026-04-15T16:10:00.479888Z","level":"info","event":"Scanning page 1...","logger":"task.stdout"}
{"timestamp":"2026-04-15T16:10:01.106471Z","level":"info","event":"  -> Page 1 had 4 NEW jobs. (Total for query: 4/50)","logger":"task.stdout"}
{"timestamp":"2026-04-15T16:10:05.311687Z","level":"info","event":"Scanning page 2...","logger":"task.stdout"}
{"timestamp":"2026-04-15T16:10:06.023608Z","level":"info","event":"  -> Page 2 had 7 NEW jobs. (Total for query: 11/50)","logger":"task.stdout"}
{"timestamp":"2026-04-15T16:10:11.318418Z","level":"info","event":"Scanning page 3...","logger":"task.stdout"}
{"timestamp":"2026-04-15T16:10:11.903591Z","level":"info","event":"  -> Page 3 had 6 NEW jobs. (Total for query: 17/50)","logger":"task.stdout"}
{"timestamp":"2026-04-15T16:10:17.930440Z","level":"info","event":"Scanning page 4...","logger":"task.stdout"}
{"timestamp":"2026-04-15T16:10:18.496276Z","level":"info","event":"No more jobs found on LinkedIn for this query (End of results).","logger":"task.stdout"}
{"timestamp":"2026-04-15T16:10:18.496525Z","level":"info","event":"","logger":"task.stdout"}
{"timestamp":"2026-04-15T16:10:18.496629Z","level":"info","event":"--- Fetching new jobs for: 'Data Engineer stage' in 'Paris, France' ---","logger":"task.stdout"}
{"timestamp":"2026-04-15T16:10:18.496721Z","level":"info","event":"Scanning page 1...","logger":"task.stdout"}
{"timestamp":"2026-04-15T16:10:19.104419Z","level":"info","event":"  -> Page 1 had 7 NEW jobs. (Total for query: 7/50)","logger":"task.stdout"}
{"timestamp":"2026-04-15T16:10:23.355975Z","level":"info","event":"Scanning page 2...","logger":"task.stdout"}
{"timestamp":"2026-04-15T16:10:23.942191Z","level":"info","event":"  -> Page 2 had 10 NEW jobs. (Total for query: 17/50)","logger":"task.stdout"}
{"timestamp":"2026-04-15T16:10:29.953727Z","level":"info","event":"Scanning page 3...","logger":"task.stdout"}
{"timestamp":"2026-04-15T16:10:30.630194Z","level":"info","event":"  -> Page 3 had 9 NEW jobs. (Total for query: 26/50)","logger":"task.stdout"}
{"timestamp":"2026-04-15T16:10:35.246008Z","level":"info","event":"Scanning page 4...","logger":"task.stdout"}
{"timestamp":"2026-04-15T16:10:36.011970Z","level":"info","event":"  -> Page 4 had 9 NEW jobs. (Total for query: 35/50)","logger":"task.stdout"}
{"timestamp":"2026-04-15T16:10:40.071371Z","level":"info","event":"Scanning page 5...","logger":"task.stdout"}
{"timestamp":"2026-04-15T16:10:40.738973Z","level":"info","event":"  -> Page 5 had 10 NEW jobs. (Total for query: 45/50)","logger":"task.stdout"}
{"timestamp":"2026-04-15T16:10:46.185982Z","level":"info","event":"Scanning page 6...","logger":"task.stdout"}
{"timestamp":"2026-04-15T16:10:46.756864Z","level":"info","event":"  -> Page 6 had 9 NEW jobs. (Total for query: 54/50)","logger":"task.stdout"}
{"timestamp":"2026-04-15T16:10:46.757122Z","level":"info","event":"","logger":"task.stdout"}
{"timestamp":"2026-04-15T16:10:46.757302Z","level":"info","event":"--- Fetching new jobs for: 'Data Engineer entry level' in 'Paris, France' ---","logger":"task.stdout"}
{"timestamp":"2026-04-15T16:10:46.757449Z","level":"info","event":"Scanning page 1...","logger":"task.stdout"}
{"timestamp":"2026-04-15T16:10:47.373345Z","level":"info","event":"  -> Page 1 had 1 NEW jobs. (Total for query: 1/50)","logger":"task.stdout"}
{"timestamp":"2026-04-15T16:10:54.382994Z","level":"info","event":"Scanning page 2...","logger":"task.stdout"}
{"timestamp":"2026-04-15T16:10:54.798282Z","level":"info","event":"No more jobs found on LinkedIn for this query (End of results).","logger":"task.stdout"}
{"timestamp":"2026-04-15T16:10:54.798610Z","level":"info","event":"","logger":"task.stdout"}
{"timestamp":"2026-04-15T16:10:54.798921Z","level":"info","event":"--- Fetching new jobs for: 'Data Engineer student' in 'Paris, France' ---","logger":"task.stdout"}
{"timestamp":"2026-04-15T16:10:54.799073Z","level":"info","event":"Scanning page 1...","logger":"task.stdout"}
{"timestamp":"2026-04-15T16:10:55.377588Z","level":"info","event":"  -> Page 1 had 5 NEW jobs. (Total for query: 5/50)","logger":"task.stdout"}
{"timestamp":"2026-04-15T16:10:59.417125Z","level":"info","event":"Scanning page 2...","logger":"task.stdout"}
{"timestamp":"2026-04-15T16:10:59.868843Z","level":"info","event":"No more jobs found on LinkedIn for this query (End of results).","logger":"task.stdout"}
{"timestamp":"2026-04-15T16:10:59.869859Z","level":"info","event":"","logger":"task.stdout"}
{"timestamp":"2026-04-15T16:10:59.870319Z","level":"info","event":"--- Fetching new jobs for: 'Data Engineer étudiant' in 'Paris, France' ---","logger":"task.stdout"}
{"timestamp":"2026-04-15T16:10:59.870829Z","level":"info","event":"Scanning page 1...","logger":"task.stdout"}
{"timestamp":"2026-04-15T16:11:00.490231Z","level":"info","event":"  -> Page 1 had 7 NEW jobs. (Total for query: 7/50)","logger":"task.stdout"}
{"timestamp":"2026-04-15T16:11:06.135908Z","level":"info","event":"Scanning page 2...","logger":"task.stdout"}
{"timestamp":"2026-04-15T16:11:06.848939Z","level":"info","event":"  -> Page 2 had 5 NEW jobs. (Total for query: 12/50)","logger":"task.stdout"}
{"timestamp":"2026-04-15T16:11:12.646574Z","level":"info","event":"Scanning page 3...","logger":"task.stdout"}
{"timestamp":"2026-04-15T16:11:13.324021Z","level":"info","event":"  -> Page 3 had 7 NEW jobs. (Total for query: 19/50)","logger":"task.stdout"}
{"timestamp":"2026-04-15T16:11:17.835916Z","level":"info","event":"Scanning page 4...","logger":"task.stdout"}
{"timestamp":"2026-04-15T16:11:18.249747Z","level":"info","event":"No more jobs found on LinkedIn for this query (End of results).","logger":"task.stdout"}
{"timestamp":"2026-04-15T16:11:18.375507Z","level":"info","event":"Jobs successfully Upserted (Inserted or Updated) into Bronze layer.","logger":"root","filename":"bronze_raw.py","lineno":280}
{"timestamp":"2026-04-15T16:11:18.379773Z","level":"info","event":"","logger":"task.stdout"}
{"timestamp":"2026-04-15T16:11:18.379957Z","level":"info","event":"✅ Success: Saved 175 completely NEW jobs to the Bronze layer.","logger":"task.stdout"}
{"timestamp":"2026-04-15T16:11:18.379719Z","level":"info","event":"Done. Returned value was: None","logger":"airflow.task.operators.airflow.providers.standard.operators.python.PythonOperator","filename":"python.py","lineno":230}
