{"timestamp":"2026-03-30T15:31:54.364958Z","level":"info","event":"Stats instance was created in PID 7 but accessed in PID 276. Re-initializing.","logger":"airflow.stats","filename":"stats.py","lineno":57}
{"timestamp":"2026-03-30T15:31:54.809950Z","level":"info","event":"DAG bundles loaded: dags-folder, example_dags","logger":"airflow.dag_processing.bundles.manager.DagBundlesManager","filename":"manager.py","lineno":179}
{"timestamp":"2026-03-30T15:31:54.810627Z","level":"info","event":"Filling up the DagBag from /opt/airflow/dags/linkedin_pipeline.py","logger":"airflow.models.dagbag.BundleDagBag","filename":"dagbag.py","lineno":593}
{"timestamp":"2026-03-30T15:31:56.129641Z","level":"info","event":"Task instance is in running state","logger":"task.stdout"}
{"timestamp":"2026-03-30T15:31:56.129859Z","level":"info","event":" Previous state of the Task instance: TaskInstanceState.QUEUED","logger":"task.stdout"}
{"timestamp":"2026-03-30T15:31:56.129984Z","level":"info","event":"Current task name:fetch_and_load_bronze","logger":"task.stdout"}
{"timestamp":"2026-03-30T15:31:56.130065Z","level":"info","event":"Dag name:linkedin_bronze_to_silver","logger":"task.stdout"}
{"timestamp":"2026-03-30T15:31:56.131400Z","level":"info","event":"--- Fetching Data Engineer ---","logger":"task.stdout"}
{"timestamp":"2026-03-30T15:32:07.951784Z","level":"info","event":"--- Fetching Ingénieur de données ---","logger":"task.stdout"}
{"timestamp":"2026-03-30T15:32:19.965760Z","level":"info","event":"--- Fetching Data Architect ---","logger":"task.stdout"}
{"timestamp":"2026-03-30T15:32:32.074038Z","level":"info","event":"Removed 0 duplicate jobs before inserting.","logger":"task.stdout"}
{"timestamp":"2026-03-30T15:32:32.538853Z","level":"info","event":"Error in database insertion: (psycopg2.errors.UndefinedColumn) column \"workplace_type\" of relation \"raw_jobs\" does not exist","logger":"task.stdout"}
{"timestamp":"2026-03-30T15:32:32.539652Z","level":"info","event":"LINE 2: ...O raw_jobs (title, company, location, link, date, workplace_...","logger":"task.stdout"}
{"timestamp":"2026-03-30T15:32:32.539903Z","level":"info","event":"                                                             ^","logger":"task.stdout"}
{"timestamp":"2026-03-30T15:32:32.540147Z","level":"info","event":"","logger":"task.stdout"}
{"timestamp":"2026-03-30T15:32:32.540467Z","level":"info","event":"[SQL:","logger":"task.stdout"}
{"timestamp":"2026-03-30T15:32:32.540619Z","level":"info","event":"            INSERT INTO raw_jobs (title, company, location, link, date, workplace_type)","logger":"task.stdout"}
{"timestamp":"2026-03-30T15:32:32.540785Z","level":"info","event":"            SELECT title, company, location, link, date, workplace_type FROM temp_jobs","logger":"task.stdout"}
{"timestamp":"2026-03-30T15:32:32.540934Z","level":"info","event":"            ON CONFLICT (link) DO UPDATE SET","logger":"task.stdout"}
{"timestamp":"2026-03-30T15:32:32.541067Z","level":"info","event":"                title = EXCLUDED.title,","logger":"task.stdout"}
{"timestamp":"2026-03-30T15:32:32.541196Z","level":"info","event":"                company = EXCLUDED.company,","logger":"task.stdout"}
{"timestamp":"2026-03-30T15:32:32.541346Z","level":"info","event":"                location = EXCLUDED.location,","logger":"task.stdout"}
{"timestamp":"2026-03-30T15:32:32.541491Z","level":"info","event":"                date = EXCLUDED.date,","logger":"task.stdout"}
{"timestamp":"2026-03-30T15:32:32.541616Z","level":"info","event":"                workplace_type = EXCLUDED.workplace_type;","logger":"task.stdout"}
{"timestamp":"2026-03-30T15:32:32.541755Z","level":"info","event":"            ]","logger":"task.stdout"}
{"timestamp":"2026-03-30T15:32:32.541880Z","level":"info","event":"(Background on this error at: https://sqlalche.me/e/20/f405)","logger":"task.stdout"}
{"timestamp":"2026-03-30T15:32:32.541988Z","level":"info","event":"Saved 50 unique jobs to the Bronze layer.","logger":"task.stdout"}
{"timestamp":"2026-03-30T15:32:32.541733Z","level":"info","event":"Done. Returned value was: None","logger":"airflow.task.operators.airflow.providers.standard.operators.python.PythonOperator","filename":"python.py","lineno":230}
{"timestamp":"2026-03-30T15:32:32.677066Z","level":"info","event":"Task instance in success state","logger":"task.stdout"}
{"timestamp":"2026-03-30T15:32:32.678008Z","level":"info","event":" Previous state of the Task instance: TaskInstanceState.RUNNING","logger":"task.stdout"}
{"timestamp":"2026-03-30T15:32:32.679852Z","level":"info","event":"Task operator:<Task(PythonOperator): fetch_and_load_bronze>","logger":"task.stdout"}
