{"timestamp":"2026-04-01T19:09:48.351755Z","level":"info","event":"Stats instance was created in PID 7 but accessed in PID 134. Re-initializing.","logger":"airflow.stats","filename":"stats.py","lineno":57}
{"timestamp":"2026-04-01T19:09:48.363272Z","level":"info","event":"DAG bundles loaded: dags-folder","logger":"airflow.dag_processing.bundles.manager.DagBundlesManager","filename":"manager.py","lineno":179}
{"timestamp":"2026-04-01T19:09:48.364005Z","level":"info","event":"Filling up the DagBag from /opt/airflow/dags/linkedin_pipeline.py","logger":"airflow.models.dagbag.BundleDagBag","filename":"dagbag.py","lineno":593}
{"timestamp":"2026-04-01T19:09:49.697282Z","level":"info","event":"Starting Job Description enrichment process...","logger":"task.stdout"}
{"timestamp":"2026-04-01T19:09:49.707476Z","level":"info","event":"Starting enrichment for 51 jobs...","logger":"task.stdout"}
{"timestamp":"2026-04-01T19:09:49.707682Z","level":"info","event":"Fetching description for: https://ca.linkedin.com/jobs/view/data-developer-a...","logger":"task.stdout"}
{"timestamp":"2026-04-01T19:11:14.984280Z","level":"info","event":"Sleeping for 11.57 seconds...","logger":"task.stdout"}
{"timestamp":"2026-04-01T19:11:26.552977Z","level":"info","event":"Fetching description for: https://ca.linkedin.com/jobs/view/senior-developer...","logger":"task.stdout"}
{"timestamp":"2026-04-01T19:11:27.335711Z","level":"info","event":"Sleeping for 9.58 seconds...","logger":"task.stdout"}
{"timestamp":"2026-04-01T19:11:36.920762Z","level":"info","event":"Fetching description for: https://ca.linkedin.com/jobs/view/senior-data-engi...","logger":"task.stdout"}
{"timestamp":"2026-04-01T19:11:37.664127Z","level":"info","event":"Sleeping for 8.10 seconds...","logger":"task.stdout"}
{"timestamp":"2026-04-01T19:11:45.773715Z","level":"info","event":"Fetching description for: https://ca.linkedin.com/jobs/view/programming-soft...","logger":"task.stdout"}
{"timestamp":"2026-04-01T19:11:46.964403Z","level":"info","event":"Sleeping for 7.92 seconds...","logger":"task.stdout"}
{"timestamp":"2026-04-01T19:11:54.880715Z","level":"info","event":"Fetching description for: https://ca.linkedin.com/jobs/view/lead-data-engine...","logger":"task.stdout"}
{"timestamp":"2026-04-01T19:11:55.865154Z","level":"info","event":"Sleeping for 10.92 seconds...","logger":"task.stdout"}
{"timestamp":"2026-04-01T19:12:06.789811Z","level":"info","event":"Fetching description for: https://ca.linkedin.com/jobs/view/software-enginee...","logger":"task.stdout"}
{"timestamp":"2026-04-01T19:12:07.684636Z","level":"info","event":"Sleeping for 5.46 seconds...","logger":"task.stdout"}
{"timestamp":"2026-04-01T19:12:13.145641Z","level":"info","event":"Fetching description for: https://ca.linkedin.com/jobs/view/data-internship-...","logger":"task.stdout"}
{"timestamp":"2026-04-01T19:12:14.329190Z","level":"info","event":"Sleeping for 9.20 seconds...","logger":"task.stdout"}
{"timestamp":"2026-04-01T19:12:23.535818Z","level":"info","event":"Fetching description for: https://ca.linkedin.com/jobs/view/data-collector-c...","logger":"task.stdout"}
{"timestamp":"2026-04-01T19:12:24.168957Z","level":"info","event":"Sleeping for 11.32 seconds...","logger":"task.stdout"}
{"timestamp":"2026-04-01T19:12:35.488568Z","level":"info","event":"Fetching description for: https://ca.linkedin.com/jobs/view/analyste-program...","logger":"task.stdout"}
{"timestamp":"2026-04-01T19:12:36.697633Z","level":"info","event":"Sleeping for 10.80 seconds...","logger":"task.stdout"}
{"timestamp":"2026-04-01T19:12:47.497884Z","level":"info","event":"Fetching description for: https://ca.linkedin.com/jobs/view/software-enginee...","logger":"task.stdout"}
{"timestamp":"2026-04-01T19:12:51.282895Z","level":"info","event":"Sleeping for 7.41 seconds...","logger":"task.stdout"}
{"timestamp":"2026-04-01T19:12:58.712887Z","level":"info","event":"Fetching description for: https://ca.linkedin.com/jobs/view/analyste-de-r%C3...","logger":"task.stdout"}
{"timestamp":"2026-04-01T19:13:00.879888Z","level":"info","event":"Sleeping for 10.03 seconds...","logger":"task.stdout"}
{"timestamp":"2026-04-01T19:13:10.913948Z","level":"info","event":"Fetching description for: https://ca.linkedin.com/jobs/view/data-analysis-tu...","logger":"task.stdout"}
{"timestamp":"2026-04-01T19:13:11.878279Z","level":"info","event":"Sleeping for 10.44 seconds...","logger":"task.stdout"}
{"timestamp":"2026-04-01T19:13:22.317052Z","level":"info","event":"Fetching description for: https://ca.linkedin.com/jobs/view/stage-en-donn%C3...","logger":"task.stdout"}
{"timestamp":"2026-04-01T19:13:23.279365Z","level":"info","event":"Sleeping for 8.97 seconds...","logger":"task.stdout"}
{"timestamp":"2026-04-01T19:13:32.254341Z","level":"info","event":"Fetching description for: https://ca.linkedin.com/jobs/view/site-supervision...","logger":"task.stdout"}
{"timestamp":"2026-04-01T19:13:33.843068Z","level":"info","event":"Sleeping for 10.60 seconds...","logger":"task.stdout"}
{"timestamp":"2026-04-01T19:13:44.442524Z","level":"info","event":"Fetching description for: https://ca.linkedin.com/jobs/view/contr%C3%B4leur-...","logger":"task.stdout"}
{"timestamp":"2026-04-01T19:13:45.306524Z","level":"info","event":"Sleeping for 5.83 seconds...","logger":"task.stdout"}
{"timestamp":"2026-04-01T19:13:51.142588Z","level":"info","event":"Fetching description for: https://ca.linkedin.com/jobs/view/scientifique-de-...","logger":"task.stdout"}
{"timestamp":"2026-04-01T19:13:52.135035Z","level":"info","event":"Sleeping for 8.12 seconds...","logger":"task.stdout"}
{"timestamp":"2026-04-01T19:14:00.262231Z","level":"info","event":"Fetching description for: https://ca.linkedin.com/jobs/view/analyste-infrast...","logger":"task.stdout"}
{"timestamp":"2026-04-01T19:14:01.198430Z","level":"info","event":"Sleeping for 6.20 seconds...","logger":"task.stdout"}
{"timestamp":"2026-04-01T19:14:07.402769Z","level":"info","event":"Fetching description for: https://ca.linkedin.com/jobs/view/analyste-en-gouv...","logger":"task.stdout"}
{"timestamp":"2026-04-01T19:14:08.699964Z","level":"info","event":"Sleeping for 7.13 seconds...","logger":"task.stdout"}
{"timestamp":"2026-04-01T19:14:15.833206Z","level":"info","event":"Fetching description for: https://ca.linkedin.com/jobs/view/engineering-proj...","logger":"task.stdout"}
{"timestamp":"2026-04-01T19:14:16.614060Z","level":"info","event":"Sleeping for 10.11 seconds...","logger":"task.stdout"}
{"timestamp":"2026-04-01T19:14:26.727417Z","level":"info","event":"Fetching description for: https://ca.linkedin.com/jobs/view/safety-and-ram-s...","logger":"task.stdout"}
{"timestamp":"2026-04-01T19:14:27.923032Z","level":"info","event":"Sleeping for 11.60 seconds...","logger":"task.stdout"}
{"timestamp":"2026-04-01T19:14:39.522578Z","level":"info","event":"Fetching description for: https://ca.linkedin.com/jobs/view/ing%C3%A9nieur-e...","logger":"task.stdout"}
{"timestamp":"2026-04-01T19:14:40.793159Z","level":"info","event":"Sleeping for 6.67 seconds...","logger":"task.stdout"}
{"timestamp":"2026-04-01T19:14:47.460723Z","level":"info","event":"Fetching description for: https://ca.linkedin.com/jobs/view/ing%C3%A9nieur-e...","logger":"task.stdout"}
{"timestamp":"2026-04-01T19:14:48.571355Z","level":"info","event":"Sleeping for 6.99 seconds...","logger":"task.stdout"}
{"timestamp":"2026-04-01T19:14:55.565140Z","level":"info","event":"Fetching description for: https://ca.linkedin.com/jobs/view/scientifique-de-...","logger":"task.stdout"}
{"timestamp":"2026-04-01T19:14:56.884000Z","level":"info","event":"Sleeping for 11.92 seconds...","logger":"task.stdout"}
{"timestamp":"2026-04-01T19:15:08.809525Z","level":"info","event":"Fetching description for: https://ca.linkedin.com/jobs/view/building-electri...","logger":"task.stdout"}
{"timestamp":"2026-04-01T19:15:10.046329Z","level":"info","event":"Sleeping for 8.27 seconds...","logger":"task.stdout"}
{"timestamp":"2026-04-01T19:15:18.316323Z","level":"info","event":"Fetching description for: https://ca.linkedin.com/jobs/view/scientifique-en-...","logger":"task.stdout"}
{"timestamp":"2026-04-01T19:15:19.302448Z","level":"info","event":"Sleeping for 7.87 seconds...","logger":"task.stdout"}
{"timestamp":"2026-04-01T19:15:27.179087Z","level":"info","event":"Fetching description for: https://ca.linkedin.com/jobs/view/ing%C3%A9nieur-e...","logger":"task.stdout"}
{"timestamp":"2026-04-01T19:15:28.078433Z","level":"info","event":"Sleeping for 10.98 seconds...","logger":"task.stdout"}
{"timestamp":"2026-04-01T19:15:39.058309Z","level":"info","event":"Fetching description for: https://ca.linkedin.com/jobs/view/analyste-d%E2%80...","logger":"task.stdout"}
{"timestamp":"2026-04-01T19:15:40.088095Z","level":"info","event":"Sleeping for 11.83 seconds...","logger":"task.stdout"}
{"timestamp":"2026-04-01T19:15:51.926034Z","level":"info","event":"Fetching description for: https://ca.linkedin.com/jobs/view/senior-engineer-...","logger":"task.stdout"}
{"timestamp":"2026-04-01T19:15:53.538870Z","level":"info","event":"Sleeping for 11.89 seconds...","logger":"task.stdout"}
{"timestamp":"2026-04-01T19:16:05.440883Z","level":"info","event":"Fetching description for: https://ca.linkedin.com/jobs/view/analyste-d%E2%80...","logger":"task.stdout"}
{"timestamp":"2026-04-01T19:16:06.586455Z","level":"info","event":"Sleeping for 10.07 seconds...","logger":"task.stdout"}
{"timestamp":"2026-04-01T19:16:16.661183Z","level":"info","event":"Fetching description for: https://ca.linkedin.com/jobs/view/project-manager-...","logger":"task.stdout"}
{"timestamp":"2026-04-01T19:16:17.644619Z","level":"info","event":"Sleeping for 6.00 seconds...","logger":"task.stdout"}
{"timestamp":"2026-04-01T19:16:23.643612Z","level":"info","event":"Fetching description for: https://ca.linkedin.com/jobs/view/ing%C3%A9nieure-...","logger":"task.stdout"}
{"timestamp":"2026-04-01T19:16:24.650275Z","level":"info","event":"Sleeping for 6.67 seconds...","logger":"task.stdout"}
{"timestamp":"2026-04-01T19:16:31.323900Z","level":"info","event":"Fetching description for: https://ca.linkedin.com/jobs/view/ing%C3%A9nieur-e...","logger":"task.stdout"}
{"timestamp":"2026-04-01T19:16:32.218603Z","level":"info","event":"Sleeping for 10.31 seconds...","logger":"task.stdout"}
{"timestamp":"2026-04-01T19:16:42.533086Z","level":"info","event":"Fetching description for: https://ca.linkedin.com/jobs/view/ing%C3%A9nieur-e...","logger":"task.stdout"}
{"timestamp":"2026-04-01T19:16:43.391929Z","level":"info","event":"Sleeping for 11.07 seconds...","logger":"task.stdout"}
{"timestamp":"2026-04-01T19:16:54.464799Z","level":"info","event":"Fetching description for: https://ca.linkedin.com/jobs/view/data-governance-...","logger":"task.stdout"}
{"timestamp":"2026-04-01T19:16:55.494456Z","level":"info","event":"Sleeping for 6.61 seconds...","logger":"task.stdout"}
{"timestamp":"2026-04-01T19:17:02.106617Z","level":"info","event":"Fetching description for: https://ca.linkedin.com/jobs/view/data-governance-...","logger":"task.stdout"}
{"timestamp":"2026-04-01T19:17:03.052589Z","level":"info","event":"Sleeping for 11.97 seconds...","logger":"task.stdout"}
{"timestamp":"2026-04-01T19:17:15.021235Z","level":"info","event":"Fetching description for: https://ca.linkedin.com/jobs/view/programmeur-euse...","logger":"task.stdout"}
{"timestamp":"2026-04-01T19:17:15.911346Z","level":"info","event":"Sleeping for 8.53 seconds...","logger":"task.stdout"}
{"timestamp":"2026-04-01T19:17:24.447588Z","level":"info","event":"Fetching description for: https://ca.linkedin.com/jobs/view/sp%C3%A9cialiste...","logger":"task.stdout"}
{"timestamp":"2026-04-01T19:17:25.454909Z","level":"info","event":"Sleeping for 9.75 seconds...","logger":"task.stdout"}
{"timestamp":"2026-04-01T19:17:35.213564Z","level":"info","event":"Fetching description for: https://ca.linkedin.com/jobs/view/scientifique-de-...","logger":"task.stdout"}
{"timestamp":"2026-04-01T19:17:36.565191Z","level":"info","event":"Sleeping for 6.22 seconds...","logger":"task.stdout"}
{"timestamp":"2026-04-01T19:17:42.786189Z","level":"info","event":"Fetching description for: https://ca.linkedin.com/jobs/view/e3-analyste-powe...","logger":"task.stdout"}
{"timestamp":"2026-04-01T19:17:43.603201Z","level":"info","event":"Sleeping for 5.20 seconds...","logger":"task.stdout"}
{"timestamp":"2026-04-01T19:17:48.801025Z","level":"info","event":"Fetching description for: https://ca.linkedin.com/jobs/view/analyste-en-envi...","logger":"task.stdout"}
{"timestamp":"2026-04-01T19:17:49.812886Z","level":"info","event":"Sleeping for 5.93 seconds...","logger":"task.stdout"}
{"timestamp":"2026-04-01T19:17:55.742271Z","level":"info","event":"Fetching description for: https://ca.linkedin.com/jobs/view/ing%C3%A9nieure-...","logger":"task.stdout"}
{"timestamp":"2026-04-01T19:17:56.693286Z","level":"info","event":"Sleeping for 8.26 seconds...","logger":"task.stdout"}
{"timestamp":"2026-04-01T19:18:04.949143Z","level":"info","event":"Fetching description for: https://ca.linkedin.com/jobs/view/analyste-en-envi...","logger":"task.stdout"}
{"timestamp":"2026-04-01T19:18:06.443127Z","level":"info","event":"Sleeping for 7.24 seconds...","logger":"task.stdout"}
{"timestamp":"2026-04-01T19:18:13.685151Z","level":"info","event":"Fetching description for: https://ca.linkedin.com/jobs/view/it-architect-at-...","logger":"task.stdout"}
{"timestamp":"2026-04-01T19:18:14.541112Z","level":"info","event":"Sleeping for 11.62 seconds...","logger":"task.stdout"}
{"timestamp":"2026-04-01T19:18:26.157965Z","level":"info","event":"Fetching description for: https://ca.linkedin.com/jobs/view/data-analytics-a...","logger":"task.stdout"}
{"timestamp":"2026-04-01T19:18:27.019596Z","level":"info","event":"Sleeping for 11.10 seconds...","logger":"task.stdout"}
{"timestamp":"2026-04-01T19:18:38.125922Z","level":"info","event":"Fetching description for: https://ca.linkedin.com/jobs/view/data-architect-a...","logger":"task.stdout"}
{"timestamp":"2026-04-01T19:18:38.784854Z","level":"info","event":"Sleeping for 5.27 seconds...","logger":"task.stdout"}
{"timestamp":"2026-04-01T19:18:44.051465Z","level":"info","event":"Fetching description for: https://ca.linkedin.com/jobs/view/architecte-analy...","logger":"task.stdout"}
{"timestamp":"2026-04-01T19:18:44.890588Z","level":"info","event":"Sleeping for 7.39 seconds...","logger":"task.stdout"}
{"timestamp":"2026-04-01T19:18:52.289337Z","level":"info","event":"Fetching description for: https://ca.linkedin.com/jobs/view/technical-data-a...","logger":"task.stdout"}
{"timestamp":"2026-04-01T19:18:53.082231Z","level":"info","event":"Sleeping for 5.95 seconds...","logger":"task.stdout"}
{"timestamp":"2026-04-01T19:18:59.034814Z","level":"info","event":"Fetching description for: https://ca.linkedin.com/jobs/view/solution-archite...","logger":"task.stdout"}
{"timestamp":"2026-04-01T19:19:00.559777Z","level":"info","event":"Sleeping for 11.27 seconds...","logger":"task.stdout"}
{"timestamp":"2026-04-01T19:19:11.841261Z","level":"info","event":"Fetching description for: https://ca.linkedin.com/jobs/view/architecte-de-so...","logger":"task.stdout"}
{"timestamp":"2026-04-01T19:19:12.624376Z","level":"info","event":"Sleeping for 5.09 seconds...","logger":"task.stdout"}
{"timestamp":"2026-04-01T19:19:17.711186Z","level":"info","event":"Fetching description for: https://ca.linkedin.com/jobs/view/architect-data-f...","logger":"task.stdout"}
{"timestamp":"2026-04-01T19:19:18.401867Z","level":"info","event":"Sleeping for 5.38 seconds...","logger":"task.stdout"}
{"timestamp":"2026-04-01T19:19:23.785537Z","level":"info","event":"Fetching description for: https://ca.linkedin.com/jobs/view/architecte-de-do...","logger":"task.stdout"}
{"timestamp":"2026-04-01T19:19:24.594976Z","level":"info","event":"Sleeping for 11.26 seconds...","logger":"task.stdout"}
{"timestamp":"2026-04-01T19:19:35.859907Z","level":"info","event":"Job Description enrichment complete.","logger":"task.stdout"}
{"timestamp":"2026-04-01T19:19:35.866664Z","level":"info","event":"Done. Returned value was: None","logger":"airflow.task.operators.airflow.providers.standard.operators.python.PythonOperator","filename":"python.py","lineno":230}
