{"timestamp":"2026-03-30T08:38:30.578996Z","level":"info","event":"Stats instance was created in PID 7 but accessed in PID 608. Re-initializing.","logger":"airflow.stats","filename":"stats.py","lineno":57}
{"timestamp":"2026-03-30T08:38:31.054753Z","level":"info","event":"DAG bundles loaded: dags-folder, example_dags","logger":"airflow.dag_processing.bundles.manager.DagBundlesManager","filename":"manager.py","lineno":179}
{"timestamp":"2026-03-30T08:38:31.055509Z","level":"info","event":"Filling up the DagBag from /opt/airflow/dags/linkedin_pipeline.py","logger":"airflow.models.dagbag.BundleDagBag","filename":"dagbag.py","lineno":593}
{"timestamp":"2026-03-30T08:38:32.253726Z","level":"info","event":"Task instance is in running state","logger":"task.stdout"}
{"timestamp":"2026-03-30T08:38:32.254109Z","level":"info","event":" Previous state of the Task instance: TaskInstanceState.QUEUED","logger":"task.stdout"}
{"timestamp":"2026-03-30T08:38:32.254504Z","level":"info","event":"Current task name:enrich_descriptions","logger":"task.stdout"}
{"timestamp":"2026-03-30T08:38:32.254710Z","level":"info","event":"Dag name:linkedin_bronze_to_silver","logger":"task.stdout"}
{"timestamp":"2026-03-30T08:38:32.257532Z","level":"info","event":"Starting Job Description enrichment process...","logger":"task.stdout"}
{"timestamp":"2026-03-30T08:38:32.274968Z","level":"info","event":"Starting enrichment for 150 jobs...","logger":"task.stdout"}
{"timestamp":"2026-03-30T08:38:32.275335Z","level":"info","event":"Fetching description for: https://ca.linkedin.com/jobs/view/architecte-analy...","logger":"task.stdout"}
{"timestamp":"2026-03-30T08:38:33.087826Z","level":"info","event":"Sleeping for 7.20 seconds...","logger":"task.stdout"}
{"timestamp":"2026-03-30T08:38:40.290229Z","level":"info","event":"Fetching description for: https://ca.linkedin.com/jobs/view/ing%C3%A9nieur-e...","logger":"task.stdout"}
{"timestamp":"2026-03-30T08:38:41.432782Z","level":"info","event":"Sleeping for 11.39 seconds...","logger":"task.stdout"}
{"timestamp":"2026-03-30T08:38:52.827873Z","level":"info","event":"Fetching description for: https://ca.linkedin.com/jobs/view/ing%C3%A9nieure-...","logger":"task.stdout"}
{"timestamp":"2026-03-30T08:38:53.952951Z","level":"info","event":"Sleeping for 7.49 seconds...","logger":"task.stdout"}
{"timestamp":"2026-03-30T08:39:01.450307Z","level":"info","event":"Fetching description for: https://ca.linkedin.com/jobs/view/technicien-valid...","logger":"task.stdout"}
{"timestamp":"2026-03-30T08:39:02.201605Z","level":"info","event":"Sleeping for 11.06 seconds...","logger":"task.stdout"}
{"timestamp":"2026-03-30T08:39:13.267475Z","level":"info","event":"Fetching description for: https://ca.linkedin.com/jobs/view/senior-data-engi...","logger":"task.stdout"}
{"timestamp":"2026-03-30T08:39:14.002843Z","level":"info","event":"Sleeping for 6.83 seconds...","logger":"task.stdout"}
{"timestamp":"2026-03-30T08:39:20.832625Z","level":"info","event":"Fetching description for: https://ca.linkedin.com/jobs/view/analyst-data-val...","logger":"task.stdout"}
{"timestamp":"2026-03-30T08:39:22.170786Z","level":"info","event":"Sleeping for 5.81 seconds...","logger":"task.stdout"}
{"timestamp":"2026-03-30T08:39:27.992042Z","level":"info","event":"Fetching description for: https://ca.linkedin.com/jobs/view/ing%C3%A9nieure-...","logger":"task.stdout"}
{"timestamp":"2026-03-30T08:39:29.347550Z","level":"info","event":"Sleeping for 9.30 seconds...","logger":"task.stdout"}
{"timestamp":"2026-03-30T08:39:38.646566Z","level":"info","event":"Fetching description for: https://ca.linkedin.com/jobs/view/sp%C3%A9cialiste...","logger":"task.stdout"}
{"timestamp":"2026-03-30T08:39:39.927232Z","level":"info","event":"Sleeping for 5.87 seconds...","logger":"task.stdout"}
{"timestamp":"2026-03-30T08:39:45.800021Z","level":"info","event":"Fetching description for: https://ca.linkedin.com/jobs/view/contr%C3%B4leur-...","logger":"task.stdout"}
{"timestamp":"2026-03-30T08:39:47.795487Z","level":"info","event":"Sleeping for 5.43 seconds...","logger":"task.stdout"}
{"timestamp":"2026-03-30T08:39:53.231250Z","level":"info","event":"Fetching description for: https://ca.linkedin.com/jobs/view/scientifique-de-...","logger":"task.stdout"}
{"timestamp":"2026-03-30T08:39:54.499346Z","level":"info","event":"Sleeping for 11.47 seconds...","logger":"task.stdout"}
{"timestamp":"2026-03-30T08:40:05.969578Z","level":"info","event":"Fetching description for: https://ca.linkedin.com/jobs/view/analyste-de-r%C3...","logger":"task.stdout"}
{"timestamp":"2026-03-30T08:40:07.159470Z","level":"info","event":"Sleeping for 6.15 seconds...","logger":"task.stdout"}
{"timestamp":"2026-03-30T08:40:13.311068Z","level":"info","event":"Fetching description for: https://ca.linkedin.com/jobs/view/e3-analyste-powe...","logger":"task.stdout"}
{"timestamp":"2026-03-30T08:40:14.421442Z","level":"info","event":"Sleeping for 9.52 seconds...","logger":"task.stdout"}
{"timestamp":"2026-03-30T08:40:23.948970Z","level":"info","event":"Fetching description for: https://ca.linkedin.com/jobs/view/data-analysis-tu...","logger":"task.stdout"}
{"timestamp":"2026-03-30T08:40:24.881202Z","level":"info","event":"Sleeping for 8.63 seconds...","logger":"task.stdout"}
{"timestamp":"2026-03-30T08:40:33.511045Z","level":"info","event":"Fetching description for: https://ca.linkedin.com/jobs/view/ing%C3%A9nieure-...","logger":"task.stdout"}
{"timestamp":"2026-03-30T08:40:34.545137Z","level":"info","event":"Sleeping for 8.75 seconds...","logger":"task.stdout"}
{"timestamp":"2026-03-30T08:40:43.294596Z","level":"info","event":"Fetching description for: https://ca.linkedin.com/jobs/view/analyste-en-envi...","logger":"task.stdout"}
{"timestamp":"2026-03-30T08:40:44.344899Z","level":"info","event":"Sleeping for 10.38 seconds...","logger":"task.stdout"}
{"timestamp":"2026-03-30T08:40:54.730459Z","level":"info","event":"Fetching description for: https://ca.linkedin.com/jobs/view/ing%C3%A9nieure-...","logger":"task.stdout"}
{"timestamp":"2026-03-30T08:40:55.666172Z","level":"info","event":"Sleeping for 11.26 seconds...","logger":"task.stdout"}
{"timestamp":"2026-03-30T08:41:06.929457Z","level":"info","event":"Fetching description for: https://ca.linkedin.com/jobs/view/senior-developer...","logger":"task.stdout"}
{"timestamp":"2026-03-30T08:41:07.914079Z","level":"info","event":"Sleeping for 6.52 seconds...","logger":"task.stdout"}
{"timestamp":"2026-03-30T08:41:14.436480Z","level":"info","event":"Fetching description for: https://ca.linkedin.com/jobs/view/senior-data-engi...","logger":"task.stdout"}
{"timestamp":"2026-03-30T08:41:15.187801Z","level":"info","event":"Sleeping for 5.53 seconds...","logger":"task.stdout"}
{"timestamp":"2026-03-30T08:41:20.726334Z","level":"info","event":"Fetching description for: https://ca.linkedin.com/jobs/view/programming-soft...","logger":"task.stdout"}
{"timestamp":"2026-03-30T08:41:22.457493Z","level":"info","event":"Sleeping for 5.85 seconds...","logger":"task.stdout"}
{"timestamp":"2026-03-30T08:41:28.311692Z","level":"info","event":"Fetching description for: https://ca.linkedin.com/jobs/view/software-enginee...","logger":"task.stdout"}
{"timestamp":"2026-03-30T08:41:29.308422Z","level":"info","event":"Sleeping for 7.11 seconds...","logger":"task.stdout"}
{"timestamp":"2026-03-30T08:41:36.421346Z","level":"info","event":"Fetching description for: https://ca.linkedin.com/jobs/view/lead-data-engine...","logger":"task.stdout"}
{"timestamp":"2026-03-30T08:41:37.128885Z","level":"info","event":"Sleeping for 6.40 seconds...","logger":"task.stdout"}
{"timestamp":"2026-03-30T08:41:43.536518Z","level":"info","event":"Fetching description for: https://ca.linkedin.com/jobs/view/software-enginee...","logger":"task.stdout"}
{"timestamp":"2026-03-30T08:41:44.507374Z","level":"info","event":"Sleeping for 11.93 seconds...","logger":"task.stdout"}
{"timestamp":"2026-03-30T08:41:56.449079Z","level":"info","event":"Fetching description for: https://ca.linkedin.com/jobs/view/data-internship-...","logger":"task.stdout"}
{"timestamp":"2026-03-30T08:41:57.674839Z","level":"info","event":"Sleeping for 8.37 seconds...","logger":"task.stdout"}
{"timestamp":"2026-03-30T08:42:06.046263Z","level":"info","event":"Fetching description for: https://ca.linkedin.com/jobs/view/data-collector-c...","logger":"task.stdout"}
{"timestamp":"2026-03-30T08:42:06.738919Z","level":"info","event":"Sleeping for 10.54 seconds...","logger":"task.stdout"}
{"timestamp":"2026-03-30T08:42:17.285506Z","level":"info","event":"Fetching description for: https://ca.linkedin.com/jobs/view/analyste-program...","logger":"task.stdout"}
{"timestamp":"2026-03-30T08:42:18.226360Z","level":"info","event":"Sleeping for 11.31 seconds...","logger":"task.stdout"}
{"timestamp":"2026-03-30T08:42:29.542643Z","level":"info","event":"Fetching description for: https://ca.linkedin.com/jobs/view/software-enginee...","logger":"task.stdout"}
{"timestamp":"2026-03-30T08:42:30.653265Z","level":"info","event":"Sleeping for 8.51 seconds...","logger":"task.stdout"}
{"timestamp":"2026-03-30T08:42:39.164327Z","level":"info","event":"Fetching description for: https://ca.linkedin.com/jobs/view/data-analysis-tu...","logger":"task.stdout"}
{"timestamp":"2026-03-30T08:42:40.058256Z","level":"info","event":"Sleeping for 11.60 seconds...","logger":"task.stdout"}
{"timestamp":"2026-03-30T08:42:51.665124Z","level":"info","event":"Fetching description for: https://ca.linkedin.com/jobs/view/stage-en-donn%C3...","logger":"task.stdout"}
{"timestamp":"2026-03-30T08:42:52.717113Z","level":"info","event":"Sleeping for 6.74 seconds...","logger":"task.stdout"}
{"timestamp":"2026-03-30T08:42:59.463121Z","level":"info","event":"Fetching description for: https://ca.linkedin.com/jobs/view/site-supervision...","logger":"task.stdout"}
{"timestamp":"2026-03-30T08:43:01.317872Z","level":"info","event":"Sleeping for 7.74 seconds...","logger":"task.stdout"}
{"timestamp":"2026-03-30T08:43:09.058423Z","level":"info","event":"Fetching description for: https://ca.linkedin.com/jobs/view/scientifique-de-...","logger":"task.stdout"}
{"timestamp":"2026-03-30T08:43:10.072106Z","level":"info","event":"Sleeping for 9.08 seconds...","logger":"task.stdout"}
{"timestamp":"2026-03-30T08:43:19.154769Z","level":"info","event":"Fetching description for: https://ca.linkedin.com/jobs/view/contr%C3%B4leur-...","logger":"task.stdout"}
{"timestamp":"2026-03-30T08:43:20.014143Z","level":"info","event":"Sleeping for 11.18 seconds...","logger":"task.stdout"}
{"timestamp":"2026-03-30T08:43:31.205706Z","level":"info","event":"Fetching description for: https://ca.linkedin.com/jobs/view/analyste-infrast...","logger":"task.stdout"}
{"timestamp":"2026-03-30T08:43:32.184477Z","level":"info","event":"Sleeping for 9.79 seconds...","logger":"task.stdout"}
{"timestamp":"2026-03-30T08:43:41.979096Z","level":"info","event":"Fetching description for: https://ca.linkedin.com/jobs/view/engineering-proj...","logger":"task.stdout"}
{"timestamp":"2026-03-30T08:43:42.797654Z","level":"info","event":"Sleeping for 9.87 seconds...","logger":"task.stdout"}
{"timestamp":"2026-03-30T08:43:52.672886Z","level":"info","event":"Fetching description for: https://ca.linkedin.com/jobs/view/safety-and-ram-s...","logger":"task.stdout"}
{"timestamp":"2026-03-30T08:43:53.505774Z","level":"info","event":"Sleeping for 5.65 seconds...","logger":"task.stdout"}
{"timestamp":"2026-03-30T08:43:59.157209Z","level":"info","event":"Fetching description for: https://ca.linkedin.com/jobs/view/expert-en-scienc...","logger":"task.stdout"}
{"timestamp":"2026-03-30T08:44:00.433562Z","level":"info","event":"Sleeping for 9.65 seconds...","logger":"task.stdout"}
{"timestamp":"2026-03-30T08:44:10.087976Z","level":"info","event":"Fetching description for: https://ca.linkedin.com/jobs/view/conseiller-%C3%A...","logger":"task.stdout"}
{"timestamp":"2026-03-30T08:44:11.361093Z","level":"info","event":"Sleeping for 7.45 seconds...","logger":"task.stdout"}
{"timestamp":"2026-03-30T08:44:18.810006Z","level":"info","event":"Fetching description for: https://ca.linkedin.com/jobs/view/data-collector-c...","logger":"task.stdout"}
{"timestamp":"2026-03-30T08:44:19.613963Z","level":"info","event":"Sleeping for 11.34 seconds...","logger":"task.stdout"}
{"timestamp":"2026-03-30T08:44:30.950538Z","level":"info","event":"Fetching description for: https://ca.linkedin.com/jobs/view/ing%C3%A9nieur-e...","logger":"task.stdout"}
{"timestamp":"2026-03-30T08:44:31.989984Z","level":"info","event":"Sleeping for 10.50 seconds...","logger":"task.stdout"}
{"timestamp":"2026-03-30T08:44:42.500549Z","level":"info","event":"Fetching description for: https://ca.linkedin.com/jobs/view/data-internship-...","logger":"task.stdout"}
{"timestamp":"2026-03-30T08:44:44.572228Z","level":"info","event":"Sleeping for 8.44 seconds...","logger":"task.stdout"}
{"timestamp":"2026-03-30T08:44:53.013919Z","level":"info","event":"Fetching description for: https://ca.linkedin.com/jobs/view/senior-developer...","logger":"task.stdout"}
{"timestamp":"2026-03-30T08:44:53.930199Z","level":"info","event":"Sleeping for 6.95 seconds...","logger":"task.stdout"}
{"timestamp":"2026-03-30T08:45:00.882375Z","level":"info","event":"Fetching description for: https://ca.linkedin.com/jobs/view/analyste-program...","logger":"task.stdout"}
{"timestamp":"2026-03-30T08:45:01.994392Z","level":"info","event":"Sleeping for 9.54 seconds...","logger":"task.stdout"}
{"timestamp":"2026-03-30T08:45:11.543559Z","level":"info","event":"Fetching description for: https://ca.linkedin.com/jobs/view/ing%C3%A9nieur-e...","logger":"task.stdout"}
{"timestamp":"2026-03-30T08:45:12.407515Z","level":"info","event":"Sleeping for 9.26 seconds...","logger":"task.stdout"}
{"timestamp":"2026-03-30T08:45:21.670199Z","level":"info","event":"Fetching description for: https://ca.linkedin.com/jobs/view/ing%C3%A9nieure-...","logger":"task.stdout"}
{"timestamp":"2026-03-30T08:45:22.732701Z","level":"info","event":"Sleeping for 10.88 seconds...","logger":"task.stdout"}
{"timestamp":"2026-03-30T08:45:33.622534Z","level":"info","event":"Fetching description for: https://ca.linkedin.com/jobs/view/technicien-valid...","logger":"task.stdout"}
{"timestamp":"2026-03-30T08:45:34.433190Z","level":"info","event":"Sleeping for 8.60 seconds...","logger":"task.stdout"}
{"timestamp":"2026-03-30T08:45:43.029571Z","level":"info","event":"Fetching description for: https://ca.linkedin.com/jobs/view/senior-data-engi...","logger":"task.stdout"}
{"timestamp":"2026-03-30T08:45:43.865428Z","level":"info","event":"Sleeping for 7.45 seconds...","logger":"task.stdout"}
{"timestamp":"2026-03-30T08:45:51.316589Z","level":"info","event":"Fetching description for: https://ca.linkedin.com/jobs/view/analyst-data-val...","logger":"task.stdout"}
{"timestamp":"2026-03-30T08:45:52.382518Z","level":"info","event":"Sleeping for 6.18 seconds...","logger":"task.stdout"}
{"timestamp":"2026-03-30T08:45:58.566131Z","level":"info","event":"Fetching description for: https://ca.linkedin.com/jobs/view/ing%C3%A9nieure-...","logger":"task.stdout"}
{"timestamp":"2026-03-30T08:45:59.859049Z","level":"info","event":"Sleeping for 5.18 seconds...","logger":"task.stdout"}
{"timestamp":"2026-03-30T08:46:05.044861Z","level":"info","event":"Fetching description for: https://ca.linkedin.com/jobs/view/sp%C3%A9cialiste...","logger":"task.stdout"}
{"timestamp":"2026-03-30T08:46:06.212705Z","level":"info","event":"Sleeping for 5.15 seconds...","logger":"task.stdout"}
{"timestamp":"2026-03-30T08:46:11.363544Z","level":"info","event":"Fetching description for: https://ca.linkedin.com/jobs/view/contr%C3%B4leur-...","logger":"task.stdout"}
{"timestamp":"2026-03-30T08:46:12.899024Z","level":"info","event":"Sleeping for 9.66 seconds...","logger":"task.stdout"}
{"timestamp":"2026-03-30T08:46:22.555028Z","level":"info","event":"Fetching description for: https://ca.linkedin.com/jobs/view/scientifique-de-...","logger":"task.stdout"}
{"timestamp":"2026-03-30T08:46:23.516521Z","level":"info","event":"Sleeping for 5.14 seconds...","logger":"task.stdout"}
{"timestamp":"2026-03-30T08:46:28.657452Z","level":"info","event":"Fetching description for: https://ca.linkedin.com/jobs/view/analyste-de-r%C3...","logger":"task.stdout"}
{"timestamp":"2026-03-30T08:46:29.640309Z","level":"info","event":"Sleeping for 6.75 seconds...","logger":"task.stdout"}
{"timestamp":"2026-03-30T08:46:36.390765Z","level":"info","event":"Fetching description for: https://ca.linkedin.com/jobs/view/e3-analyste-powe...","logger":"task.stdout"}
{"timestamp":"2026-03-30T08:46:37.332548Z","level":"info","event":"Sleeping for 6.06 seconds...","logger":"task.stdout"}
{"timestamp":"2026-03-30T08:46:43.390845Z","level":"info","event":"Fetching description for: https://ca.linkedin.com/jobs/view/data-analysis-tu...","logger":"task.stdout"}
{"timestamp":"2026-03-30T08:46:44.393078Z","level":"info","event":"Sleeping for 5.06 seconds...","logger":"task.stdout"}
{"timestamp":"2026-03-30T08:46:49.451554Z","level":"info","event":"Fetching description for: https://ca.linkedin.com/jobs/view/ing%C3%A9nieure-...","logger":"task.stdout"}
{"timestamp":"2026-03-30T08:46:50.938141Z","level":"info","event":"Sleeping for 8.27 seconds...","logger":"task.stdout"}
{"timestamp":"2026-03-30T08:46:59.212630Z","level":"info","event":"Fetching description for: https://ca.linkedin.com/jobs/view/analyste-en-envi...","logger":"task.stdout"}
{"timestamp":"2026-03-30T08:47:00.199640Z","level":"info","event":"Sleeping for 5.12 seconds...","logger":"task.stdout"}
{"timestamp":"2026-03-30T08:47:05.323592Z","level":"info","event":"Fetching description for: https://ca.linkedin.com/jobs/view/ing%C3%A9nieure-...","logger":"task.stdout"}
{"timestamp":"2026-03-30T08:47:06.306027Z","level":"info","event":"Sleeping for 9.97 seconds...","logger":"task.stdout"}
{"timestamp":"2026-03-30T08:47:16.278643Z","level":"info","event":"Fetching description for: https://ca.linkedin.com/jobs/view/it-architect-at-...","logger":"task.stdout"}
{"timestamp":"2026-03-30T08:47:17.138598Z","level":"info","event":"Sleeping for 7.93 seconds...","logger":"task.stdout"}
{"timestamp":"2026-03-30T08:47:25.074889Z","level":"info","event":"Fetching description for: https://ca.linkedin.com/jobs/view/data-analytics-a...","logger":"task.stdout"}
{"timestamp":"2026-03-30T08:47:25.900564Z","level":"info","event":"Sleeping for 9.10 seconds...","logger":"task.stdout"}
{"timestamp":"2026-03-30T08:47:35.006652Z","level":"info","event":"Fetching description for: https://ca.linkedin.com/jobs/view/data-architect-a...","logger":"task.stdout"}
{"timestamp":"2026-03-30T08:47:36.501246Z","level":"info","event":"Sleeping for 10.87 seconds...","logger":"task.stdout"}
{"timestamp":"2026-03-30T08:47:47.374720Z","level":"info","event":"Fetching description for: https://ca.linkedin.com/jobs/view/architecte-analy...","logger":"task.stdout"}
{"timestamp":"2026-03-30T08:47:48.274165Z","level":"info","event":"Sleeping for 8.54 seconds...","logger":"task.stdout"}
{"timestamp":"2026-03-30T08:47:56.817107Z","level":"info","event":"Fetching description for: https://ca.linkedin.com/jobs/view/technical-data-a...","logger":"task.stdout"}
{"timestamp":"2026-03-30T08:47:57.542426Z","level":"info","event":"Sleeping for 10.17 seconds...","logger":"task.stdout"}
{"timestamp":"2026-03-30T08:48:07.723730Z","level":"info","event":"Fetching description for: https://ca.linkedin.com/jobs/view/solution-archite...","logger":"task.stdout"}
{"timestamp":"2026-03-30T08:48:08.790282Z","level":"info","event":"Sleeping for 5.78 seconds...","logger":"task.stdout"}
{"timestamp":"2026-03-30T08:48:14.573575Z","level":"info","event":"Fetching description for: https://ca.linkedin.com/jobs/view/it-architect-at-...","logger":"task.stdout"}
{"timestamp":"2026-03-30T08:48:15.393723Z","level":"info","event":"Sleeping for 6.51 seconds...","logger":"task.stdout"}
{"timestamp":"2026-03-30T08:48:21.905627Z","level":"info","event":"Fetching description for: https://ca.linkedin.com/jobs/view/data-analytics-a...","logger":"task.stdout"}
{"timestamp":"2026-03-30T08:48:22.756630Z","level":"info","event":"Sleeping for 8.47 seconds...","logger":"task.stdout"}
{"timestamp":"2026-03-30T08:48:31.226667Z","level":"info","event":"Fetching description for: https://ca.linkedin.com/jobs/view/architecte-de-so...","logger":"task.stdout"}
{"timestamp":"2026-03-30T08:48:32.045276Z","level":"info","event":"Sleeping for 8.25 seconds...","logger":"task.stdout"}
{"timestamp":"2026-03-30T08:48:40.296578Z","level":"info","event":"Fetching description for: https://ca.linkedin.com/jobs/view/senior-data-engi...","logger":"task.stdout"}
{"timestamp":"2026-03-30T08:48:41.351172Z","level":"info","event":"Sleeping for 10.28 seconds...","logger":"task.stdout"}
{"timestamp":"2026-03-30T08:48:51.629902Z","level":"info","event":"Fetching description for: https://ca.linkedin.com/jobs/view/architect-data-f...","logger":"task.stdout"}
{"timestamp":"2026-03-30T08:48:52.617385Z","level":"info","event":"Sleeping for 7.79 seconds...","logger":"task.stdout"}
{"timestamp":"2026-03-30T08:49:00.412571Z","level":"info","event":"Fetching description for: https://ca.linkedin.com/jobs/view/architecte-de-do...","logger":"task.stdout"}
{"timestamp":"2026-03-30T08:49:01.250879Z","level":"info","event":"Sleeping for 8.97 seconds...","logger":"task.stdout"}
{"timestamp":"2026-03-30T08:49:10.219798Z","level":"info","event":"Fetching description for: https://ca.linkedin.com/jobs/view/data-architect-a...","logger":"task.stdout"}
{"timestamp":"2026-03-30T08:49:11.004776Z","level":"info","event":"Sleeping for 6.28 seconds...","logger":"task.stdout"}
{"timestamp":"2026-03-30T08:49:17.288854Z","level":"info","event":"Fetching description for: https://ca.linkedin.com/jobs/view/senior-developer...","logger":"task.stdout"}
{"timestamp":"2026-03-30T08:49:18.890995Z","level":"info","event":"Sleeping for 10.77 seconds...","logger":"task.stdout"}
{"timestamp":"2026-03-30T08:49:29.661926Z","level":"info","event":"Fetching description for: https://ca.linkedin.com/jobs/view/senior-data-engi...","logger":"task.stdout"}
{"timestamp":"2026-03-30T08:49:30.453031Z","level":"info","event":"Sleeping for 10.92 seconds...","logger":"task.stdout"}
{"timestamp":"2026-03-30T08:49:41.372431Z","level":"info","event":"Fetching description for: https://ca.linkedin.com/jobs/view/programming-soft...","logger":"task.stdout"}
{"timestamp":"2026-03-30T08:49:42.353503Z","level":"info","event":"Sleeping for 9.14 seconds...","logger":"task.stdout"}
{"timestamp":"2026-03-30T08:49:51.491510Z","level":"info","event":"Fetching description for: https://ca.linkedin.com/jobs/view/senior-developer...","logger":"task.stdout"}
{"timestamp":"2026-03-30T08:49:52.290921Z","level":"info","event":"Sleeping for 6.03 seconds...","logger":"task.stdout"}
{"timestamp":"2026-03-30T08:49:58.326811Z","level":"info","event":"Fetching description for: https://ca.linkedin.com/jobs/view/senior-data-engi...","logger":"task.stdout"}
{"timestamp":"2026-03-30T08:49:59.023398Z","level":"info","event":"Sleeping for 7.97 seconds...","logger":"task.stdout"}
{"timestamp":"2026-03-30T08:50:06.996852Z","level":"info","event":"Fetching description for: https://ca.linkedin.com/jobs/view/programming-soft...","logger":"task.stdout"}
{"timestamp":"2026-03-30T08:50:08.377458Z","level":"info","event":"Sleeping for 11.28 seconds...","logger":"task.stdout"}
{"timestamp":"2026-03-30T08:50:19.661077Z","level":"info","event":"Fetching description for: https://ca.linkedin.com/jobs/view/software-enginee...","logger":"task.stdout"}
{"timestamp":"2026-03-30T08:50:20.629571Z","level":"info","event":"Sleeping for 7.68 seconds...","logger":"task.stdout"}
{"timestamp":"2026-03-30T08:50:28.312106Z","level":"info","event":"Fetching description for: https://ca.linkedin.com/jobs/view/lead-data-engine...","logger":"task.stdout"}
{"timestamp":"2026-03-30T08:50:29.420664Z","level":"info","event":"Sleeping for 10.81 seconds...","logger":"task.stdout"}
{"timestamp":"2026-03-30T08:50:40.232337Z","level":"info","event":"Fetching description for: https://ca.linkedin.com/jobs/view/software-enginee...","logger":"task.stdout"}
{"timestamp":"2026-03-30T08:50:41.399857Z","level":"info","event":"Sleeping for 7.51 seconds...","logger":"task.stdout"}
{"timestamp":"2026-03-30T08:50:48.906660Z","level":"info","event":"Fetching description for: https://ca.linkedin.com/jobs/view/data-internship-...","logger":"task.stdout"}
{"timestamp":"2026-03-30T08:50:49.978035Z","level":"info","event":"Sleeping for 10.85 seconds...","logger":"task.stdout"}
{"timestamp":"2026-03-30T08:51:00.835249Z","level":"info","event":"Fetching description for: https://ca.linkedin.com/jobs/view/data-collector-c...","logger":"task.stdout"}
{"timestamp":"2026-03-30T08:51:01.826644Z","level":"info","event":"Sleeping for 9.38 seconds...","logger":"task.stdout"}
{"timestamp":"2026-03-30T08:51:11.218594Z","level":"info","event":"Fetching description for: https://ca.linkedin.com/jobs/view/analyste-program...","logger":"task.stdout"}
{"timestamp":"2026-03-30T08:51:13.045614Z","level":"info","event":"Sleeping for 10.12 seconds...","logger":"task.stdout"}
{"timestamp":"2026-03-30T08:51:23.166660Z","level":"info","event":"Fetching description for: https://ca.linkedin.com/jobs/view/software-enginee...","logger":"task.stdout"}
{"timestamp":"2026-03-30T08:51:24.131575Z","level":"info","event":"Sleeping for 5.16 seconds...","logger":"task.stdout"}
{"timestamp":"2026-03-30T08:51:29.289524Z","level":"info","event":"Fetching description for: https://ca.linkedin.com/jobs/view/data-analysis-tu...","logger":"task.stdout"}
{"timestamp":"2026-03-30T08:51:30.373979Z","level":"info","event":"Sleeping for 10.32 seconds...","logger":"task.stdout"}
{"timestamp":"2026-03-30T08:51:40.693357Z","level":"info","event":"Fetching description for: https://ca.linkedin.com/jobs/view/stage-en-donn%C3...","logger":"task.stdout"}
{"timestamp":"2026-03-30T08:51:41.965960Z","level":"info","event":"Sleeping for 8.62 seconds...","logger":"task.stdout"}
{"timestamp":"2026-03-30T08:51:50.586666Z","level":"info","event":"Fetching description for: https://ca.linkedin.com/jobs/view/site-supervision...","logger":"task.stdout"}
{"timestamp":"2026-03-30T08:51:51.602035Z","level":"info","event":"Sleeping for 10.94 seconds...","logger":"task.stdout"}
{"timestamp":"2026-03-30T08:52:02.542844Z","level":"info","event":"Fetching description for: https://ca.linkedin.com/jobs/view/scientifique-de-...","logger":"task.stdout"}
{"timestamp":"2026-03-30T08:52:03.621934Z","level":"info","event":"Sleeping for 7.03 seconds...","logger":"task.stdout"}
{"timestamp":"2026-03-30T08:52:10.654499Z","level":"info","event":"Fetching description for: https://ca.linkedin.com/jobs/view/contr%C3%B4leur-...","logger":"task.stdout"}
{"timestamp":"2026-03-30T08:52:11.648459Z","level":"info","event":"Sleeping for 6.66 seconds...","logger":"task.stdout"}
{"timestamp":"2026-03-30T08:52:18.312077Z","level":"info","event":"Fetching description for: https://ca.linkedin.com/jobs/view/analyste-infrast...","logger":"task.stdout"}
{"timestamp":"2026-03-30T08:52:19.216348Z","level":"info","event":"Sleeping for 9.47 seconds...","logger":"task.stdout"}
{"timestamp":"2026-03-30T08:52:28.694382Z","level":"info","event":"Fetching description for: https://ca.linkedin.com/jobs/view/engineering-proj...","logger":"task.stdout"}
{"timestamp":"2026-03-30T08:52:29.764958Z","level":"info","event":"Sleeping for 6.60 seconds...","logger":"task.stdout"}
{"timestamp":"2026-03-30T08:52:36.369302Z","level":"info","event":"Fetching description for: https://ca.linkedin.com/jobs/view/safety-and-ram-s...","logger":"task.stdout"}
{"timestamp":"2026-03-30T08:52:37.390190Z","level":"info","event":"Sleeping for 5.16 seconds...","logger":"task.stdout"}
{"timestamp":"2026-03-30T08:52:42.549020Z","level":"info","event":"Fetching description for: https://ca.linkedin.com/jobs/view/expert-en-scienc...","logger":"task.stdout"}
{"timestamp":"2026-03-30T08:52:44.193662Z","level":"info","event":"Sleeping for 5.98 seconds...","logger":"task.stdout"}
{"timestamp":"2026-03-30T08:52:50.171524Z","level":"info","event":"Fetching description for: https://ca.linkedin.com/jobs/view/conseiller-%C3%A...","logger":"task.stdout"}
{"timestamp":"2026-03-30T08:52:51.785198Z","level":"info","event":"Sleeping for 10.71 seconds...","logger":"task.stdout"}
{"timestamp":"2026-03-30T08:53:02.497676Z","level":"info","event":"Fetching description for: https://ca.linkedin.com/jobs/view/data-collector-c...","logger":"task.stdout"}
{"timestamp":"2026-03-30T08:53:03.224980Z","level":"info","event":"Sleeping for 9.85 seconds...","logger":"task.stdout"}
{"timestamp":"2026-03-30T08:53:13.082605Z","level":"info","event":"Fetching description for: https://ca.linkedin.com/jobs/view/ing%C3%A9nieur-e...","logger":"task.stdout"}
{"timestamp":"2026-03-30T08:53:14.101804Z","level":"info","event":"Sleeping for 9.44 seconds...","logger":"task.stdout"}
{"timestamp":"2026-03-30T08:53:23.549953Z","level":"info","event":"Fetching description for: https://ca.linkedin.com/jobs/view/data-internship-...","logger":"task.stdout"}
{"timestamp":"2026-03-30T08:53:25.210079Z","level":"info","event":"Sleeping for 7.12 seconds...","logger":"task.stdout"}
{"timestamp":"2026-03-30T08:53:32.335702Z","level":"info","event":"Fetching description for: https://ca.linkedin.com/jobs/view/senior-developer...","logger":"task.stdout"}
{"timestamp":"2026-03-30T08:53:33.140223Z","level":"info","event":"Sleeping for 11.23 seconds...","logger":"task.stdout"}
{"timestamp":"2026-03-30T08:53:44.374776Z","level":"info","event":"Fetching description for: https://ca.linkedin.com/jobs/view/analyste-program...","logger":"task.stdout"}
{"timestamp":"2026-03-30T08:53:45.440041Z","level":"info","event":"Sleeping for 5.87 seconds...","logger":"task.stdout"}
{"timestamp":"2026-03-30T08:53:51.313468Z","level":"info","event":"Fetching description for: https://ca.linkedin.com/jobs/view/ing%C3%A9nieur-e...","logger":"task.stdout"}
{"timestamp":"2026-03-30T08:53:52.444026Z","level":"info","event":"Sleeping for 9.90 seconds...","logger":"task.stdout"}
{"timestamp":"2026-03-30T08:54:02.352511Z","level":"info","event":"Fetching description for: https://ca.linkedin.com/jobs/view/ing%C3%A9nieure-...","logger":"task.stdout"}
{"timestamp":"2026-03-30T08:54:03.390601Z","level":"info","event":"Sleeping for 10.65 seconds...","logger":"task.stdout"}
{"timestamp":"2026-03-30T08:54:14.044236Z","level":"info","event":"Fetching description for: https://ca.linkedin.com/jobs/view/technicien-valid...","logger":"task.stdout"}
{"timestamp":"2026-03-30T08:54:14.923177Z","level":"info","event":"Sleeping for 9.67 seconds...","logger":"task.stdout"}
{"timestamp":"2026-03-30T08:54:24.592742Z","level":"info","event":"Fetching description for: https://ca.linkedin.com/jobs/view/senior-data-engi...","logger":"task.stdout"}
{"timestamp":"2026-03-30T08:54:26.154575Z","level":"info","event":"Sleeping for 8.51 seconds...","logger":"task.stdout"}
{"timestamp":"2026-03-30T08:54:34.668475Z","level":"info","event":"Fetching description for: https://ca.linkedin.com/jobs/view/analyst-data-val...","logger":"task.stdout"}
{"timestamp":"2026-03-30T08:54:35.931738Z","level":"info","event":"Sleeping for 11.58 seconds...","logger":"task.stdout"}
{"timestamp":"2026-03-30T08:54:47.510989Z","level":"info","event":"Fetching description for: https://ca.linkedin.com/jobs/view/programmeur-euse...","logger":"task.stdout"}
{"timestamp":"2026-03-30T08:54:48.413707Z","level":"info","event":"Sleeping for 7.06 seconds...","logger":"task.stdout"}
{"timestamp":"2026-03-30T08:54:55.477896Z","level":"info","event":"Fetching description for: https://ca.linkedin.com/jobs/view/ing%C3%A9nieure-...","logger":"task.stdout"}
{"timestamp":"2026-03-30T08:54:56.416139Z","level":"info","event":"Sleeping for 10.39 seconds...","logger":"task.stdout"}
{"timestamp":"2026-03-30T08:55:06.811442Z","level":"info","event":"Fetching description for: https://ca.linkedin.com/jobs/view/sp%C3%A9cialiste...","logger":"task.stdout"}
{"timestamp":"2026-03-30T08:55:07.885168Z","level":"info","event":"Sleeping for 5.98 seconds...","logger":"task.stdout"}
{"timestamp":"2026-03-30T08:55:13.864181Z","level":"info","event":"Fetching description for: https://ca.linkedin.com/jobs/view/contr%C3%B4leur-...","logger":"task.stdout"}
{"timestamp":"2026-03-30T08:55:14.783414Z","level":"info","event":"Sleeping for 11.11 seconds...","logger":"task.stdout"}
{"timestamp":"2026-03-30T08:55:25.892479Z","level":"info","event":"Fetching description for: https://ca.linkedin.com/jobs/view/scientifique-de-...","logger":"task.stdout"}
{"timestamp":"2026-03-30T08:55:26.883389Z","level":"info","event":"Sleeping for 11.87 seconds...","logger":"task.stdout"}
{"timestamp":"2026-03-30T08:55:38.769053Z","level":"info","event":"Fetching description for: https://ca.linkedin.com/jobs/view/analyste-de-r%C3...","logger":"task.stdout"}
{"timestamp":"2026-03-30T08:55:40.051304Z","level":"info","event":"Sleeping for 11.82 seconds...","logger":"task.stdout"}
{"timestamp":"2026-03-30T08:55:51.879381Z","level":"info","event":"Fetching description for: https://ca.linkedin.com/jobs/view/e3-analyste-powe...","logger":"task.stdout"}
{"timestamp":"2026-03-30T08:55:52.731918Z","level":"info","event":"Sleeping for 8.95 seconds...","logger":"task.stdout"}
{"timestamp":"2026-03-30T08:56:01.683045Z","level":"info","event":"Fetching description for: https://ca.linkedin.com/jobs/view/data-analysis-tu...","logger":"task.stdout"}
{"timestamp":"2026-03-30T08:56:02.560325Z","level":"info","event":"Sleeping for 5.74 seconds...","logger":"task.stdout"}
{"timestamp":"2026-03-30T08:56:08.308625Z","level":"info","event":"Fetching description for: https://ca.linkedin.com/jobs/view/ing%C3%A9nieure-...","logger":"task.stdout"}
{"timestamp":"2026-03-30T08:56:09.973034Z","level":"info","event":"Sleeping for 7.47 seconds...","logger":"task.stdout"}
{"timestamp":"2026-03-30T08:56:17.449168Z","level":"info","event":"Fetching description for: https://ca.linkedin.com/jobs/view/analyste-en-envi...","logger":"task.stdout"}
{"timestamp":"2026-03-30T08:56:18.440541Z","level":"info","event":"Sleeping for 9.03 seconds...","logger":"task.stdout"}
{"timestamp":"2026-03-30T08:56:27.473377Z","level":"info","event":"Fetching description for: https://ca.linkedin.com/jobs/view/it-architect-at-...","logger":"task.stdout"}
{"timestamp":"2026-03-30T08:56:28.283416Z","level":"info","event":"Sleeping for 6.62 seconds...","logger":"task.stdout"}
{"timestamp":"2026-03-30T08:56:34.905924Z","level":"info","event":"Fetching description for: https://ca.linkedin.com/jobs/view/data-analytics-a...","logger":"task.stdout"}
{"timestamp":"2026-03-30T08:56:35.832090Z","level":"info","event":"Sleeping for 6.81 seconds...","logger":"task.stdout"}
{"timestamp":"2026-03-30T08:56:42.644303Z","level":"info","event":"Fetching description for: https://ca.linkedin.com/jobs/view/data-architect-a...","logger":"task.stdout"}
{"timestamp":"2026-03-30T08:56:43.332358Z","level":"info","event":"Sleeping for 11.02 seconds...","logger":"task.stdout"}
{"timestamp":"2026-03-30T08:56:54.360653Z","level":"info","event":"Fetching description for: https://ca.linkedin.com/jobs/view/architecte-analy...","logger":"task.stdout"}
{"timestamp":"2026-03-30T08:56:55.508223Z","level":"info","event":"Sleeping for 7.24 seconds...","logger":"task.stdout"}
{"timestamp":"2026-03-30T08:57:02.748473Z","level":"info","event":"Fetching description for: https://ca.linkedin.com/jobs/view/technical-data-a...","logger":"task.stdout"}
{"timestamp":"2026-03-30T08:57:03.660114Z","level":"info","event":"Sleeping for 8.97 seconds...","logger":"task.stdout"}
{"timestamp":"2026-03-30T08:57:12.631529Z","level":"info","event":"Fetching description for: https://ca.linkedin.com/jobs/view/solution-archite...","logger":"task.stdout"}
{"timestamp":"2026-03-30T08:57:13.645929Z","level":"info","event":"Sleeping for 8.99 seconds...","logger":"task.stdout"}
{"timestamp":"2026-03-30T08:57:22.639331Z","level":"info","event":"Fetching description for: https://ca.linkedin.com/jobs/view/architecte-de-so...","logger":"task.stdout"}
{"timestamp":"2026-03-30T08:57:23.338170Z","level":"info","event":"Sleeping for 6.61 seconds...","logger":"task.stdout"}
{"timestamp":"2026-03-30T08:57:29.947166Z","level":"info","event":"Fetching description for: https://ca.linkedin.com/jobs/view/senior-data-engi...","logger":"task.stdout"}
{"timestamp":"2026-03-30T08:57:30.747528Z","level":"info","event":"Sleeping for 10.67 seconds...","logger":"task.stdout"}
{"timestamp":"2026-03-30T08:57:41.423113Z","level":"info","event":"Fetching description for: https://ca.linkedin.com/jobs/view/architect-data-f...","logger":"task.stdout"}
{"timestamp":"2026-03-30T08:57:42.181082Z","level":"info","event":"Sleeping for 6.12 seconds...","logger":"task.stdout"}
{"timestamp":"2026-03-30T08:57:48.298850Z","level":"info","event":"Fetching description for: https://ca.linkedin.com/jobs/view/architecte-de-do...","logger":"task.stdout"}
{"timestamp":"2026-03-30T08:57:54.144994Z","level":"info","event":"Sleeping for 11.26 seconds...","logger":"task.stdout"}
{"timestamp":"2026-03-30T08:58:05.409670Z","level":"info","event":"Fetching description for: https://ca.linkedin.com/jobs/view/software-enginee...","logger":"task.stdout"}
{"timestamp":"2026-03-30T08:58:06.689719Z","level":"info","event":"Sleeping for 11.63 seconds...","logger":"task.stdout"}
{"timestamp":"2026-03-30T08:58:18.321458Z","level":"info","event":"Fetching description for: https://ca.linkedin.com/jobs/view/lead-data-engine...","logger":"task.stdout"}
{"timestamp":"2026-03-30T08:58:19.355000Z","level":"info","event":"Sleeping for 6.17 seconds...","logger":"task.stdout"}
{"timestamp":"2026-03-30T08:58:25.533415Z","level":"info","event":"Fetching description for: https://ca.linkedin.com/jobs/view/software-enginee...","logger":"task.stdout"}
{"timestamp":"2026-03-30T08:58:26.639343Z","level":"info","event":"Sleeping for 10.97 seconds...","logger":"task.stdout"}
{"timestamp":"2026-03-30T08:58:37.617279Z","level":"info","event":"Fetching description for: https://ca.linkedin.com/jobs/view/data-internship-...","logger":"task.stdout"}
{"timestamp":"2026-03-30T08:58:38.905575Z","level":"info","event":"Sleeping for 11.82 seconds...","logger":"task.stdout"}
{"timestamp":"2026-03-30T08:58:50.730667Z","level":"info","event":"Fetching description for: https://ca.linkedin.com/jobs/view/data-collector-c...","logger":"task.stdout"}
{"timestamp":"2026-03-30T08:58:51.434213Z","level":"info","event":"Sleeping for 9.66 seconds...","logger":"task.stdout"}
{"timestamp":"2026-03-30T08:59:01.101998Z","level":"info","event":"Fetching description for: https://ca.linkedin.com/jobs/view/analyste-program...","logger":"task.stdout"}
{"timestamp":"2026-03-30T08:59:02.240178Z","level":"info","event":"Sleeping for 5.73 seconds...","logger":"task.stdout"}
{"timestamp":"2026-03-30T08:59:07.969232Z","level":"info","event":"Fetching description for: https://ca.linkedin.com/jobs/view/software-enginee...","logger":"task.stdout"}
{"timestamp":"2026-03-30T08:59:10.358071Z","level":"info","event":"Sleeping for 7.49 seconds...","logger":"task.stdout"}
{"timestamp":"2026-03-30T08:59:17.860326Z","level":"info","event":"Fetching description for: https://ca.linkedin.com/jobs/view/data-analysis-tu...","logger":"task.stdout"}
{"timestamp":"2026-03-30T08:59:19.757236Z","level":"info","event":"Sleeping for 6.38 seconds...","logger":"task.stdout"}
{"timestamp":"2026-03-30T08:59:26.138536Z","level":"info","event":"Fetching description for: https://ca.linkedin.com/jobs/view/stage-en-donn%C3...","logger":"task.stdout"}
{"timestamp":"2026-03-30T08:59:27.270205Z","level":"info","event":"Sleeping for 6.42 seconds...","logger":"task.stdout"}
{"timestamp":"2026-03-30T08:59:33.694699Z","level":"info","event":"Fetching description for: https://ca.linkedin.com/jobs/view/site-supervision...","logger":"task.stdout"}
{"timestamp":"2026-03-30T08:59:34.692951Z","level":"info","event":"Sleeping for 7.30 seconds...","logger":"task.stdout"}
{"timestamp":"2026-03-30T08:59:41.991662Z","level":"info","event":"Fetching description for: https://ca.linkedin.com/jobs/view/scientifique-de-...","logger":"task.stdout"}
{"timestamp":"2026-03-30T08:59:43.663608Z","level":"info","event":"Sleeping for 6.62 seconds...","logger":"task.stdout"}
{"timestamp":"2026-03-30T08:59:50.286008Z","level":"info","event":"Fetching description for: https://ca.linkedin.com/jobs/view/contr%C3%B4leur-...","logger":"task.stdout"}
{"timestamp":"2026-03-30T08:59:51.159601Z","level":"info","event":"Sleeping for 11.89 seconds...","logger":"task.stdout"}
{"timestamp":"2026-03-30T09:00:03.051986Z","level":"info","event":"Fetching description for: https://ca.linkedin.com/jobs/view/analyste-infrast...","logger":"task.stdout"}
{"timestamp":"2026-03-30T09:00:04.029393Z","level":"info","event":"Sleeping for 11.61 seconds...","logger":"task.stdout"}
{"timestamp":"2026-03-30T09:00:15.638737Z","level":"info","event":"Fetching description for: https://ca.linkedin.com/jobs/view/engineering-proj...","logger":"task.stdout"}
{"timestamp":"2026-03-30T09:00:16.751406Z","level":"info","event":"Sleeping for 5.22 seconds...","logger":"task.stdout"}
{"timestamp":"2026-03-30T09:00:21.968674Z","level":"info","event":"Fetching description for: https://ca.linkedin.com/jobs/view/safety-and-ram-s...","logger":"task.stdout"}
{"timestamp":"2026-03-30T09:00:23.004398Z","level":"info","event":"Sleeping for 5.19 seconds...","logger":"task.stdout"}
{"timestamp":"2026-03-30T09:00:28.194418Z","level":"info","event":"Fetching description for: https://ca.linkedin.com/jobs/view/expert-en-scienc...","logger":"task.stdout"}
{"timestamp":"2026-03-30T09:00:29.449225Z","level":"info","event":"Sleeping for 10.23 seconds...","logger":"task.stdout"}
{"timestamp":"2026-03-30T09:00:39.676126Z","level":"info","event":"Fetching description for: https://ca.linkedin.com/jobs/view/conseiller-%C3%A...","logger":"task.stdout"}
{"timestamp":"2026-03-30T09:00:43.217995Z","level":"info","event":"Sleeping for 11.22 seconds...","logger":"task.stdout"}
{"timestamp":"2026-03-30T09:00:54.440990Z","level":"info","event":"Fetching description for: https://ca.linkedin.com/jobs/view/data-collector-c...","logger":"task.stdout"}
{"timestamp":"2026-03-30T09:00:55.211176Z","level":"info","event":"Sleeping for 5.71 seconds...","logger":"task.stdout"}
{"timestamp":"2026-03-30T09:01:00.925688Z","level":"info","event":"Fetching description for: https://ca.linkedin.com/jobs/view/ing%C3%A9nieur-e...","logger":"task.stdout"}
{"timestamp":"2026-03-30T09:01:02.156158Z","level":"info","event":"Sleeping for 5.40 seconds...","logger":"task.stdout"}
{"timestamp":"2026-03-30T09:01:07.564616Z","level":"info","event":"Fetching description for: https://ca.linkedin.com/jobs/view/data-internship-...","logger":"task.stdout"}
{"timestamp":"2026-03-30T09:01:08.542078Z","level":"info","event":"Sleeping for 11.62 seconds...","logger":"task.stdout"}
{"timestamp":"2026-03-30T09:01:20.160836Z","level":"info","event":"Fetching description for: https://ca.linkedin.com/jobs/view/senior-developer...","logger":"task.stdout"}
{"timestamp":"2026-03-30T09:01:21.819152Z","level":"info","event":"Sleeping for 11.33 seconds...","logger":"task.stdout"}
{"timestamp":"2026-03-30T09:01:33.152619Z","level":"info","event":"Fetching description for: https://ca.linkedin.com/jobs/view/analyste-program...","logger":"task.stdout"}
{"timestamp":"2026-03-30T09:01:35.030834Z","level":"info","event":"Sleeping for 11.20 seconds...","logger":"task.stdout"}
{"timestamp":"2026-03-30T09:01:46.228749Z","level":"info","event":"Fetching description for: https://ca.linkedin.com/jobs/view/technical-data-a...","logger":"task.stdout"}
{"timestamp":"2026-03-30T09:01:47.872812Z","level":"info","event":"Sleeping for 5.96 seconds...","logger":"task.stdout"}
{"timestamp":"2026-03-30T09:01:53.829522Z","level":"info","event":"Fetching description for: https://ca.linkedin.com/jobs/view/solution-archite...","logger":"task.stdout"}
{"timestamp":"2026-03-30T09:01:56.168997Z","level":"info","event":"Sleeping for 8.34 seconds...","logger":"task.stdout"}
{"timestamp":"2026-03-30T09:02:04.518770Z","level":"info","event":"Fetching description for: https://ca.linkedin.com/jobs/view/architecte-de-so...","logger":"task.stdout"}
{"timestamp":"2026-03-30T09:02:05.368631Z","level":"info","event":"Sleeping for 9.40 seconds...","logger":"task.stdout"}
{"timestamp":"2026-03-30T09:02:14.766899Z","level":"info","event":"Fetching description for: https://ca.linkedin.com/jobs/view/senior-data-engi...","logger":"task.stdout"}
{"timestamp":"2026-03-30T09:02:15.606085Z","level":"info","event":"Sleeping for 7.57 seconds...","logger":"task.stdout"}
{"timestamp":"2026-03-30T09:02:23.175967Z","level":"info","event":"Fetching description for: https://ca.linkedin.com/jobs/view/architect-data-f...","logger":"task.stdout"}
{"timestamp":"2026-03-30T09:02:24.498124Z","level":"info","event":"Sleeping for 5.04 seconds...","logger":"task.stdout"}
{"timestamp":"2026-03-30T09:02:29.540833Z","level":"info","event":"Fetching description for: https://ca.linkedin.com/jobs/view/architecte-de-do...","logger":"task.stdout"}
{"timestamp":"2026-03-30T09:02:31.477873Z","level":"info","event":"Sleeping for 5.40 seconds...","logger":"task.stdout"}
{"timestamp":"2026-03-30T09:02:36.893274Z","level":"info","event":"Job Description enrichment complete.","logger":"task.stdout"}
{"timestamp":"2026-03-30T09:02:36.903107Z","level":"info","event":"Done. Returned value was: None","logger":"airflow.task.operators.airflow.providers.standard.operators.python.PythonOperator","filename":"python.py","lineno":230}
{"timestamp":"2026-03-30T09:02:36.951931Z","level":"info","event":"Task instance in success state","logger":"task.stdout"}
{"timestamp":"2026-03-30T09:02:36.952164Z","level":"info","event":" Previous state of the Task instance: TaskInstanceState.RUNNING","logger":"task.stdout"}
{"timestamp":"2026-03-30T09:02:36.953492Z","level":"info","event":"Task operator:<Task(PythonOperator): enrich_descriptions>","logger":"task.stdout"}
