{"timestamp":"2026-04-15T14:21:17.679703Z","level":"info","event":"Stats instance was created in PID 7 but accessed in PID 234. Re-initializing.","logger":"airflow.stats","filename":"stats.py","lineno":57}
{"timestamp":"2026-04-15T14:21:17.755239Z","level":"info","event":"DAG bundles loaded: dags-folder","logger":"airflow.dag_processing.bundles.manager.DagBundlesManager","filename":"manager.py","lineno":179}
{"timestamp":"2026-04-15T14:21:17.756704Z","level":"info","event":"Filling up the DagBag from /opt/airflow/dags/linkedin_pipeline.py","logger":"airflow.models.dagbag.BundleDagBag","filename":"dagbag.py","lineno":593}
{"timestamp":"2026-04-15T14:21:20.422735Z","level":"warning","event":"Could not construct link lookup table (DB likely empty): (psycopg2.errors.UndefinedTable) relation \"raw_jobs\" does not exist\nLINE 1: SELECT link FROM raw_jobs;\n                         ^\n\n[SQL: SELECT link FROM raw_jobs;]\n(Background on this error at: https://sqlalche.me/e/20/f405)","logger":"root","filename":"bronze_raw.py","lineno":391}
{"timestamp":"2026-04-15T14:21:20.424258Z","level":"info","event":"Loaded 0 existing jobs from the database.","logger":"task.stdout"}
{"timestamp":"2026-04-15T14:21:20.424769Z","level":"info","event":"","logger":"task.stdout"}
{"timestamp":"2026-04-15T14:21:20.425233Z","level":"info","event":"--- Fetching new jobs for: Data Engineer ---","logger":"task.stdout"}
{"timestamp":"2026-04-15T14:21:20.425442Z","level":"info","event":"Scanning page 1...","logger":"task.stdout"}
{"timestamp":"2026-04-15T14:21:21.005371Z","level":"info","event":"  -> Page 1 had 10 NEW jobs. (Total for query: 10/50)","logger":"task.stdout"}
{"timestamp":"2026-04-15T14:21:28.138630Z","level":"info","event":"Scanning page 2...","logger":"task.stdout"}
{"timestamp":"2026-04-15T14:21:28.753636Z","level":"info","event":"  -> Page 2 had 10 NEW jobs. (Total for query: 20/50)","logger":"task.stdout"}
{"timestamp":"2026-04-15T14:21:33.922481Z","level":"info","event":"Scanning page 3...","logger":"task.stdout"}
{"timestamp":"2026-04-15T14:21:34.322097Z","level":"info","event":"No more jobs found on LinkedIn for this query (End of results).","logger":"task.stdout"}
{"timestamp":"2026-04-15T14:21:34.322332Z","level":"info","event":"","logger":"task.stdout"}
{"timestamp":"2026-04-15T14:21:34.322491Z","level":"info","event":"--- Fetching new jobs for: Ingénieur de données ---","logger":"task.stdout"}
{"timestamp":"2026-04-15T14:21:34.322648Z","level":"info","event":"Scanning page 1...","logger":"task.stdout"}
{"timestamp":"2026-04-15T14:21:34.874901Z","level":"info","event":"  -> Page 1 had 4 NEW jobs. (Total for query: 4/50)","logger":"task.stdout"}
{"timestamp":"2026-04-15T14:21:40.881910Z","level":"info","event":"Scanning page 2...","logger":"task.stdout"}
{"timestamp":"2026-04-15T14:21:41.538312Z","level":"info","event":"  -> Page 2 had 7 NEW jobs. (Total for query: 11/50)","logger":"task.stdout"}
{"timestamp":"2026-04-15T14:21:48.562300Z","level":"info","event":"Scanning page 3...","logger":"task.stdout"}
{"timestamp":"2026-04-15T14:21:49.009352Z","level":"info","event":"No more jobs found on LinkedIn for this query (End of results).","logger":"task.stdout"}
{"timestamp":"2026-04-15T14:21:49.009709Z","level":"info","event":"","logger":"task.stdout"}
{"timestamp":"2026-04-15T14:21:49.010013Z","level":"info","event":"--- Fetching new jobs for: Data Architect ---","logger":"task.stdout"}
{"timestamp":"2026-04-15T14:21:49.010324Z","level":"info","event":"Scanning page 1...","logger":"task.stdout"}
{"timestamp":"2026-04-15T14:21:49.567707Z","level":"info","event":"  -> Page 1 had 8 NEW jobs. (Total for query: 8/50)","logger":"task.stdout"}
{"timestamp":"2026-04-15T14:21:57.529470Z","level":"info","event":"Scanning page 2...","logger":"task.stdout"}
{"timestamp":"2026-04-15T14:21:58.032431Z","level":"info","event":"No more jobs found on LinkedIn for this query (End of results).","logger":"task.stdout"}
{"timestamp":"2026-04-15T14:35:05.936384Z","level":"info","event":"Jobs successfully Upserted (Inserted or Updated) into Bronze layer.","logger":"root","filename":"bronze_raw.py","lineno":280}
{"timestamp":"2026-04-15T14:35:05.938476Z","level":"info","event":"","logger":"task.stdout"}
{"timestamp":"2026-04-15T14:35:05.938646Z","level":"info","event":"✅ Success: Saved 39 completely NEW jobs to the Bronze layer.","logger":"task.stdout"}
{"timestamp":"2026-04-15T14:35:05.940813Z","level":"info","event":"Done. Returned value was: None","logger":"airflow.task.operators.airflow.providers.standard.operators.python.PythonOperator","filename":"python.py","lineno":230}
