{"timestamp":"2026-04-01T12:28:17.596359Z","level":"info","event":"Stats instance was created in PID 7 but accessed in PID 8797. Re-initializing.","logger":"airflow.stats","filename":"stats.py","lineno":57}
{"timestamp":"2026-04-01T12:28:17.601654Z","level":"info","event":"DAG bundles loaded: dags-folder","logger":"airflow.dag_processing.bundles.manager.DagBundlesManager","filename":"manager.py","lineno":179}
{"timestamp":"2026-04-01T12:28:17.602118Z","level":"info","event":"Filling up the DagBag from /opt/airflow/dags/linkedin_pipeline.py","logger":"airflow.models.dagbag.BundleDagBag","filename":"dagbag.py","lineno":593}
{"timestamp":"2026-04-01T12:28:18.625368Z","level":"info","event":"Loaded 47 existing jobs from the database.","logger":"task.stdout"}
{"timestamp":"2026-04-01T12:28:18.626553Z","level":"info","event":"","logger":"task.stdout"}
{"timestamp":"2026-04-01T12:28:18.626773Z","level":"info","event":"--- Fetching new jobs for: Data Engineer ---","logger":"task.stdout"}
{"timestamp":"2026-04-01T12:28:18.626926Z","level":"info","event":"Scanning page 1...","logger":"task.stdout"}
{"timestamp":"2026-04-01T12:28:19.290877Z","level":"info","event":"  -> Page 1 had 0 NEW jobs. (Total for query: 0/50)","logger":"task.stdout"}
{"timestamp":"2026-04-01T12:28:24.952431Z","level":"info","event":"Scanning page 2...","logger":"task.stdout"}
{"timestamp":"2026-04-01T12:28:25.551622Z","level":"info","event":"  -> Page 2 had 1 NEW jobs. (Total for query: 1/50)","logger":"task.stdout"}
{"timestamp":"2026-04-01T12:28:31.676445Z","level":"info","event":"Scanning page 3...","logger":"task.stdout"}
{"timestamp":"2026-04-01T12:28:32.398065Z","level":"info","event":"  -> Page 3 had 10 NEW jobs. (Total for query: 11/50)","logger":"task.stdout"}
{"timestamp":"2026-04-01T12:28:39.794447Z","level":"info","event":"Scanning page 4...","logger":"task.stdout"}
{"timestamp":"2026-04-01T12:28:40.361060Z","level":"info","event":"No more jobs found on LinkedIn for this query (End of results).","logger":"task.stdout"}
{"timestamp":"2026-04-01T12:28:40.361803Z","level":"info","event":"","logger":"task.stdout"}
{"timestamp":"2026-04-01T12:28:40.362053Z","level":"info","event":"--- Fetching new jobs for: Ingénieur de données ---","logger":"task.stdout"}
{"timestamp":"2026-04-01T12:28:40.362255Z","level":"info","event":"Scanning page 1...","logger":"task.stdout"}
{"timestamp":"2026-04-01T12:28:41.201707Z","level":"info","event":"  -> Page 1 had 0 NEW jobs. (Total for query: 0/50)","logger":"task.stdout"}
{"timestamp":"2026-04-01T12:28:47.335149Z","level":"info","event":"Scanning page 2...","logger":"task.stdout"}
{"timestamp":"2026-04-01T12:28:48.086321Z","level":"info","event":"  -> Page 2 had 0 NEW jobs. (Total for query: 0/50)","logger":"task.stdout"}
{"timestamp":"2026-04-01T12:28:54.829595Z","level":"info","event":"Scanning page 3...","logger":"task.stdout"}
{"timestamp":"2026-04-01T12:28:55.340135Z","level":"info","event":"No more jobs found on LinkedIn for this query (End of results).","logger":"task.stdout"}
{"timestamp":"2026-04-01T12:28:55.340545Z","level":"info","event":"","logger":"task.stdout"}
{"timestamp":"2026-04-01T12:28:55.340825Z","level":"info","event":"--- Fetching new jobs for: Data Architect ---","logger":"task.stdout"}
{"timestamp":"2026-04-01T12:28:55.341025Z","level":"info","event":"Scanning page 1...","logger":"task.stdout"}
{"timestamp":"2026-04-01T12:28:55.961620Z","level":"info","event":"  -> Page 1 had 0 NEW jobs. (Total for query: 0/50)","logger":"task.stdout"}
{"timestamp":"2026-04-01T12:29:02.878055Z","level":"info","event":"Scanning page 2...","logger":"task.stdout"}
{"timestamp":"2026-04-01T12:29:03.425016Z","level":"info","event":"No more jobs found on LinkedIn for this query (End of results).","logger":"task.stdout"}
{"timestamp":"2026-04-01T12:29:03.478027Z","level":"info","event":"✅ Added missing column 'is_active'.","logger":"task.stdout"}
{"timestamp":"2026-04-01T12:29:03.535194Z","level":"info","event":"Jobs successfully Upserted (Inserted or Updated) into Bronze layer.","logger":"task.stdout"}
{"timestamp":"2026-04-01T12:29:03.535603Z","level":"info","event":"","logger":"task.stdout"}
{"timestamp":"2026-04-01T12:29:03.535811Z","level":"info","event":"✅ Success: Saved 11 completely NEW jobs to the Bronze layer.","logger":"task.stdout"}
{"timestamp":"2026-04-01T12:29:03.536789Z","level":"info","event":"Done. Returned value was: None","logger":"airflow.task.operators.airflow.providers.standard.operators.python.PythonOperator","filename":"python.py","lineno":230}
