{"timestamp":"2026-03-30T02:12:37.090169Z","level":"info","event":"Stats instance was created in PID 7 but accessed in PID 540. Re-initializing.","logger":"airflow.stats","filename":"stats.py","lineno":57}
{"timestamp":"2026-03-30T02:12:37.734575Z","level":"info","event":"DAG bundles loaded: dags-folder, example_dags","logger":"airflow.dag_processing.bundles.manager.DagBundlesManager","filename":"manager.py","lineno":179}
{"timestamp":"2026-03-30T02:12:37.739377Z","level":"info","event":"Filling up the DagBag from /opt/airflow/dags/linkedin_pipeline.py","logger":"airflow.models.dagbag.BundleDagBag","filename":"dagbag.py","lineno":593}
{"timestamp":"2026-03-30T02:12:40.481665Z","level":"info","event":"Task instance is in running state","logger":"task.stdout"}
{"timestamp":"2026-03-30T02:12:40.491388Z","level":"info","event":" Previous state of the Task instance: TaskInstanceState.QUEUED","logger":"task.stdout"}
{"timestamp":"2026-03-30T02:12:40.493565Z","level":"info","event":"Current task name:enrich_descriptions","logger":"task.stdout"}
{"timestamp":"2026-03-30T02:12:40.495404Z","level":"info","event":"Dag name:linkedin_bronze_to_silver","logger":"task.stdout"}
{"timestamp":"2026-03-30T02:12:40.499895Z","level":"info","event":"Starting Job Description enrichment process...","logger":"task.stdout"}
{"timestamp":"2026-03-30T02:12:40.654409Z","level":"info","event":"Starting enrichment for 50 jobs...","logger":"task.stdout"}
{"timestamp":"2026-03-30T02:12:40.655383Z","level":"info","event":"Fetching description for: https://ca.linkedin.com/jobs/view/senior-developer...","logger":"task.stdout"}
{"timestamp":"2026-03-30T02:12:41.650551Z","level":"info","event":"Sleeping for 7.51 seconds...","logger":"task.stdout"}
{"timestamp":"2026-03-30T02:12:49.164577Z","level":"info","event":"Fetching description for: https://ca.linkedin.com/jobs/view/senior-data-engi...","logger":"task.stdout"}
{"timestamp":"2026-03-30T02:12:50.180289Z","level":"info","event":"Sleeping for 5.09 seconds...","logger":"task.stdout"}
{"timestamp":"2026-03-30T02:12:55.277035Z","level":"info","event":"Fetching description for: https://ca.linkedin.com/jobs/view/programming-soft...","logger":"task.stdout"}
{"timestamp":"2026-03-30T02:12:56.608567Z","level":"info","event":"Sleeping for 10.78 seconds...","logger":"task.stdout"}
{"timestamp":"2026-03-30T04:14:28.415907Z","level":"info","event":"Fetching description for: https://ca.linkedin.com/jobs/view/software-enginee...","logger":"task.stdout"}
{"timestamp":"2026-03-30T04:14:29.716559Z","level":"info","event":"Sleeping for 8.32 seconds...","logger":"task.stdout"}
{"timestamp":"2026-03-30T04:14:38.038081Z","level":"info","event":"Fetching description for: https://ca.linkedin.com/jobs/view/lead-data-engine...","logger":"task.stdout"}
{"timestamp":"2026-03-30T04:14:38.740933Z","level":"info","event":"Sleeping for 9.42 seconds...","logger":"task.stdout"}
{"timestamp":"2026-03-30T04:14:48.171712Z","level":"info","event":"Fetching description for: https://ca.linkedin.com/jobs/view/software-enginee...","logger":"task.stdout"}
{"timestamp":"2026-03-30T04:14:54.727723Z","level":"info","event":"Sleeping for 7.79 seconds...","logger":"task.stdout"}
