{"timestamp":"2026-03-30T00:03:40.638699Z","level":"info","event":"Stats instance was created in PID 7 but accessed in PID 423. Re-initializing.","logger":"airflow.stats","filename":"stats.py","lineno":57}
{"timestamp":"2026-03-30T00:03:44.467252Z","level":"info","event":"DAG bundles loaded: dags-folder, example_dags","logger":"airflow.dag_processing.bundles.manager.DagBundlesManager","filename":"manager.py","lineno":179}
{"timestamp":"2026-03-30T00:03:44.479363Z","level":"info","event":"Filling up the DagBag from /opt/airflow/dags/linkedin_pipeline.py","logger":"airflow.models.dagbag.BundleDagBag","filename":"dagbag.py","lineno":593}
{"timestamp":"2026-03-30T00:03:50.930160Z","level":"info","event":"Task instance is in running state","logger":"task.stdout"}
{"timestamp":"2026-03-30T00:03:50.933395Z","level":"info","event":" Previous state of the Task instance: TaskInstanceState.QUEUED","logger":"task.stdout"}
{"timestamp":"2026-03-30T00:03:50.935100Z","level":"info","event":"Current task name:enrich_descriptions","logger":"task.stdout"}
{"timestamp":"2026-03-30T00:03:50.935498Z","level":"info","event":"Dag name:linkedin_bronze_to_silver","logger":"task.stdout"}
{"timestamp":"2026-03-30T00:03:50.961283Z","level":"info","event":"Starting Job Description enrichment process...","logger":"task.stdout"}
{"timestamp":"2026-03-30T00:03:51.085188Z","level":"info","event":"Starting enrichment for 100 jobs...","logger":"task.stdout"}
{"timestamp":"2026-03-30T00:03:51.086146Z","level":"info","event":"Fetching description for: https://ca.linkedin.com/jobs/view/software-enginee...","logger":"task.stdout"}
{"timestamp":"2026-03-30T00:03:52.448429Z","level":"info","event":"Sleeping for 7.93 seconds...","logger":"task.stdout"}
{"timestamp":"2026-03-30T00:04:00.386639Z","level":"info","event":"Fetching description for: https://ca.linkedin.com/jobs/view/senior-developer...","logger":"task.stdout"}
{"timestamp":"2026-03-30T00:04:01.132535Z","level":"info","event":"Sleeping for 7.67 seconds...","logger":"task.stdout"}
{"timestamp":"2026-03-30T00:04:08.802635Z","level":"info","event":"Fetching description for: https://ca.linkedin.com/jobs/view/senior-data-engi...","logger":"task.stdout"}
{"timestamp":"2026-03-30T00:04:09.494668Z","level":"info","event":"Sleeping for 8.03 seconds...","logger":"task.stdout"}
{"timestamp":"2026-03-30T00:04:17.528629Z","level":"info","event":"Fetching description for: https://ca.linkedin.com/jobs/view/programming-soft...","logger":"task.stdout"}
{"timestamp":"2026-03-30T00:04:18.433475Z","level":"info","event":"Sleeping for 8.46 seconds...","logger":"task.stdout"}
{"timestamp":"2026-03-30T00:04:26.904726Z","level":"info","event":"Fetching description for: https://ca.linkedin.com/jobs/view/software-enginee...","logger":"task.stdout"}
{"timestamp":"2026-03-30T00:04:27.746792Z","level":"info","event":"Sleeping for 9.65 seconds...","logger":"task.stdout"}
{"timestamp":"2026-03-30T00:04:37.397156Z","level":"info","event":"Fetching description for: https://ca.linkedin.com/jobs/view/lead-data-engine...","logger":"task.stdout"}
{"timestamp":"2026-03-30T00:04:38.096545Z","level":"info","event":"Sleeping for 8.76 seconds...","logger":"task.stdout"}
{"timestamp":"2026-03-30T00:04:46.861687Z","level":"info","event":"Fetching description for: https://ca.linkedin.com/jobs/view/data-internship-...","logger":"task.stdout"}
{"timestamp":"2026-03-30T00:04:47.858996Z","level":"info","event":"Sleeping for 9.28 seconds...","logger":"task.stdout"}
{"timestamp":"2026-03-30T00:04:57.143528Z","level":"info","event":"Fetching description for: https://ca.linkedin.com/jobs/view/data-collector-c...","logger":"task.stdout"}
{"timestamp":"2026-03-30T00:04:57.769847Z","level":"info","event":"Sleeping for 7.91 seconds...","logger":"task.stdout"}
{"timestamp":"2026-03-30T00:05:05.684753Z","level":"info","event":"Fetching description for: https://ca.linkedin.com/jobs/view/analyste-program...","logger":"task.stdout"}
{"timestamp":"2026-03-30T00:05:07.438915Z","level":"info","event":"Sleeping for 8.90 seconds...","logger":"task.stdout"}
{"timestamp":"2026-03-30T00:05:16.354194Z","level":"info","event":"Fetching description for: https://ca.linkedin.com/jobs/view/software-enginee...","logger":"task.stdout"}
{"timestamp":"2026-03-30T00:05:19.984594Z","level":"info","event":"Sleeping for 7.52 seconds...","logger":"task.stdout"}
{"timestamp":"2026-03-30T00:05:27.507337Z","level":"info","event":"Fetching description for: https://ca.linkedin.com/jobs/view/data-analysis-tu...","logger":"task.stdout"}
{"timestamp":"2026-03-30T00:05:28.367988Z","level":"info","event":"Sleeping for 6.08 seconds...","logger":"task.stdout"}
{"timestamp":"2026-03-30T00:05:34.446383Z","level":"info","event":"Fetching description for: https://ca.linkedin.com/jobs/view/stage-en-donn%C3...","logger":"task.stdout"}
{"timestamp":"2026-03-30T00:05:35.481397Z","level":"info","event":"Sleeping for 11.19 seconds...","logger":"task.stdout"}
{"timestamp":"2026-03-30T00:05:46.679892Z","level":"info","event":"Fetching description for: https://ca.linkedin.com/jobs/view/site-supervision...","logger":"task.stdout"}
{"timestamp":"2026-03-30T00:05:47.725450Z","level":"info","event":"Sleeping for 5.69 seconds...","logger":"task.stdout"}
{"timestamp":"2026-03-30T00:05:53.417376Z","level":"info","event":"Fetching description for: https://ca.linkedin.com/jobs/view/scientifique-de-...","logger":"task.stdout"}
{"timestamp":"2026-03-30T00:05:54.639811Z","level":"info","event":"Sleeping for 5.73 seconds...","logger":"task.stdout"}
{"timestamp":"2026-03-30T00:06:00.373768Z","level":"info","event":"Fetching description for: https://ca.linkedin.com/jobs/view/contr%C3%B4leur-...","logger":"task.stdout"}
{"timestamp":"2026-03-30T00:06:01.410334Z","level":"info","event":"Sleeping for 5.87 seconds...","logger":"task.stdout"}
{"timestamp":"2026-03-30T00:06:07.284247Z","level":"info","event":"Fetching description for: https://ca.linkedin.com/jobs/view/analyste-infrast...","logger":"task.stdout"}
{"timestamp":"2026-03-30T00:06:08.197340Z","level":"info","event":"Sleeping for 8.37 seconds...","logger":"task.stdout"}
{"timestamp":"2026-03-30T00:06:16.574137Z","level":"info","event":"Fetching description for: https://ca.linkedin.com/jobs/view/engineering-proj...","logger":"task.stdout"}
{"timestamp":"2026-03-30T00:06:17.403947Z","level":"info","event":"Sleeping for 5.65 seconds...","logger":"task.stdout"}
{"timestamp":"2026-03-30T00:06:23.055385Z","level":"info","event":"Fetching description for: https://ca.linkedin.com/jobs/view/safety-and-ram-s...","logger":"task.stdout"}
{"timestamp":"2026-03-30T00:06:23.907945Z","level":"info","event":"Sleeping for 5.91 seconds...","logger":"task.stdout"}
{"timestamp":"2026-03-30T00:06:29.817082Z","level":"info","event":"Fetching description for: https://ca.linkedin.com/jobs/view/expert-en-scienc...","logger":"task.stdout"}
{"timestamp":"2026-03-30T00:06:31.770823Z","level":"info","event":"Sleeping for 5.90 seconds...","logger":"task.stdout"}
{"timestamp":"2026-03-30T00:06:37.677139Z","level":"info","event":"Fetching description for: https://ca.linkedin.com/jobs/view/conseiller-%C3%A...","logger":"task.stdout"}
{"timestamp":"2026-03-30T00:06:39.288825Z","level":"info","event":"Sleeping for 5.40 seconds...","logger":"task.stdout"}
{"timestamp":"2026-03-30T00:06:44.689749Z","level":"info","event":"Fetching description for: https://ca.linkedin.com/jobs/view/data-collector-c...","logger":"task.stdout"}
{"timestamp":"2026-03-30T00:06:45.303914Z","level":"info","event":"Sleeping for 10.95 seconds...","logger":"task.stdout"}
{"timestamp":"2026-03-30T00:06:56.260414Z","level":"info","event":"Fetching description for: https://ca.linkedin.com/jobs/view/ing%C3%A9nieur-e...","logger":"task.stdout"}
{"timestamp":"2026-03-30T00:06:57.450920Z","level":"info","event":"Sleeping for 6.30 seconds...","logger":"task.stdout"}
{"timestamp":"2026-03-30T00:07:03.757140Z","level":"info","event":"Fetching description for: https://ca.linkedin.com/jobs/view/data-internship-...","logger":"task.stdout"}
{"timestamp":"2026-03-30T00:07:04.729758Z","level":"info","event":"Sleeping for 11.80 seconds...","logger":"task.stdout"}
{"timestamp":"2026-03-30T00:07:16.530090Z","level":"info","event":"Fetching description for: https://ca.linkedin.com/jobs/view/senior-developer...","logger":"task.stdout"}
{"timestamp":"2026-03-30T00:07:17.301917Z","level":"info","event":"Sleeping for 5.05 seconds...","logger":"task.stdout"}
{"timestamp":"2026-03-30T00:07:22.403497Z","level":"info","event":"Fetching description for: https://ca.linkedin.com/jobs/view/analyste-program...","logger":"task.stdout"}
{"timestamp":"2026-03-30T00:07:23.287540Z","level":"info","event":"Sleeping for 7.52 seconds...","logger":"task.stdout"}
{"timestamp":"2026-03-30T00:07:30.811139Z","level":"info","event":"Fetching description for: https://ca.linkedin.com/jobs/view/ing%C3%A9nieur-e...","logger":"task.stdout"}
{"timestamp":"2026-03-30T00:07:31.710285Z","level":"info","event":"Sleeping for 7.65 seconds...","logger":"task.stdout"}
{"timestamp":"2026-03-30T00:07:39.358490Z","level":"info","event":"Fetching description for: https://ca.linkedin.com/jobs/view/ing%C3%A9nieure-...","logger":"task.stdout"}
{"timestamp":"2026-03-30T00:07:41.306670Z","level":"info","event":"Sleeping for 11.96 seconds...","logger":"task.stdout"}
{"timestamp":"2026-03-30T00:07:53.268130Z","level":"info","event":"Fetching description for: https://ca.linkedin.com/jobs/view/technicien-valid...","logger":"task.stdout"}
{"timestamp":"2026-03-30T00:07:53.937671Z","level":"info","event":"Sleeping for 5.59 seconds...","logger":"task.stdout"}
{"timestamp":"2026-03-30T00:07:59.532783Z","level":"info","event":"Fetching description for: https://ca.linkedin.com/jobs/view/senior-data-engi...","logger":"task.stdout"}
{"timestamp":"2026-03-30T00:08:00.216267Z","level":"info","event":"Sleeping for 7.66 seconds...","logger":"task.stdout"}
{"timestamp":"2026-03-30T00:08:07.876466Z","level":"info","event":"Fetching description for: https://ca.linkedin.com/jobs/view/analyst-data-val...","logger":"task.stdout"}
{"timestamp":"2026-03-30T00:08:09.490315Z","level":"info","event":"Sleeping for 9.36 seconds...","logger":"task.stdout"}
{"timestamp":"2026-03-30T00:08:18.851614Z","level":"info","event":"Fetching description for: https://ca.linkedin.com/jobs/view/programmeur-euse...","logger":"task.stdout"}
{"timestamp":"2026-03-30T00:08:19.722252Z","level":"info","event":"Sleeping for 5.55 seconds...","logger":"task.stdout"}
{"timestamp":"2026-03-30T00:08:25.269798Z","level":"info","event":"Fetching description for: https://ca.linkedin.com/jobs/view/ing%C3%A9nieure-...","logger":"task.stdout"}
{"timestamp":"2026-03-30T00:08:26.179228Z","level":"info","event":"Sleeping for 5.21 seconds...","logger":"task.stdout"}
{"timestamp":"2026-03-30T00:08:31.391803Z","level":"info","event":"Fetching description for: https://ca.linkedin.com/jobs/view/sp%C3%A9cialiste...","logger":"task.stdout"}
{"timestamp":"2026-03-30T00:08:32.355279Z","level":"info","event":"Sleeping for 8.71 seconds...","logger":"task.stdout"}
{"timestamp":"2026-03-30T00:08:41.069434Z","level":"info","event":"Fetching description for: https://ca.linkedin.com/jobs/view/contr%C3%B4leur-...","logger":"task.stdout"}
{"timestamp":"2026-03-30T00:08:41.870471Z","level":"info","event":"Sleeping for 9.27 seconds...","logger":"task.stdout"}
{"timestamp":"2026-03-30T00:08:51.146676Z","level":"info","event":"Fetching description for: https://ca.linkedin.com/jobs/view/scientifique-de-...","logger":"task.stdout"}
{"timestamp":"2026-03-30T00:08:52.082307Z","level":"info","event":"Sleeping for 9.19 seconds...","logger":"task.stdout"}
{"timestamp":"2026-03-30T00:09:01.277520Z","level":"info","event":"Fetching description for: https://ca.linkedin.com/jobs/view/analyste-de-r%C3...","logger":"task.stdout"}
{"timestamp":"2026-03-30T00:09:02.057919Z","level":"info","event":"Sleeping for 11.98 seconds...","logger":"task.stdout"}
{"timestamp":"2026-03-30T00:09:14.037900Z","level":"info","event":"Fetching description for: https://ca.linkedin.com/jobs/view/e3-analyste-powe...","logger":"task.stdout"}
{"timestamp":"2026-03-30T00:09:14.820043Z","level":"info","event":"Sleeping for 5.87 seconds...","logger":"task.stdout"}
{"timestamp":"2026-03-30T00:09:20.688971Z","level":"info","event":"Fetching description for: https://ca.linkedin.com/jobs/view/data-analysis-tu...","logger":"task.stdout"}
{"timestamp":"2026-03-30T00:09:21.523506Z","level":"info","event":"Sleeping for 5.38 seconds...","logger":"task.stdout"}
{"timestamp":"2026-03-30T00:09:26.902279Z","level":"info","event":"Fetching description for: https://ca.linkedin.com/jobs/view/ing%C3%A9nieure-...","logger":"task.stdout"}
{"timestamp":"2026-03-30T00:09:28.697510Z","level":"info","event":"Sleeping for 7.42 seconds...","logger":"task.stdout"}
{"timestamp":"2026-03-30T00:09:36.121590Z","level":"info","event":"Fetching description for: https://ca.linkedin.com/jobs/view/analyste-en-envi...","logger":"task.stdout"}
{"timestamp":"2026-03-30T00:09:37.066411Z","level":"info","event":"Sleeping for 9.54 seconds...","logger":"task.stdout"}
{"timestamp":"2026-03-30T00:09:46.607001Z","level":"info","event":"Fetching description for: https://ca.linkedin.com/jobs/view/it-architect-at-...","logger":"task.stdout"}
{"timestamp":"2026-03-30T00:09:47.425537Z","level":"info","event":"Sleeping for 11.77 seconds...","logger":"task.stdout"}
{"timestamp":"2026-03-30T00:09:59.194363Z","level":"info","event":"Fetching description for: https://ca.linkedin.com/jobs/view/data-analytics-a...","logger":"task.stdout"}
{"timestamp":"2026-03-30T00:09:59.975771Z","level":"info","event":"Sleeping for 10.15 seconds...","logger":"task.stdout"}
{"timestamp":"2026-03-30T00:10:10.126466Z","level":"info","event":"Fetching description for: https://ca.linkedin.com/jobs/view/data-architect-a...","logger":"task.stdout"}
{"timestamp":"2026-03-30T00:10:11.043068Z","level":"info","event":"Sleeping for 9.52 seconds...","logger":"task.stdout"}
{"timestamp":"2026-03-30T00:10:20.566932Z","level":"info","event":"Fetching description for: https://ca.linkedin.com/jobs/view/architecte-analy...","logger":"task.stdout"}
{"timestamp":"2026-03-30T00:10:21.340692Z","level":"info","event":"Sleeping for 5.26 seconds...","logger":"task.stdout"}
{"timestamp":"2026-03-30T00:10:26.673395Z","level":"info","event":"Fetching description for: https://ca.linkedin.com/jobs/view/technical-data-a...","logger":"task.stdout"}
{"timestamp":"2026-03-30T00:10:27.566100Z","level":"info","event":"Sleeping for 7.31 seconds...","logger":"task.stdout"}
{"timestamp":"2026-03-30T00:10:34.877218Z","level":"info","event":"Fetching description for: https://ca.linkedin.com/jobs/view/solution-archite...","logger":"task.stdout"}
{"timestamp":"2026-03-30T00:10:35.807448Z","level":"info","event":"Sleeping for 8.32 seconds...","logger":"task.stdout"}
{"timestamp":"2026-03-30T00:10:44.133209Z","level":"info","event":"Fetching description for: https://ca.linkedin.com/jobs/view/architecte-de-so...","logger":"task.stdout"}
{"timestamp":"2026-03-30T00:10:44.870167Z","level":"info","event":"Sleeping for 10.12 seconds...","logger":"task.stdout"}
{"timestamp":"2026-03-30T00:10:55.072880Z","level":"info","event":"Fetching description for: https://ca.linkedin.com/jobs/view/senior-data-engi...","logger":"task.stdout"}
{"timestamp":"2026-03-30T00:10:55.769083Z","level":"info","event":"Sleeping for 9.59 seconds...","logger":"task.stdout"}
{"timestamp":"2026-03-30T00:11:05.378354Z","level":"info","event":"Fetching description for: https://ca.linkedin.com/jobs/view/architect-data-f...","logger":"task.stdout"}
{"timestamp":"2026-03-30T00:11:06.113904Z","level":"info","event":"Sleeping for 7.21 seconds...","logger":"task.stdout"}
{"timestamp":"2026-03-30T00:11:13.330419Z","level":"info","event":"Fetching description for: https://ca.linkedin.com/jobs/view/architecte-de-do...","logger":"task.stdout"}
{"timestamp":"2026-03-30T00:11:15.136602Z","level":"info","event":"Sleeping for 7.49 seconds...","logger":"task.stdout"}
{"timestamp":"2026-03-30T00:11:22.627785Z","level":"info","event":"Fetching description for: https://ca.linkedin.com/jobs/view/senior-developer...","logger":"task.stdout"}
{"timestamp":"2026-03-30T00:11:23.361250Z","level":"info","event":"Sleeping for 7.17 seconds...","logger":"task.stdout"}
{"timestamp":"2026-03-30T00:11:30.535442Z","level":"info","event":"Fetching description for: https://ca.linkedin.com/jobs/view/senior-data-engi...","logger":"task.stdout"}
{"timestamp":"2026-03-30T00:11:45.840684Z","level":"info","event":"Error processing https://ca.linkedin.com/jobs/view/senior-data-engineer-at-launch-potato-4370194675?position=2&pageNum=0&refId=uT9lzs3X0%2Bw3l%2B%2BFPBj%2Fzg%3D%3D&trackingId=gc8agQqchM12TtIyrCSKuw%3D%3D: ('Connection aborted.', RemoteDisconnected('Remote end closed connection without response'))","logger":"task.stdout"}
{"timestamp":"2026-03-30T00:11:45.846267Z","level":"info","event":"Fetching description for: https://ca.linkedin.com/jobs/view/programming-soft...","logger":"task.stdout"}
{"timestamp":"2026-03-30T00:11:46.816251Z","level":"info","event":"Sleeping for 5.02 seconds...","logger":"task.stdout"}
{"timestamp":"2026-03-30T00:11:51.849471Z","level":"info","event":"Fetching description for: https://ca.linkedin.com/jobs/view/software-enginee...","logger":"task.stdout"}
{"timestamp":"2026-03-30T00:11:52.648337Z","level":"info","event":"Sleeping for 7.82 seconds...","logger":"task.stdout"}
{"timestamp":"2026-03-30T01:16:34.923683Z","level":"info","event":"Fetching description for: https://ca.linkedin.com/jobs/view/lead-data-engine...","logger":"task.stdout"}
{"timestamp":"2026-03-30T01:16:35.707652Z","level":"info","event":"Sleeping for 7.66 seconds...","logger":"task.stdout"}
{"timestamp":"2026-03-30T01:16:43.374778Z","level":"info","event":"Fetching description for: https://ca.linkedin.com/jobs/view/software-enginee...","logger":"task.stdout"}
{"timestamp":"2026-03-30T01:16:44.217960Z","level":"info","event":"Sleeping for 10.54 seconds...","logger":"task.stdout"}
{"timestamp":"2026-03-30T01:16:54.757503Z","level":"info","event":"Fetching description for: https://ca.linkedin.com/jobs/view/data-internship-...","logger":"task.stdout"}
{"timestamp":"2026-03-30T01:16:55.676101Z","level":"info","event":"Sleeping for 6.26 seconds...","logger":"task.stdout"}
