{"timestamp":"2026-04-15T16:11:19.382156Z","level":"info","event":"Stats instance was created in PID 7 but accessed in PID 996. Re-initializing.","logger":"airflow.stats","filename":"stats.py","lineno":57}
{"timestamp":"2026-04-15T16:11:19.394580Z","level":"info","event":"DAG bundles loaded: dags-folder","logger":"airflow.dag_processing.bundles.manager.DagBundlesManager","filename":"manager.py","lineno":179}
{"timestamp":"2026-04-15T16:11:19.395396Z","level":"info","event":"Filling up the DagBag from /opt/airflow/dags/linkedin_pipeline.py","logger":"airflow.models.dagbag.BundleDagBag","filename":"dagbag.py","lineno":593}
{"timestamp":"2026-04-15T16:11:20.724382Z","level":"info","event":"Starting Job Description enrichment process...","logger":"task.stdout"}
{"timestamp":"2026-04-15T16:11:20.734309Z","level":"info","event":"Starting enrichment for 175 jobs...","logger":"root","filename":"bronze_raw.py","lineno":207}
{"timestamp":"2026-04-15T16:11:20.734464Z","level":"info","event":"Fetching description for: https://fr.linkedin.com/jobs/view/data-analyst-h-f...","logger":"root","filename":"bronze_raw.py","lineno":212}
{"timestamp":"2026-04-15T16:11:27.522347Z","level":"info","event":"Fetching description for: https://fr.linkedin.com/jobs/view/apprenti-e-data-...","logger":"root","filename":"bronze_raw.py","lineno":212}
{"timestamp":"2026-04-15T16:11:38.109158Z","level":"info","event":"Fetching description for: https://fr.linkedin.com/jobs/view/senior-software-...","logger":"root","filename":"bronze_raw.py","lineno":212}
{"timestamp":"2026-04-15T16:11:45.543970Z","level":"info","event":"Fetching description for: https://fr.linkedin.com/jobs/view/stage-assistant-...","logger":"root","filename":"bronze_raw.py","lineno":212}
{"timestamp":"2026-04-15T16:11:52.750733Z","level":"info","event":"Fetching description for: https://fr.linkedin.com/jobs/view/stagiaire-data-a...","logger":"root","filename":"bronze_raw.py","lineno":212}
{"timestamp":"2026-04-15T16:12:06.126707Z","level":"info","event":"Fetching description for: https://fr.linkedin.com/jobs/view/stage-data-analy...","logger":"root","filename":"bronze_raw.py","lineno":212}
{"timestamp":"2026-04-15T16:12:17.663350Z","level":"info","event":"Fetching description for: https://fr.linkedin.com/jobs/view/alternance-softw...","logger":"root","filename":"bronze_raw.py","lineno":212}
{"timestamp":"2026-04-15T16:12:30.012669Z","level":"info","event":"Fetching description for: https://fr.linkedin.com/jobs/view/juillet-septembr...","logger":"root","filename":"bronze_raw.py","lineno":212}
{"timestamp":"2026-04-15T16:12:41.613685Z","level":"info","event":"Fetching description for: https://fr.linkedin.com/jobs/view/alternance-assis...","logger":"root","filename":"bronze_raw.py","lineno":212}
{"timestamp":"2026-04-15T16:12:53.276798Z","level":"info","event":"Fetching description for: https://fr.linkedin.com/jobs/view/stage-tableau-de...","logger":"root","filename":"bronze_raw.py","lineno":212}
{"timestamp":"2026-04-15T16:13:01.284211Z","level":"info","event":"Fetching description for: https://fr.linkedin.com/jobs/view/stage-assistant-...","logger":"root","filename":"bronze_raw.py","lineno":212}
{"timestamp":"2026-04-15T16:13:10.622375Z","level":"info","event":"Fetching description for: https://fr.linkedin.com/jobs/view/senior-software-...","logger":"root","filename":"bronze_raw.py","lineno":212}
{"timestamp":"2026-04-15T16:13:17.343451Z","level":"info","event":"Fetching description for: https://fr.linkedin.com/jobs/view/data-analyst-%E2...","logger":"root","filename":"bronze_raw.py","lineno":212}
{"timestamp":"2026-04-15T16:13:25.037335Z","level":"info","event":"Fetching description for: https://fr.linkedin.com/jobs/view/stage-6-mois-ia-...","logger":"root","filename":"bronze_raw.py","lineno":212}
{"timestamp":"2026-04-15T16:13:35.008703Z","level":"info","event":"Fetching description for: https://fr.linkedin.com/jobs/view/stage-assistant-...","logger":"root","filename":"bronze_raw.py","lineno":212}
{"timestamp":"2026-04-15T16:13:42.765326Z","level":"info","event":"Fetching description for: https://fr.linkedin.com/jobs/view/data-analyst-ret...","logger":"root","filename":"bronze_raw.py","lineno":212}
{"timestamp":"2026-04-15T16:13:50.541593Z","level":"info","event":"Fetching description for: https://fr.linkedin.com/jobs/view/junior-data-cent...","logger":"root","filename":"bronze_raw.py","lineno":212}
{"timestamp":"2026-04-15T16:14:03.306170Z","level":"info","event":"Fetching description for: https://fr.linkedin.com/jobs/view/investment-data-...","logger":"root","filename":"bronze_raw.py","lineno":212}
{"timestamp":"2026-04-15T16:14:13.741545Z","level":"info","event":"Fetching description for: https://fr.linkedin.com/jobs/view/intern-data-scie...","logger":"root","filename":"bronze_raw.py","lineno":212}
{"timestamp":"2026-04-15T16:14:24.831777Z","level":"info","event":"Fetching description for: https://fr.linkedin.com/jobs/view/data-engineer-se...","logger":"root","filename":"bronze_raw.py","lineno":212}
{"timestamp":"2026-04-15T16:14:31.947126Z","level":"info","event":"Fetching description for: https://fr.linkedin.com/jobs/view/senior-data-engi...","logger":"root","filename":"bronze_raw.py","lineno":212}
{"timestamp":"2026-04-15T16:14:41.613383Z","level":"info","event":"Fetching description for: https://fr.linkedin.com/jobs/view/%F0%9F%9A%80-dat...","logger":"root","filename":"bronze_raw.py","lineno":212}
{"timestamp":"2026-04-15T16:14:49.897728Z","level":"info","event":"Fetching description for: https://fr.linkedin.com/jobs/view/data-engineer-se...","logger":"root","filename":"bronze_raw.py","lineno":212}
{"timestamp":"2026-04-15T16:14:58.069925Z","level":"info","event":"Fetching description for: https://fr.linkedin.com/jobs/view/data-engineer-da...","logger":"root","filename":"bronze_raw.py","lineno":212}
{"timestamp":"2026-04-15T16:15:09.947881Z","level":"info","event":"Fetching description for: https://fr.linkedin.com/jobs/view/senior-data-engi...","logger":"root","filename":"bronze_raw.py","lineno":212}
{"timestamp":"2026-04-15T16:15:21.997729Z","level":"info","event":"Fetching description for: https://fr.linkedin.com/jobs/view/data-engineer-se...","logger":"root","filename":"bronze_raw.py","lineno":212}
{"timestamp":"2026-04-15T16:15:28.439770Z","level":"info","event":"Fetching description for: https://fr.linkedin.com/jobs/view/senior-data-engi...","logger":"root","filename":"bronze_raw.py","lineno":212}
{"timestamp":"2026-04-15T16:15:38.871620Z","level":"info","event":"Fetching description for: https://fr.linkedin.com/jobs/view/senior-data-engi...","logger":"root","filename":"bronze_raw.py","lineno":212}
{"timestamp":"2026-04-15T16:15:48.393564Z","level":"info","event":"Fetching description for: https://fr.linkedin.com/jobs/view/data-engineer-se...","logger":"root","filename":"bronze_raw.py","lineno":212}
{"timestamp":"2026-04-15T16:15:58.417521Z","level":"info","event":"Fetching description for: https://fr.linkedin.com/jobs/view/senior-analytics...","logger":"root","filename":"bronze_raw.py","lineno":212}
{"timestamp":"2026-04-15T16:16:07.065943Z","level":"info","event":"Fetching description for: https://fr.linkedin.com/jobs/view/senior-analytics...","logger":"root","filename":"bronze_raw.py","lineno":212}
{"timestamp":"2026-04-15T16:16:16.779457Z","level":"info","event":"Fetching description for: https://fr.linkedin.com/jobs/view/senior-data-engi...","logger":"root","filename":"bronze_raw.py","lineno":212}
{"timestamp":"2026-04-15T16:16:26.831337Z","level":"info","event":"Fetching description for: https://fr.linkedin.com/jobs/view/senior-data-engi...","logger":"root","filename":"bronze_raw.py","lineno":212}
{"timestamp":"2026-04-15T16:16:33.969335Z","level":"info","event":"Fetching description for: https://fr.linkedin.com/jobs/view/senior-data-engi...","logger":"root","filename":"bronze_raw.py","lineno":212}
{"timestamp":"2026-04-15T16:16:46.456062Z","level":"info","event":"Fetching description for: https://fr.linkedin.com/jobs/view/data-engineer-s%...","logger":"root","filename":"bronze_raw.py","lineno":212}
{"timestamp":"2026-04-15T16:16:57.864867Z","level":"info","event":"Fetching description for: https://fr.linkedin.com/jobs/view/business-develop...","logger":"root","filename":"bronze_raw.py","lineno":212}
{"timestamp":"2026-04-15T16:17:06.154873Z","level":"info","event":"Fetching description for: https://fr.linkedin.com/jobs/view/senior-data-engi...","logger":"root","filename":"bronze_raw.py","lineno":212}
{"timestamp":"2026-04-15T16:17:19.524984Z","level":"info","event":"Fetching description for: https://fr.linkedin.com/jobs/view/senior-data-engi...","logger":"root","filename":"bronze_raw.py","lineno":212}
{"timestamp":"2026-04-15T16:17:26.896041Z","level":"info","event":"Fetching description for: https://fr.linkedin.com/jobs/view/senior-data-engi...","logger":"root","filename":"bronze_raw.py","lineno":212}
{"timestamp":"2026-04-15T16:17:37.965345Z","level":"info","event":"Fetching description for: https://fr.linkedin.com/jobs/view/senior-analytics...","logger":"root","filename":"bronze_raw.py","lineno":212}
{"timestamp":"2026-04-15T16:17:52.603580Z","level":"info","event":"Fetching description for: https://fr.linkedin.com/jobs/view/vendor-data-coor...","logger":"root","filename":"bronze_raw.py","lineno":212}
{"timestamp":"2026-04-15T16:18:05.063714Z","level":"info","event":"Fetching description for: https://fr.linkedin.com/jobs/view/senior-data-engi...","logger":"root","filename":"bronze_raw.py","lineno":212}
{"timestamp":"2026-04-15T16:18:12.884317Z","level":"info","event":"Fetching description for: https://fr.linkedin.com/jobs/view/ekino-cdi-data-e...","logger":"root","filename":"bronze_raw.py","lineno":212}
{"timestamp":"2026-04-15T16:18:19.326114Z","level":"info","event":"Fetching description for: https://fr.linkedin.com/jobs/view/senior-ml-data-e...","logger":"root","filename":"bronze_raw.py","lineno":212}
{"timestamp":"2026-04-15T16:18:28.757298Z","level":"info","event":"Fetching description for: https://fr.linkedin.com/jobs/view/senior-data-engi...","logger":"root","filename":"bronze_raw.py","lineno":212}
{"timestamp":"2026-04-15T16:18:40.703666Z","level":"info","event":"Fetching description for: https://fr.linkedin.com/jobs/view/senior-data-infr...","logger":"root","filename":"bronze_raw.py","lineno":212}
{"timestamp":"2026-04-15T16:18:47.901995Z","level":"info","event":"Fetching description for: https://fr.linkedin.com/jobs/view/senior-analytics...","logger":"root","filename":"bronze_raw.py","lineno":212}
{"timestamp":"2026-04-15T16:19:00.386196Z","level":"info","event":"Fetching description for: https://fr.linkedin.com/jobs/view/senior-data-engi...","logger":"root","filename":"bronze_raw.py","lineno":212}
{"timestamp":"2026-04-15T16:19:10.479575Z","level":"info","event":"Fetching description for: https://fr.linkedin.com/jobs/view/senior-analytics...","logger":"root","filename":"bronze_raw.py","lineno":212}
{"timestamp":"2026-04-15T16:19:23.494444Z","level":"info","event":"Fetching description for: https://fr.linkedin.com/jobs/view/data-engineer-sn...","logger":"root","filename":"bronze_raw.py","lineno":212}
{"timestamp":"2026-04-15T16:19:35.736371Z","level":"info","event":"Fetching description for: https://fr.linkedin.com/jobs/view/senior-software-...","logger":"root","filename":"bronze_raw.py","lineno":212}
{"timestamp":"2026-04-15T16:19:42.146350Z","level":"info","event":"Fetching description for: https://fr.linkedin.com/jobs/view/manager-data-ana...","logger":"root","filename":"bronze_raw.py","lineno":212}
{"timestamp":"2026-04-15T16:19:53.525703Z","level":"info","event":"Fetching description for: https://fr.linkedin.com/jobs/view/business-analyst...","logger":"root","filename":"bronze_raw.py","lineno":212}
{"timestamp":"2026-04-15T16:19:59.846245Z","level":"info","event":"Fetching description for: https://fr.linkedin.com/jobs/view/senior-data-engi...","logger":"root","filename":"bronze_raw.py","lineno":212}
{"timestamp":"2026-04-15T16:20:08.846191Z","level":"info","event":"Fetching description for: https://fr.linkedin.com/jobs/view/business-develop...","logger":"root","filename":"bronze_raw.py","lineno":212}
{"timestamp":"2026-04-15T16:20:19.842191Z","level":"info","event":"Fetching description for: https://fr.linkedin.com/jobs/view/responsable-data...","logger":"root","filename":"bronze_raw.py","lineno":212}
{"timestamp":"2026-04-15T16:20:28.780895Z","level":"info","event":"Fetching description for: https://fr.linkedin.com/jobs/view/alternance-2026-...","logger":"root","filename":"bronze_raw.py","lineno":212}
{"timestamp":"2026-04-15T16:20:35.332255Z","level":"info","event":"Fetching description for: https://fr.linkedin.com/jobs/view/lead-data-scient...","logger":"root","filename":"bronze_raw.py","lineno":212}
{"timestamp":"2026-04-15T16:20:42.452560Z","level":"info","event":"Fetching description for: https://fr.linkedin.com/jobs/view/alternance-12-mo...","logger":"root","filename":"bronze_raw.py","lineno":212}
{"timestamp":"2026-04-15T16:20:54.590290Z","level":"info","event":"Fetching description for: https://fr.linkedin.com/jobs/view/senior-software-...","logger":"root","filename":"bronze_raw.py","lineno":212}
{"timestamp":"2026-04-15T16:21:01.529822Z","level":"info","event":"Fetching description for: https://fr.linkedin.com/jobs/view/senior-site-reli...","logger":"root","filename":"bronze_raw.py","lineno":212}
{"timestamp":"2026-04-15T16:21:08.735404Z","level":"info","event":"Fetching description for: https://fr.linkedin.com/jobs/view/ap26-bac-%2B4-5-...","logger":"root","filename":"bronze_raw.py","lineno":212}
{"timestamp":"2026-04-15T16:21:19.903501Z","level":"info","event":"Fetching description for: https://fr.linkedin.com/jobs/view/ap26-bac-%2B4-5-...","logger":"root","filename":"bronze_raw.py","lineno":212}
{"timestamp":"2026-04-15T16:21:29.934014Z","level":"info","event":"Fetching description for: https://fr.linkedin.com/jobs/view/consultant-e-sen...","logger":"root","filename":"bronze_raw.py","lineno":212}
{"timestamp":"2026-04-15T16:21:42.435407Z","level":"info","event":"Fetching description for: https://fr.linkedin.com/jobs/view/product-owner-da...","logger":"root","filename":"bronze_raw.py","lineno":212}
{"timestamp":"2026-04-15T16:21:54.707191Z","level":"info","event":"Fetching description for: https://fr.linkedin.com/jobs/view/product-owner-da...","logger":"root","filename":"bronze_raw.py","lineno":212}
{"timestamp":"2026-04-15T16:22:06.108178Z","level":"info","event":"Fetching description for: https://fr.linkedin.com/jobs/view/it-data-product-...","logger":"root","filename":"bronze_raw.py","lineno":212}
{"timestamp":"2026-04-15T16:22:16.724801Z","level":"info","event":"Fetching description for: https://fr.linkedin.com/jobs/view/data-engineer-py...","logger":"root","filename":"bronze_raw.py","lineno":212}
{"timestamp":"2026-04-15T16:22:25.007775Z","level":"info","event":"Fetching description for: https://fr.linkedin.com/jobs/view/data-engineer-aw...","logger":"root","filename":"bronze_raw.py","lineno":212}
{"timestamp":"2026-04-15T16:22:36.410389Z","level":"info","event":"Fetching description for: https://fr.linkedin.com/jobs/view/data-engineer-h-...","logger":"root","filename":"bronze_raw.py","lineno":212}
{"timestamp":"2026-04-15T16:22:48.652747Z","level":"info","event":"Fetching description for: https://fr.linkedin.com/jobs/view/data-ai-engineer...","logger":"root","filename":"bronze_raw.py","lineno":212}
{"timestamp":"2026-04-15T16:22:59.015370Z","level":"info","event":"Fetching description for: https://fr.linkedin.com/jobs/view/data-engineer-a-...","logger":"root","filename":"bronze_raw.py","lineno":212}
{"timestamp":"2026-04-15T16:23:10.201040Z","level":"info","event":"Fetching description for: https://fr.linkedin.com/jobs/view/data-engineer-ju...","logger":"root","filename":"bronze_raw.py","lineno":212}
{"timestamp":"2026-04-15T16:23:21.234428Z","level":"info","event":"Fetching description for: https://fr.linkedin.com/jobs/view/data-engineer-ju...","logger":"root","filename":"bronze_raw.py","lineno":212}
{"timestamp":"2026-04-15T16:23:27.708119Z","level":"info","event":"Fetching description for: https://fr.linkedin.com/jobs/view/data-engineer-te...","logger":"root","filename":"bronze_raw.py","lineno":212}
{"timestamp":"2026-04-15T16:23:36.583924Z","level":"info","event":"Fetching description for: https://fr.linkedin.com/jobs/view/data-engineer-ju...","logger":"root","filename":"bronze_raw.py","lineno":212}
{"timestamp":"2026-04-15T16:23:46.642637Z","level":"info","event":"Fetching description for: https://fr.linkedin.com/jobs/view/data-engineer-al...","logger":"root","filename":"bronze_raw.py","lineno":212}
{"timestamp":"2026-04-15T16:23:56.039966Z","level":"info","event":"Fetching description for: https://fr.linkedin.com/jobs/view/data-engineer-al...","logger":"root","filename":"bronze_raw.py","lineno":212}
{"timestamp":"2026-04-15T16:24:02.525268Z","level":"info","event":"Fetching description for: https://fr.linkedin.com/jobs/view/data-engineer-in...","logger":"root","filename":"bronze_raw.py","lineno":212}
{"timestamp":"2026-04-15T16:24:14.361786Z","level":"info","event":"Fetching description for: https://fr.linkedin.com/jobs/view/data-engineer-in...","logger":"root","filename":"bronze_raw.py","lineno":212}
{"timestamp":"2026-04-15T16:24:22.897648Z","level":"info","event":"Fetching description for: https://fr.linkedin.com/jobs/view/analytics-engine...","logger":"root","filename":"bronze_raw.py","lineno":212}
{"timestamp":"2026-04-15T16:24:35.022148Z","level":"info","event":"Fetching description for: https://fr.linkedin.com/jobs/view/data-engineer-in...","logger":"root","filename":"bronze_raw.py","lineno":212}
{"timestamp":"2026-04-15T16:24:45.602630Z","level":"info","event":"Fetching description for: https://fr.linkedin.com/jobs/view/analytics-engine...","logger":"root","filename":"bronze_raw.py","lineno":212}
{"timestamp":"2026-04-15T16:24:57.629168Z","level":"info","event":"Fetching description for: https://fr.linkedin.com/jobs/view/data-engineer-in...","logger":"root","filename":"bronze_raw.py","lineno":212}
{"timestamp":"2026-04-15T16:25:10.602373Z","level":"info","event":"Fetching description for: https://fr.linkedin.com/jobs/view/analytics-engine...","logger":"root","filename":"bronze_raw.py","lineno":212}
{"timestamp":"2026-04-15T16:25:19.661026Z","level":"info","event":"Fetching description for: https://fr.linkedin.com/jobs/view/internship-ai-so...","logger":"root","filename":"bronze_raw.py","lineno":212}
{"timestamp":"2026-04-15T16:25:26.634729Z","level":"info","event":"Fetching description for: https://fr.linkedin.com/jobs/view/data-analyst-int...","logger":"root","filename":"bronze_raw.py","lineno":212}
{"timestamp":"2026-04-15T16:25:39.119735Z","level":"info","event":"Fetching description for: https://fr.linkedin.com/jobs/view/analytics-engine...","logger":"root","filename":"bronze_raw.py","lineno":212}
{"timestamp":"2026-04-15T16:25:52.104129Z","level":"info","event":"Fetching description for: https://fr.linkedin.com/jobs/view/payload-operator...","logger":"root","filename":"bronze_raw.py","lineno":212}
{"timestamp":"2026-04-15T16:26:00.920224Z","level":"info","event":"Fetching description for: https://fr.linkedin.com/jobs/view/ai-analyst-appre...","logger":"root","filename":"bronze_raw.py","lineno":212}
{"timestamp":"2026-04-15T16:26:07.665450Z","level":"info","event":"Fetching description for: https://fr.linkedin.com/jobs/view/internship-busin...","logger":"root","filename":"bronze_raw.py","lineno":212}
{"timestamp":"2026-04-15T16:26:18.275231Z","level":"info","event":"Fetching description for: https://fr.linkedin.com/jobs/view/stage-assistant-...","logger":"root","filename":"bronze_raw.py","lineno":212}
{"timestamp":"2026-04-15T16:26:29.728694Z","level":"info","event":"Fetching description for: https://fr.linkedin.com/jobs/view/apprenticeship-p...","logger":"root","filename":"bronze_raw.py","lineno":212}
{"timestamp":"2026-04-15T16:26:36.670762Z","level":"info","event":"Fetching description for: https://fr.linkedin.com/jobs/view/intern-risk-anal...","logger":"root","filename":"bronze_raw.py","lineno":212}
{"timestamp":"2026-04-15T16:26:48.037466Z","level":"info","event":"Fetching description for: https://fr.linkedin.com/jobs/view/internship-%E2%8...","logger":"root","filename":"bronze_raw.py","lineno":212}
{"timestamp":"2026-04-15T16:26:55.804747Z","level":"info","event":"Fetching description for: https://fr.linkedin.com/jobs/view/data-science-int...","logger":"root","filename":"bronze_raw.py","lineno":212}
{"timestamp":"2026-04-15T16:27:06.198287Z","level":"info","event":"Fetching description for: https://fr.linkedin.com/jobs/view/alternance-crm-d...","logger":"root","filename":"bronze_raw.py","lineno":212}
{"timestamp":"2026-04-15T16:27:12.265506Z","level":"info","event":"Fetching description for: https://fr.linkedin.com/jobs/view/product-engineer...","logger":"root","filename":"bronze_raw.py","lineno":212}
{"timestamp":"2026-04-15T16:27:24.370727Z","level":"info","event":"Fetching description for: https://fr.linkedin.com/jobs/view/data-engineer-qu...","logger":"root","filename":"bronze_raw.py","lineno":212}
{"timestamp":"2026-04-15T16:27:32.275527Z","level":"info","event":"Fetching description for: https://fr.linkedin.com/jobs/view/software-enginee...","logger":"root","filename":"bronze_raw.py","lineno":212}
{"timestamp":"2026-04-15T16:27:40.789502Z","level":"info","event":"Fetching description for: https://fr.linkedin.com/jobs/view/data-analyst-dat...","logger":"root","filename":"bronze_raw.py","lineno":212}
{"timestamp":"2026-04-15T16:27:48.454633Z","level":"info","event":"Fetching description for: https://fr.linkedin.com/jobs/view/data-center-oper...","logger":"root","filename":"bronze_raw.py","lineno":212}
{"timestamp":"2026-04-15T16:27:54.848604Z","level":"info","event":"Fetching description for: https://fr.linkedin.com/jobs/view/final-year-inter...","logger":"root","filename":"bronze_raw.py","lineno":212}
{"timestamp":"2026-04-15T16:28:05.776723Z","level":"info","event":"Fetching description for: https://fr.linkedin.com/jobs/view/stage-analyste-d...","logger":"root","filename":"bronze_raw.py","lineno":212}
{"timestamp":"2026-04-15T16:28:14.300440Z","level":"info","event":"Fetching description for: https://fr.linkedin.com/jobs/view/stage-data-analy...","logger":"root","filename":"bronze_raw.py","lineno":212}
{"timestamp":"2026-04-15T16:28:21.972091Z","level":"info","event":"Fetching description for: https://fr.linkedin.com/jobs/view/data-analyst-app...","logger":"root","filename":"bronze_raw.py","lineno":212}
{"timestamp":"2026-04-15T16:28:29.458168Z","level":"info","event":"Fetching description for: https://fr.linkedin.com/jobs/view/software-develop...","logger":"root","filename":"bronze_raw.py","lineno":212}
{"timestamp":"2026-04-15T16:28:39.101300Z","level":"info","event":"Fetching description for: https://fr.linkedin.com/jobs/view/stage-analyste-d...","logger":"root","filename":"bronze_raw.py","lineno":212}
{"timestamp":"2026-04-15T16:28:46.070441Z","level":"info","event":"Fetching description for: https://fr.linkedin.com/jobs/view/ed-software-full...","logger":"root","filename":"bronze_raw.py","lineno":212}
{"timestamp":"2026-04-15T16:28:57.305246Z","level":"info","event":"Fetching description for: https://fr.linkedin.com/jobs/view/stage-data-analy...","logger":"root","filename":"bronze_raw.py","lineno":212}
{"timestamp":"2026-04-15T16:29:09.395906Z","level":"info","event":"Fetching description for: https://fr.linkedin.com/jobs/view/stage-data-analy...","logger":"root","filename":"bronze_raw.py","lineno":212}
{"timestamp":"2026-04-15T16:29:19.546636Z","level":"info","event":"Fetching description for: https://fr.linkedin.com/jobs/view/sfe-and-bi-train...","logger":"root","filename":"bronze_raw.py","lineno":212}
{"timestamp":"2026-04-15T16:29:20.083577Z","level":"error","event":"Network error processing https://fr.linkedin.com/jobs/view/sfe-and-bi-trainee-stagiaire-h-f-at-leo-pharma-france-4337267137: 429 Client Error: Request denied for url: https://fr.linkedin.com/jobs/view/sfe-and-bi-trainee-stagiaire-h-f-at-leo-pharma-france-4337267137","logger":"root","filename":"bronze_raw.py","lineno":230}
{"timestamp":"2026-04-15T16:29:20.083813Z","level":"info","event":"Fetching description for: https://fr.linkedin.com/jobs/view/growth-strategy-...","logger":"root","filename":"bronze_raw.py","lineno":212}
{"timestamp":"2026-04-15T16:29:28.643969Z","level":"info","event":"Fetching description for: https://fr.linkedin.com/jobs/view/software-develop...","logger":"root","filename":"bronze_raw.py","lineno":212}
{"timestamp":"2026-04-15T16:29:41.389561Z","level":"info","event":"Fetching description for: https://fr.linkedin.com/jobs/view/internship-e-bus...","logger":"root","filename":"bronze_raw.py","lineno":212}
{"timestamp":"2026-04-15T16:29:50.640058Z","level":"info","event":"Fetching description for: https://fr.linkedin.com/jobs/view/stage-data-analy...","logger":"root","filename":"bronze_raw.py","lineno":212}
{"timestamp":"2026-04-15T16:29:58.393117Z","level":"info","event":"Fetching description for: https://fr.linkedin.com/jobs/view/analytics-engine...","logger":"root","filename":"bronze_raw.py","lineno":212}
{"timestamp":"2026-04-15T16:30:08.071870Z","level":"info","event":"Fetching description for: https://fr.linkedin.com/jobs/view/stage-data-engin...","logger":"root","filename":"bronze_raw.py","lineno":212}
{"timestamp":"2026-04-15T16:30:17.014660Z","level":"info","event":"Fetching description for: https://fr.linkedin.com/jobs/view/junior-software-...","logger":"root","filename":"bronze_raw.py","lineno":212}
{"timestamp":"2026-04-15T16:30:27.775893Z","level":"info","event":"Fetching description for: https://fr.linkedin.com/jobs/view/alternance-data-...","logger":"root","filename":"bronze_raw.py","lineno":212}
{"timestamp":"2026-04-15T16:30:36.754761Z","level":"info","event":"Fetching description for: https://fr.linkedin.com/jobs/view/data-engineer-pr...","logger":"root","filename":"bronze_raw.py","lineno":212}
{"timestamp":"2026-04-15T16:30:46.439196Z","level":"info","event":"Fetching description for: https://fr.linkedin.com/jobs/view/graduate-ai-soft...","logger":"root","filename":"bronze_raw.py","lineno":212}
{"timestamp":"2026-04-15T16:30:59.791176Z","level":"info","event":"Fetching description for: https://fr.linkedin.com/jobs/view/data-engineer-le...","logger":"root","filename":"bronze_raw.py","lineno":212}
{"timestamp":"2026-04-15T16:31:07.965523Z","level":"info","event":"Fetching description for: https://fr.linkedin.com/jobs/view/data-analyst-jun...","logger":"root","filename":"bronze_raw.py","lineno":212}
{"timestamp":"2026-04-15T16:31:15.755978Z","level":"info","event":"Fetching description for: https://fr.linkedin.com/jobs/view/stagiaire-data-s...","logger":"root","filename":"bronze_raw.py","lineno":212}
{"timestamp":"2026-04-15T16:31:24.175712Z","level":"info","event":"Fetching description for: https://fr.linkedin.com/jobs/view/ds-ml-engineer-c...","logger":"root","filename":"bronze_raw.py","lineno":212}
{"timestamp":"2026-04-15T16:31:35.110390Z","level":"info","event":"Fetching description for: https://fr.linkedin.com/jobs/view/data-science-int...","logger":"root","filename":"bronze_raw.py","lineno":212}
{"timestamp":"2026-04-15T16:31:43.592944Z","level":"info","event":"Fetching description for: https://fr.linkedin.com/jobs/view/machine-learning...","logger":"root","filename":"bronze_raw.py","lineno":212}
{"timestamp":"2026-04-15T16:31:56.023690Z","level":"info","event":"Fetching description for: https://fr.linkedin.com/jobs/view/stage-data-engin...","logger":"root","filename":"bronze_raw.py","lineno":212}
{"timestamp":"2026-04-15T16:32:06.838540Z","level":"info","event":"Fetching description for: https://fr.linkedin.com/jobs/view/stage-ingenieur-...","logger":"root","filename":"bronze_raw.py","lineno":212}
{"timestamp":"2026-04-15T16:32:19.261212Z","level":"info","event":"Fetching description for: https://fr.linkedin.com/jobs/view/graduate-softwar...","logger":"root","filename":"bronze_raw.py","lineno":212}
{"timestamp":"2026-04-15T16:32:28.041911Z","level":"info","event":"Fetching description for: https://fr.linkedin.com/jobs/view/consultant-data-...","logger":"root","filename":"bronze_raw.py","lineno":212}
{"timestamp":"2026-04-15T16:32:34.477480Z","level":"info","event":"Fetching description for: https://fr.linkedin.com/jobs/view/stage-software-e...","logger":"root","filename":"bronze_raw.py","lineno":212}
{"timestamp":"2026-04-15T16:32:43.297398Z","level":"info","event":"Fetching description for: https://fr.linkedin.com/jobs/view/alternant-%E2%80...","logger":"root","filename":"bronze_raw.py","lineno":212}
{"timestamp":"2026-04-15T16:32:49.968386Z","level":"info","event":"Fetching description for: https://fr.linkedin.com/jobs/view/alternant-data-a...","logger":"root","filename":"bronze_raw.py","lineno":212}
{"timestamp":"2026-04-15T16:32:57.172897Z","level":"info","event":"Fetching description for: https://fr.linkedin.com/jobs/view/data-analyst-app...","logger":"root","filename":"bronze_raw.py","lineno":212}
{"timestamp":"2026-04-15T16:33:09.026942Z","level":"info","event":"Fetching description for: https://fr.linkedin.com/jobs/view/data-analyst-sta...","logger":"root","filename":"bronze_raw.py","lineno":212}
{"timestamp":"2026-04-15T16:33:18.089905Z","level":"info","event":"Fetching description for: https://fr.linkedin.com/jobs/view/software-enginee...","logger":"root","filename":"bronze_raw.py","lineno":212}
{"timestamp":"2026-04-15T16:33:28.513937Z","level":"info","event":"Fetching description for: https://fr.linkedin.com/jobs/view/stage-ing%C3%A9n...","logger":"root","filename":"bronze_raw.py","lineno":212}
{"timestamp":"2026-04-15T16:33:36.373400Z","level":"info","event":"Fetching description for: https://fr.linkedin.com/jobs/view/software-enginee...","logger":"root","filename":"bronze_raw.py","lineno":212}
{"timestamp":"2026-04-15T16:33:47.886867Z","level":"info","event":"Fetching description for: https://fr.linkedin.com/jobs/view/backend-software...","logger":"root","filename":"bronze_raw.py","lineno":212}
{"timestamp":"2026-04-15T16:34:00.925467Z","level":"info","event":"Fetching description for: https://fr.linkedin.com/jobs/view/senior-ml-data-e...","logger":"root","filename":"bronze_raw.py","lineno":212}
{"timestamp":"2026-04-15T16:34:10.861894Z","level":"info","event":"Fetching description for: https://fr.linkedin.com/jobs/view/apprenti-ing%C3%...","logger":"root","filename":"bronze_raw.py","lineno":212}
{"timestamp":"2026-04-15T16:34:17.737885Z","level":"info","event":"Fetching description for: https://fr.linkedin.com/jobs/view/stage-ing%C3%A9n...","logger":"root","filename":"bronze_raw.py","lineno":212}
{"timestamp":"2026-04-15T16:34:28.704912Z","level":"info","event":"Fetching description for: https://fr.linkedin.com/jobs/view/data-analyst-h-f...","logger":"root","filename":"bronze_raw.py","lineno":212}
{"timestamp":"2026-04-15T16:34:36.507998Z","level":"info","event":"Fetching description for: https://fr.linkedin.com/jobs/view/stage-data-gover...","logger":"root","filename":"bronze_raw.py","lineno":212}
{"timestamp":"2026-04-15T16:34:48.717460Z","level":"info","event":"Fetching description for: https://fr.linkedin.com/jobs/view/senior-software-...","logger":"root","filename":"bronze_raw.py","lineno":212}
{"timestamp":"2026-04-15T16:34:56.072107Z","level":"info","event":"Fetching description for: https://fr.linkedin.com/jobs/view/alternance-assis...","logger":"root","filename":"bronze_raw.py","lineno":212}
{"timestamp":"2026-04-15T16:35:04.287548Z","level":"info","event":"Fetching description for: https://fr.linkedin.com/jobs/view/software-enginee...","logger":"root","filename":"bronze_raw.py","lineno":212}
{"timestamp":"2026-04-15T16:35:11.672474Z","level":"info","event":"Fetching description for: https://fr.linkedin.com/jobs/view/alternance-assis...","logger":"root","filename":"bronze_raw.py","lineno":212}
{"timestamp":"2026-04-15T16:35:20.269778Z","level":"info","event":"Fetching description for: https://fr.linkedin.com/jobs/view/stage-business-i...","logger":"root","filename":"bronze_raw.py","lineno":212}
{"timestamp":"2026-04-15T16:35:28.735050Z","level":"info","event":"Fetching description for: https://fr.linkedin.com/jobs/view/stage-data-scien...","logger":"root","filename":"bronze_raw.py","lineno":212}
{"timestamp":"2026-04-15T16:35:39.293355Z","level":"info","event":"Fetching description for: https://fr.linkedin.com/jobs/view/senior-software-...","logger":"root","filename":"bronze_raw.py","lineno":212}
{"timestamp":"2026-04-15T16:35:45.406497Z","level":"info","event":"Fetching description for: https://fr.linkedin.com/jobs/view/apprenticeship-a...","logger":"root","filename":"bronze_raw.py","lineno":212}
{"timestamp":"2026-04-15T16:35:56.322585Z","level":"info","event":"Fetching description for: https://fr.linkedin.com/jobs/view/data-science-sum...","logger":"root","filename":"bronze_raw.py","lineno":212}
{"timestamp":"2026-04-15T16:36:07.485207Z","level":"info","event":"Fetching description for: https://fr.linkedin.com/jobs/view/alternance-assis...","logger":"root","filename":"bronze_raw.py","lineno":212}
{"timestamp":"2026-04-15T16:36:17.538479Z","level":"info","event":"Fetching description for: https://fr.linkedin.com/jobs/view/data-engineer-bi...","logger":"root","filename":"bronze_raw.py","lineno":212}
{"timestamp":"2026-04-15T16:36:24.170935Z","level":"info","event":"Fetching description for: https://fr.linkedin.com/jobs/view/alternance-data-...","logger":"root","filename":"bronze_raw.py","lineno":212}
{"timestamp":"2026-04-15T16:36:32.209503Z","level":"info","event":"Fetching description for: https://fr.linkedin.com/jobs/view/data-engineer-en...","logger":"root","filename":"bronze_raw.py","lineno":212}
{"timestamp":"2026-04-15T16:36:40.992285Z","level":"info","event":"Fetching description for: https://fr.linkedin.com/jobs/view/apprenti-data-en...","logger":"root","filename":"bronze_raw.py","lineno":212}
{"timestamp":"2026-04-15T16:36:47.426858Z","level":"info","event":"Fetching description for: https://fr.linkedin.com/jobs/view/alternance-assis...","logger":"root","filename":"bronze_raw.py","lineno":212}
{"timestamp":"2026-04-15T16:36:56.683618Z","level":"info","event":"Fetching description for: https://fr.linkedin.com/jobs/view/analyste-data-ia...","logger":"root","filename":"bronze_raw.py","lineno":212}
{"timestamp":"2026-04-15T16:37:07.570944Z","level":"info","event":"Fetching description for: https://fr.linkedin.com/jobs/view/alternance-data-...","logger":"root","filename":"bronze_raw.py","lineno":212}
{"timestamp":"2026-04-15T16:37:17.762657Z","level":"info","event":"Fetching description for: https://fr.linkedin.com/jobs/view/alternance-assis...","logger":"root","filename":"bronze_raw.py","lineno":212}
{"timestamp":"2026-04-15T16:37:24.611280Z","level":"info","event":"Fetching description for: https://fr.linkedin.com/jobs/view/analyste-de-marc...","logger":"root","filename":"bronze_raw.py","lineno":212}
{"timestamp":"2026-04-15T16:37:31.128769Z","level":"info","event":"Fetching description for: https://fr.linkedin.com/jobs/view/data-modeler-et-...","logger":"root","filename":"bronze_raw.py","lineno":212}
{"timestamp":"2026-04-15T16:37:40.751430Z","level":"info","event":"Fetching description for: https://fr.linkedin.com/jobs/view/alternance-%E2%8...","logger":"root","filename":"bronze_raw.py","lineno":212}
{"timestamp":"2026-04-15T16:37:49.726992Z","level":"info","event":"Fetching description for: https://fr.linkedin.com/jobs/view/assistant-busine...","logger":"root","filename":"bronze_raw.py","lineno":212}
{"timestamp":"2026-04-15T16:37:56.800162Z","level":"info","event":"Fetching description for: https://fr.linkedin.com/jobs/view/stagiaire-charg%...","logger":"root","filename":"bronze_raw.py","lineno":212}
{"timestamp":"2026-04-15T16:38:08.607331Z","level":"info","event":"Fetching description for: https://fr.linkedin.com/jobs/view/alternance-septe...","logger":"root","filename":"bronze_raw.py","lineno":212}
{"timestamp":"2026-04-15T16:38:18.543453Z","level":"info","event":"Fetching description for: https://fr.linkedin.com/jobs/view/charg%C3%A9-e-de...","logger":"root","filename":"bronze_raw.py","lineno":212}
{"timestamp":"2026-04-15T16:38:26.241244Z","level":"info","event":"Fetching description for: https://fr.linkedin.com/jobs/view/ap26-bac-%2B-5-i...","logger":"root","filename":"bronze_raw.py","lineno":212}
{"timestamp":"2026-04-15T16:38:37.637525Z","level":"info","event":"Fetching description for: https://fr.linkedin.com/jobs/view/stage-assistant-...","logger":"root","filename":"bronze_raw.py","lineno":212}
{"timestamp":"2026-04-15T16:38:45.629518Z","level":"info","event":"Fetching description for: https://fr.linkedin.com/jobs/view/analyste-des-don...","logger":"root","filename":"bronze_raw.py","lineno":212}
{"timestamp":"2026-04-15T16:38:54.371087Z","level":"info","event":"Fetching description for: https://fr.linkedin.com/jobs/view/stage-%C2%AB-cha...","logger":"root","filename":"bronze_raw.py","lineno":212}
{"timestamp":"2026-04-15T16:39:06.870003Z","level":"info","event":"Job Description enrichment complete.","logger":"task.stdout"}
{"timestamp":"2026-04-15T16:39:06.880127Z","level":"info","event":"Done. Returned value was: None","logger":"airflow.task.operators.airflow.providers.standard.operators.python.PythonOperator","filename":"python.py","lineno":230}
