{"timestamp":"2026-04-15T14:21:55.289466Z","level":"info","event":"Stats instance was created in PID 7 but accessed in PID 243. Re-initializing.","logger":"airflow.stats","filename":"stats.py","lineno":57}
{"timestamp":"2026-04-15T14:21:55.303690Z","level":"info","event":"DAG bundles loaded: dags-folder","logger":"airflow.dag_processing.bundles.manager.DagBundlesManager","filename":"manager.py","lineno":179}
{"timestamp":"2026-04-15T14:21:55.304555Z","level":"info","event":"Filling up the DagBag from /opt/airflow/dags/linkedin_pipeline.py","logger":"airflow.models.dagbag.BundleDagBag","filename":"dagbag.py","lineno":593}
{"timestamp":"2026-04-15T14:21:56.811452Z","level":"info","event":"Starting Job Description enrichment process...","logger":"task.stdout"}
{"timestamp":"2026-04-15T14:21:56.821837Z","level":"info","event":"Starting enrichment for 40 jobs...","logger":"root","filename":"bronze_raw.py","lineno":207}
{"timestamp":"2026-04-15T14:21:56.822003Z","level":"info","event":"Fetching description for: https://ca.linkedin.com/jobs/view/senior-data-engi...","logger":"root","filename":"bronze_raw.py","lineno":212}
{"timestamp":"2026-04-15T14:22:08.298950Z","level":"info","event":"Fetching description for: https://ca.linkedin.com/jobs/view/senior-data-engi...","logger":"root","filename":"bronze_raw.py","lineno":212}
{"timestamp":"2026-04-15T14:22:16.243668Z","level":"info","event":"Fetching description for: https://ca.linkedin.com/jobs/view/programming-soft...","logger":"root","filename":"bronze_raw.py","lineno":212}
{"timestamp":"2026-04-15T14:22:27.845979Z","level":"info","event":"Fetching description for: https://ca.linkedin.com/jobs/view/lead-data-engine...","logger":"root","filename":"bronze_raw.py","lineno":212}
{"timestamp":"2026-04-15T14:22:36.795881Z","level":"info","event":"Fetching description for: https://ca.linkedin.com/jobs/view/software-enginee...","logger":"root","filename":"bronze_raw.py","lineno":212}
{"timestamp":"2026-04-15T14:22:43.294570Z","level":"info","event":"Fetching description for: https://ca.linkedin.com/jobs/view/data-center-oper...","logger":"root","filename":"bronze_raw.py","lineno":212}
{"timestamp":"2026-04-15T14:22:54.758330Z","level":"info","event":"Fetching description for: https://ca.linkedin.com/jobs/view/senior-data-cent...","logger":"root","filename":"bronze_raw.py","lineno":212}
{"timestamp":"2026-04-15T14:23:06.394610Z","level":"info","event":"Fetching description for: https://ca.linkedin.com/jobs/view/data-collector-c...","logger":"root","filename":"bronze_raw.py","lineno":212}
{"timestamp":"2026-04-15T14:23:15.275955Z","level":"info","event":"Fetching description for: https://ca.linkedin.com/jobs/view/software-enginee...","logger":"root","filename":"bronze_raw.py","lineno":212}
{"timestamp":"2026-04-15T14:23:26.630489Z","level":"info","event":"Fetching description for: https://ca.linkedin.com/jobs/view/analyste-program...","logger":"root","filename":"bronze_raw.py","lineno":212}
{"timestamp":"2026-04-15T14:23:35.581742Z","level":"info","event":"Fetching description for: https://ca.linkedin.com/jobs/view/analyste-en-gouv...","logger":"root","filename":"bronze_raw.py","lineno":212}
{"timestamp":"2026-04-15T14:23:48.617093Z","level":"info","event":"Fetching description for: https://ca.linkedin.com/jobs/view/analyste-en-gouv...","logger":"root","filename":"bronze_raw.py","lineno":212}
{"timestamp":"2026-04-15T14:24:00.164824Z","level":"info","event":"Fetching description for: https://ca.linkedin.com/jobs/view/analyste-fonctio...","logger":"root","filename":"bronze_raw.py","lineno":212}
{"timestamp":"2026-04-15T14:24:11.849659Z","level":"info","event":"Fetching description for: https://ca.linkedin.com/jobs/view/data-center-oper...","logger":"root","filename":"bronze_raw.py","lineno":212}
{"timestamp":"2026-04-15T14:24:19.604284Z","level":"info","event":"Fetching description for: https://ca.linkedin.com/jobs/view/technician-%E2%8...","logger":"root","filename":"bronze_raw.py","lineno":212}
{"timestamp":"2026-04-15T14:24:30.551185Z","level":"info","event":"Fetching description for: https://ca.linkedin.com/jobs/view/civil-engineerin...","logger":"root","filename":"bronze_raw.py","lineno":212}
{"timestamp":"2026-04-15T14:24:37.601961Z","level":"info","event":"Fetching description for: https://ca.linkedin.com/jobs/view/electrical-road-...","logger":"root","filename":"bronze_raw.py","lineno":212}
{"timestamp":"2026-04-15T14:24:46.702739Z","level":"info","event":"Fetching description for: https://ca.linkedin.com/jobs/view/ing%C3%A9nieur-e...","logger":"root","filename":"bronze_raw.py","lineno":212}
{"timestamp":"2026-04-15T14:24:56.425364Z","level":"info","event":"Fetching description for: https://ca.linkedin.com/jobs/view/ing%C3%A9nieur-e...","logger":"root","filename":"bronze_raw.py","lineno":212}
{"timestamp":"2026-04-15T14:25:03.665160Z","level":"info","event":"Fetching description for: https://ca.linkedin.com/jobs/view/building-electri...","logger":"root","filename":"bronze_raw.py","lineno":212}
{"timestamp":"2026-04-15T14:25:15.927927Z","level":"info","event":"Fetching description for: https://ca.linkedin.com/jobs/view/scientifique-de-...","logger":"root","filename":"bronze_raw.py","lineno":212}
{"timestamp":"2026-04-15T14:25:26.174553Z","level":"info","event":"Fetching description for: https://ca.linkedin.com/jobs/view/ing%C3%A9nieur-e...","logger":"root","filename":"bronze_raw.py","lineno":212}
{"timestamp":"2026-04-15T14:25:34.613900Z","level":"info","event":"Fetching description for: https://ca.linkedin.com/jobs/view/data-governance-...","logger":"root","filename":"bronze_raw.py","lineno":212}
{"timestamp":"2026-04-15T14:25:41.957531Z","level":"info","event":"Fetching description for: https://ca.linkedin.com/jobs/view/data-governance-...","logger":"root","filename":"bronze_raw.py","lineno":212}
{"timestamp":"2026-04-15T14:25:49.582834Z","level":"info","event":"Fetching description for: https://ca.linkedin.com/jobs/view/technicien-valid...","logger":"root","filename":"bronze_raw.py","lineno":212}
{"timestamp":"2026-04-15T14:25:56.962098Z","level":"info","event":"Fetching description for: https://ca.linkedin.com/jobs/view/it-architect-at-...","logger":"root","filename":"bronze_raw.py","lineno":212}
{"timestamp":"2026-04-15T14:26:08.138079Z","level":"info","event":"Fetching description for: https://ca.linkedin.com/jobs/view/d%C3%A9veloppeur...","logger":"root","filename":"bronze_raw.py","lineno":212}
{"timestamp":"2026-04-15T14:26:18.177321Z","level":"info","event":"Fetching description for: https://ca.linkedin.com/jobs/view/d%C3%A9veloppeur...","logger":"root","filename":"bronze_raw.py","lineno":212}
{"timestamp":"2026-04-15T14:26:30.583140Z","level":"info","event":"Fetching description for: https://ca.linkedin.com/jobs/view/d%C3%A9veloppeur...","logger":"root","filename":"bronze_raw.py","lineno":212}
{"timestamp":"2026-04-15T14:26:41.619559Z","level":"info","event":"Fetching description for: https://ca.linkedin.com/jobs/view/scientifique-de-...","logger":"root","filename":"bronze_raw.py","lineno":212}
{"timestamp":"2026-04-15T14:26:50.971775Z","level":"info","event":"Fetching description for: https://ca.linkedin.com/jobs/view/expert-en-scienc...","logger":"root","filename":"bronze_raw.py","lineno":212}
{"timestamp":"2026-04-15T14:26:58.034916Z","level":"info","event":"Fetching description for: https://ca.linkedin.com/jobs/view/ing%C3%A9nieur-e...","logger":"root","filename":"bronze_raw.py","lineno":212}
{"timestamp":"2026-04-15T14:27:05.245366Z","level":"info","event":"Fetching description for: https://ca.linkedin.com/jobs/view/ing%C3%A9nieur-c...","logger":"root","filename":"bronze_raw.py","lineno":212}
{"timestamp":"2026-04-15T14:27:16.427681Z","level":"info","event":"Fetching description for: https://ca.linkedin.com/jobs/view/data-analytics-a...","logger":"root","filename":"bronze_raw.py","lineno":212}
{"timestamp":"2026-04-15T14:27:27.653426Z","level":"info","event":"Fetching description for: https://ca.linkedin.com/jobs/view/architecte-analy...","logger":"root","filename":"bronze_raw.py","lineno":212}
{"timestamp":"2026-04-15T14:27:38.837919Z","level":"info","event":"Fetching description for: https://ca.linkedin.com/jobs/view/solution-archite...","logger":"root","filename":"bronze_raw.py","lineno":212}
{"timestamp":"2026-04-15T14:27:50.432583Z","level":"info","event":"Fetching description for: https://ca.linkedin.com/jobs/view/ai-architect-at-...","logger":"root","filename":"bronze_raw.py","lineno":212}
{"timestamp":"2026-04-15T14:28:01.981923Z","level":"info","event":"Fetching description for: https://ca.linkedin.com/jobs/view/platform-archite...","logger":"root","filename":"bronze_raw.py","lineno":212}
{"timestamp":"2026-04-15T14:28:10.032718Z","level":"info","event":"Fetching description for: https://ca.linkedin.com/jobs/view/platform-archite...","logger":"root","filename":"bronze_raw.py","lineno":212}
{"timestamp":"2026-04-15T14:28:20.087194Z","level":"info","event":"Fetching description for: https://ca.linkedin.com/jobs/view/architecte-de-so...","logger":"root","filename":"bronze_raw.py","lineno":212}
{"timestamp":"2026-04-15T14:28:32.484527Z","level":"info","event":"Job Description enrichment complete.","logger":"task.stdout"}
{"timestamp":"2026-04-15T14:28:32.490211Z","level":"info","event":"Done. Returned value was: None","logger":"airflow.task.operators.airflow.providers.standard.operators.python.PythonOperator","filename":"python.py","lineno":230}
