{"timestamp":"2026-03-30T23:20:34.482114Z","level":"info","event":"Stats instance was created in PID 7 but accessed in PID 139. Re-initializing.","logger":"airflow.stats","filename":"stats.py","lineno":57}
{"timestamp":"2026-03-30T23:20:34.542998Z","level":"info","event":"DAG bundles loaded: dags-folder","logger":"airflow.dag_processing.bundles.manager.DagBundlesManager","filename":"manager.py","lineno":179}
{"timestamp":"2026-03-30T23:20:34.544653Z","level":"info","event":"Filling up the DagBag from /opt/airflow/dags/linkedin_pipeline.py","logger":"airflow.models.dagbag.BundleDagBag","filename":"dagbag.py","lineno":593}
{"timestamp":"2026-03-30T23:20:39.150780Z","level":"info","event":"Starting Job Description enrichment process...","logger":"task.stdout"}
{"timestamp":"2026-03-30T23:20:39.164193Z","level":"info","event":"Starting enrichment for 8 jobs...","logger":"task.stdout"}
{"timestamp":"2026-03-30T23:20:39.164360Z","level":"info","event":"Fetching description for: https://ca.linkedin.com/jobs/view/stage-en-donn%C3...","logger":"task.stdout"}
{"timestamp":"2026-03-30T23:21:55.038887Z","level":"info","event":"Sleeping for 9.01 seconds...","logger":"task.stdout"}
{"timestamp":"2026-03-30T23:22:04.047369Z","level":"info","event":"Fetching description for: https://ca.linkedin.com/jobs/view/lead-data-engine...","logger":"task.stdout"}
{"timestamp":"2026-03-30T23:22:04.790500Z","level":"info","event":"Sleeping for 8.54 seconds...","logger":"task.stdout"}
{"timestamp":"2026-03-30T23:22:13.332234Z","level":"info","event":"Fetching description for: https://ca.linkedin.com/jobs/view/ing%C3%A9nieure-...","logger":"task.stdout"}
{"timestamp":"2026-03-30T23:22:14.299433Z","level":"info","event":"Sleeping for 9.87 seconds...","logger":"task.stdout"}
{"timestamp":"2026-03-30T23:22:24.168110Z","level":"info","event":"Fetching description for: https://ca.linkedin.com/jobs/view/software-enginee...","logger":"task.stdout"}
{"timestamp":"2026-03-30T23:22:25.032624Z","level":"info","event":"Sleeping for 10.27 seconds...","logger":"task.stdout"}
{"timestamp":"2026-03-30T23:22:35.306331Z","level":"info","event":"Fetching description for: https://ca.linkedin.com/jobs/view/software-enginee...","logger":"task.stdout"}
{"timestamp":"2026-03-30T23:22:36.068279Z","level":"info","event":"Sleeping for 5.23 seconds...","logger":"task.stdout"}
{"timestamp":"2026-03-30T23:22:41.299652Z","level":"info","event":"Fetching description for: https://ca.linkedin.com/jobs/view/expert-en-scienc...","logger":"task.stdout"}
{"timestamp":"2026-03-30T23:22:42.458680Z","level":"info","event":"Sleeping for 9.13 seconds...","logger":"task.stdout"}
{"timestamp":"2026-03-30T23:22:51.595706Z","level":"info","event":"Fetching description for: https://ca.linkedin.com/jobs/view/data-developer-a...","logger":"task.stdout"}
{"timestamp":"2026-03-30T23:22:52.624188Z","level":"info","event":"Sleeping for 8.93 seconds...","logger":"task.stdout"}
{"timestamp":"2026-03-30T23:23:01.560895Z","level":"info","event":"Fetching description for: https://ca.linkedin.com/jobs/view/analyste-en-envi...","logger":"task.stdout"}
{"timestamp":"2026-03-30T23:23:02.610052Z","level":"info","event":"Sleeping for 7.07 seconds...","logger":"task.stdout"}
{"timestamp":"2026-03-30T23:23:09.697360Z","level":"info","event":"Job Description enrichment complete.","logger":"task.stdout"}
{"timestamp":"2026-03-30T23:23:09.709316Z","level":"info","event":"Done. Returned value was: None","logger":"airflow.task.operators.airflow.providers.standard.operators.python.PythonOperator","filename":"python.py","lineno":230}
