{"timestamp":"2026-04-05T10:01:57.970002Z","level":"info","event":"Stats instance was created in PID 6 but accessed in PID 100. Re-initializing.","logger":"airflow.stats","filename":"stats.py","lineno":57}
{"timestamp":"2026-04-05T10:01:57.985728Z","level":"info","event":"DAG bundles loaded: dags-folder","logger":"airflow.dag_processing.bundles.manager.DagBundlesManager","filename":"manager.py","lineno":179}
{"timestamp":"2026-04-05T10:01:57.987631Z","level":"info","event":"Filling up the DagBag from /opt/airflow/dags/linkedin_pipeline.py","logger":"airflow.models.dagbag.BundleDagBag","filename":"dagbag.py","lineno":593}
{"timestamp":"2026-04-05T10:01:59.158260Z","level":"info","event":"Loaded 58 existing jobs from the database.","logger":"task.stdout"}
{"timestamp":"2026-04-05T10:01:59.158520Z","level":"info","event":"","logger":"task.stdout"}
{"timestamp":"2026-04-05T10:01:59.158686Z","level":"info","event":"--- Fetching new jobs for: Data Engineer ---","logger":"task.stdout"}
{"timestamp":"2026-04-05T10:01:59.158814Z","level":"info","event":"Scanning page 1...","logger":"task.stdout"}
{"timestamp":"2026-04-05T10:01:59.754816Z","level":"info","event":"  -> Page 1 had 1 NEW jobs. (Total for query: 1/50)","logger":"task.stdout"}
{"timestamp":"2026-04-05T10:02:03.976663Z","level":"info","event":"Scanning page 2...","logger":"task.stdout"}
{"timestamp":"2026-04-05T10:02:04.578640Z","level":"info","event":"  -> Page 2 had 2 NEW jobs. (Total for query: 3/50)","logger":"task.stdout"}
{"timestamp":"2026-04-05T10:02:11.987177Z","level":"info","event":"Scanning page 3...","logger":"task.stdout"}
{"timestamp":"2026-04-05T10:02:12.508521Z","level":"info","event":"  -> Page 3 had 1 NEW jobs. (Total for query: 4/50)","logger":"task.stdout"}
{"timestamp":"2026-04-05T10:02:20.054098Z","level":"info","event":"Scanning page 4...","logger":"task.stdout"}
{"timestamp":"2026-04-05T10:02:20.461997Z","level":"info","event":"No more jobs found on LinkedIn for this query (End of results).","logger":"task.stdout"}
{"timestamp":"2026-04-05T10:02:20.462358Z","level":"info","event":"","logger":"task.stdout"}
{"timestamp":"2026-04-05T10:02:20.462613Z","level":"info","event":"--- Fetching new jobs for: Ingénieur de données ---","logger":"task.stdout"}
{"timestamp":"2026-04-05T10:02:20.462806Z","level":"info","event":"Scanning page 1...","logger":"task.stdout"}
{"timestamp":"2026-04-05T10:02:21.074721Z","level":"info","event":"  -> Page 1 had 1 NEW jobs. (Total for query: 1/50)","logger":"task.stdout"}
{"timestamp":"2026-04-05T10:02:27.305543Z","level":"info","event":"Scanning page 2...","logger":"task.stdout"}
{"timestamp":"2026-04-05T10:02:27.938378Z","level":"info","event":"  -> Page 2 had 1 NEW jobs. (Total for query: 2/50)","logger":"task.stdout"}
{"timestamp":"2026-04-05T10:02:33.178031Z","level":"info","event":"Scanning page 3...","logger":"task.stdout"}
{"timestamp":"2026-04-05T10:02:33.668175Z","level":"info","event":"No more jobs found on LinkedIn for this query (End of results).","logger":"task.stdout"}
{"timestamp":"2026-04-05T10:02:33.668577Z","level":"info","event":"","logger":"task.stdout"}
{"timestamp":"2026-04-05T10:02:33.668837Z","level":"info","event":"--- Fetching new jobs for: Data Architect ---","logger":"task.stdout"}
{"timestamp":"2026-04-05T10:02:33.669027Z","level":"info","event":"Scanning page 1...","logger":"task.stdout"}
{"timestamp":"2026-04-05T10:02:34.390527Z","level":"info","event":"  -> Page 1 had 0 NEW jobs. (Total for query: 0/50)","logger":"task.stdout"}
{"timestamp":"2026-04-05T10:02:39.961318Z","level":"info","event":"Scanning page 2...","logger":"task.stdout"}
{"timestamp":"2026-04-05T10:02:40.425536Z","level":"info","event":"No more jobs found on LinkedIn for this query (End of results).","logger":"task.stdout"}
{"timestamp":"2026-04-05T10:02:40.578050Z","level":"info","event":"Jobs successfully Upserted (Inserted or Updated) into Bronze layer.","logger":"task.stdout"}
{"timestamp":"2026-04-05T10:02:40.578454Z","level":"info","event":"","logger":"task.stdout"}
{"timestamp":"2026-04-05T10:02:40.578597Z","level":"info","event":"✅ Success: Saved 6 completely NEW jobs to the Bronze layer.","logger":"task.stdout"}
{"timestamp":"2026-04-05T10:02:40.583791Z","level":"info","event":"Done. Returned value was: None","logger":"airflow.task.operators.airflow.providers.standard.operators.python.PythonOperator","filename":"python.py","lineno":230}
