{"timestamp":"2026-03-30T14:22:16.615125Z","level":"info","event":"Stats instance was created in PID 7 but accessed in PID 2299. Re-initializing.","logger":"airflow.stats","filename":"stats.py","lineno":57}
{"timestamp":"2026-03-30T14:22:16.875450Z","level":"info","event":"DAG bundles loaded: dags-folder, example_dags","logger":"airflow.dag_processing.bundles.manager.DagBundlesManager","filename":"manager.py","lineno":179}
{"timestamp":"2026-03-30T14:22:16.875833Z","level":"info","event":"Filling up the DagBag from /opt/airflow/dags/linkedin_pipeline.py","logger":"airflow.models.dagbag.BundleDagBag","filename":"dagbag.py","lineno":593}
{"timestamp":"2026-03-30T14:22:17.739395Z","level":"info","event":"Task instance is in running state","logger":"task.stdout"}
{"timestamp":"2026-03-30T14:22:17.740845Z","level":"info","event":" Previous state of the Task instance: TaskInstanceState.QUEUED","logger":"task.stdout"}
{"timestamp":"2026-03-30T14:22:17.741066Z","level":"info","event":"Current task name:fetch_and_load_bronze","logger":"task.stdout"}
{"timestamp":"2026-03-30T14:22:17.741178Z","level":"info","event":"Dag name:linkedin_bronze_to_silver","logger":"task.stdout"}
{"timestamp":"2026-03-30T14:22:17.742180Z","level":"info","event":"--- Fetching Data Engineer ---","logger":"task.stdout"}
{"timestamp":"2026-03-30T14:22:29.289272Z","level":"info","event":"--- Fetching Ingénieur de données ---","logger":"task.stdout"}
{"timestamp":"2026-03-30T14:22:39.140978Z","level":"info","event":"--- Fetching Data Architect ---","logger":"task.stdout"}
{"timestamp":"2026-03-30T14:22:49.319848Z","level":"info","event":"Removed 0 duplicate jobs before inserting.","logger":"task.stdout"}
{"timestamp":"2026-03-30T14:22:49.444719Z","level":"info","event":"Error in database insertion: (psycopg2.errors.UndefinedColumn) column \"workplace_type\" of relation \"raw_jobs\" does not exist","logger":"task.stdout"}
{"timestamp":"2026-03-30T14:22:49.444981Z","level":"info","event":"LINE 2: ...O raw_jobs (title, company, location, link, date, workplace_...","logger":"task.stdout"}
{"timestamp":"2026-03-30T14:22:49.445173Z","level":"info","event":"                                                             ^","logger":"task.stdout"}
{"timestamp":"2026-03-30T14:22:49.445478Z","level":"info","event":"","logger":"task.stdout"}
{"timestamp":"2026-03-30T14:22:49.446051Z","level":"info","event":"[SQL:","logger":"task.stdout"}
{"timestamp":"2026-03-30T14:22:49.446182Z","level":"info","event":"            INSERT INTO raw_jobs (title, company, location, link, date, workplace_type)","logger":"task.stdout"}
{"timestamp":"2026-03-30T14:22:49.447028Z","level":"info","event":"            SELECT title, company, location, link, date, workplace_type FROM temp_jobs","logger":"task.stdout"}
{"timestamp":"2026-03-30T14:22:49.447227Z","level":"info","event":"            ON CONFLICT (link) DO UPDATE SET","logger":"task.stdout"}
{"timestamp":"2026-03-30T14:22:49.447478Z","level":"info","event":"                title = EXCLUDED.title,","logger":"task.stdout"}
{"timestamp":"2026-03-30T14:22:49.447590Z","level":"info","event":"                company = EXCLUDED.company,","logger":"task.stdout"}
{"timestamp":"2026-03-30T14:22:49.447702Z","level":"info","event":"                location = EXCLUDED.location,","logger":"task.stdout"}
{"timestamp":"2026-03-30T14:22:49.447781Z","level":"info","event":"                date = EXCLUDED.date,","logger":"task.stdout"}
{"timestamp":"2026-03-30T14:22:49.447852Z","level":"info","event":"                workplace_type = EXCLUDED.workplace_type;","logger":"task.stdout"}
{"timestamp":"2026-03-30T14:22:49.447922Z","level":"info","event":"            ]","logger":"task.stdout"}
{"timestamp":"2026-03-30T14:22:49.447981Z","level":"info","event":"(Background on this error at: https://sqlalche.me/e/20/f405)","logger":"task.stdout"}
{"timestamp":"2026-03-30T14:22:49.448049Z","level":"info","event":"Saved 50 unique jobs to the Bronze layer.","logger":"task.stdout"}
{"timestamp":"2026-03-30T14:22:49.447646Z","level":"info","event":"Done. Returned value was: None","logger":"airflow.task.operators.airflow.providers.standard.operators.python.PythonOperator","filename":"python.py","lineno":230}
{"timestamp":"2026-03-30T14:22:49.480361Z","level":"info","event":"Task instance in success state","logger":"task.stdout"}
{"timestamp":"2026-03-30T14:22:49.480601Z","level":"info","event":" Previous state of the Task instance: TaskInstanceState.RUNNING","logger":"task.stdout"}
{"timestamp":"2026-03-30T14:22:49.481196Z","level":"info","event":"Task operator:<Task(PythonOperator): fetch_and_load_bronze>","logger":"task.stdout"}
