{"timestamp":"2026-04-15T14:21:17.712940Z","level":"info","event":"Stats instance was created in PID 7 but accessed in PID 235. Re-initializing.","logger":"airflow.stats","filename":"stats.py","lineno":57}
{"timestamp":"2026-04-15T14:21:17.769033Z","level":"info","event":"DAG bundles loaded: dags-folder","logger":"airflow.dag_processing.bundles.manager.DagBundlesManager","filename":"manager.py","lineno":179}
{"timestamp":"2026-04-15T14:21:17.770378Z","level":"info","event":"Filling up the DagBag from /opt/airflow/dags/linkedin_pipeline.py","logger":"airflow.models.dagbag.BundleDagBag","filename":"dagbag.py","lineno":593}
{"timestamp":"2026-04-15T14:21:20.419567Z","level":"warning","event":"Could not construct link lookup table (DB likely empty): (psycopg2.errors.UndefinedTable) relation \"raw_jobs\" does not exist\nLINE 1: SELECT link FROM raw_jobs;\n                         ^\n\n[SQL: SELECT link FROM raw_jobs;]\n(Background on this error at: https://sqlalche.me/e/20/f405)","logger":"root","filename":"bronze_raw.py","lineno":391}
{"timestamp":"2026-04-15T14:21:20.421326Z","level":"info","event":"Loaded 0 existing jobs from the database.","logger":"task.stdout"}
{"timestamp":"2026-04-15T14:21:20.421794Z","level":"info","event":"","logger":"task.stdout"}
{"timestamp":"2026-04-15T14:21:20.422449Z","level":"info","event":"--- Fetching new jobs for: Data Engineer ---","logger":"task.stdout"}
{"timestamp":"2026-04-15T14:21:20.422777Z","level":"info","event":"Scanning page 1...","logger":"task.stdout"}
{"timestamp":"2026-04-15T14:21:21.009405Z","level":"info","event":"  -> Page 1 had 10 NEW jobs. (Total for query: 10/50)","logger":"task.stdout"}
{"timestamp":"2026-04-15T14:21:27.683178Z","level":"info","event":"Scanning page 2...","logger":"task.stdout"}
{"timestamp":"2026-04-15T14:21:28.249622Z","level":"info","event":"  -> Page 2 had 10 NEW jobs. (Total for query: 20/50)","logger":"task.stdout"}
{"timestamp":"2026-04-15T14:21:33.677071Z","level":"info","event":"Scanning page 3...","logger":"task.stdout"}
{"timestamp":"2026-04-15T14:21:34.061420Z","level":"info","event":"No more jobs found on LinkedIn for this query (End of results).","logger":"task.stdout"}
{"timestamp":"2026-04-15T14:21:34.061966Z","level":"info","event":"","logger":"task.stdout"}
{"timestamp":"2026-04-15T14:21:34.062280Z","level":"info","event":"--- Fetching new jobs for: Ingénieur de données ---","logger":"task.stdout"}
{"timestamp":"2026-04-15T14:21:34.062471Z","level":"info","event":"Scanning page 1...","logger":"task.stdout"}
{"timestamp":"2026-04-15T14:21:34.680187Z","level":"info","event":"  -> Page 1 had 4 NEW jobs. (Total for query: 4/50)","logger":"task.stdout"}
{"timestamp":"2026-04-15T14:21:39.524286Z","level":"info","event":"Scanning page 2...","logger":"task.stdout"}
{"timestamp":"2026-04-15T14:21:40.073514Z","level":"info","event":"  -> Page 2 had 6 NEW jobs. (Total for query: 10/50)","logger":"task.stdout"}
{"timestamp":"2026-04-15T14:21:47.138908Z","level":"info","event":"Scanning page 3...","logger":"task.stdout"}
{"timestamp":"2026-04-15T14:21:47.676712Z","level":"info","event":"No more jobs found on LinkedIn for this query (End of results).","logger":"task.stdout"}
{"timestamp":"2026-04-15T14:21:47.677017Z","level":"info","event":"","logger":"task.stdout"}
{"timestamp":"2026-04-15T14:21:47.677214Z","level":"info","event":"--- Fetching new jobs for: Data Architect ---","logger":"task.stdout"}
{"timestamp":"2026-04-15T14:21:47.677353Z","level":"info","event":"Scanning page 1...","logger":"task.stdout"}
{"timestamp":"2026-04-15T14:21:48.317082Z","level":"info","event":"  -> Page 1 had 8 NEW jobs. (Total for query: 8/50)","logger":"task.stdout"}
{"timestamp":"2026-04-15T14:21:54.076916Z","level":"info","event":"Scanning page 2...","logger":"task.stdout"}
{"timestamp":"2026-04-15T14:21:54.452026Z","level":"info","event":"No more jobs found on LinkedIn for this query (End of results).","logger":"task.stdout"}
{"timestamp":"2026-04-15T14:21:54.531707Z","level":"info","event":"Jobs successfully Upserted (Inserted or Updated) into Bronze layer.","logger":"root","filename":"bronze_raw.py","lineno":280}
{"timestamp":"2026-04-15T14:21:54.534424Z","level":"info","event":"","logger":"task.stdout"}
{"timestamp":"2026-04-15T14:21:54.537946Z","level":"info","event":"✅ Success: Saved 38 completely NEW jobs to the Bronze layer.","logger":"task.stdout"}
{"timestamp":"2026-04-15T14:21:54.542426Z","level":"info","event":"Done. Returned value was: None","logger":"airflow.task.operators.airflow.providers.standard.operators.python.PythonOperator","filename":"python.py","lineno":230}
