{"timestamp":"2026-03-30T13:58:10.061335Z","level":"info","event":"Stats instance was created in PID 7 but accessed in PID 1988. Re-initializing.","logger":"airflow.stats","filename":"stats.py","lineno":57}
{"timestamp":"2026-03-30T13:58:10.719299Z","level":"info","event":"DAG bundles loaded: dags-folder, example_dags","logger":"airflow.dag_processing.bundles.manager.DagBundlesManager","filename":"manager.py","lineno":179}
{"timestamp":"2026-03-30T13:58:10.720348Z","level":"info","event":"Filling up the DagBag from /opt/airflow/dags/linkedin_pipeline.py","logger":"airflow.models.dagbag.BundleDagBag","filename":"dagbag.py","lineno":593}
{"timestamp":"2026-03-30T13:58:11.908931Z","level":"info","event":"Task instance is in running state","logger":"task.stdout"}
{"timestamp":"2026-03-30T13:58:11.909191Z","level":"info","event":" Previous state of the Task instance: TaskInstanceState.QUEUED","logger":"task.stdout"}
{"timestamp":"2026-03-30T13:58:11.909408Z","level":"info","event":"Current task name:generate_html_dashboard","logger":"task.stdout"}
{"timestamp":"2026-03-30T13:58:11.909560Z","level":"info","event":"Dag name:enrich_companies","logger":"task.stdout"}
{"timestamp":"2026-03-30T13:58:11.910760Z","level":"info","event":"Generating interactive profile dashboard...","logger":"task.stdout"}
{"timestamp":"2026-03-30T13:58:11.930911Z","level":"info","event":"❌ Failed to generate dashboard: (psycopg2.errors.UndefinedColumn) column j.workplace_type does not exist","logger":"task.stdout"}
{"timestamp":"2026-03-30T13:58:11.931125Z","level":"info","event":"LINE 5: ...n, j.link as job_link, j.description as job_desc, j.workplac...","logger":"task.stdout"}
{"timestamp":"2026-03-30T13:58:11.931285Z","level":"info","event":"                                                             ^","logger":"task.stdout"}
{"timestamp":"2026-03-30T13:58:11.931399Z","level":"info","event":"","logger":"task.stdout"}
{"timestamp":"2026-03-30T13:58:11.931517Z","level":"info","event":"[SQL:","logger":"task.stdout"}
{"timestamp":"2026-03-30T13:58:11.931766Z","level":"info","event":"        SELECT","logger":"task.stdout"}
{"timestamp":"2026-03-30T13:58:11.931880Z","level":"info","event":"            c.company_name, c.industry, c.company_rating, c.review_count, c.detailed_description,","logger":"task.stdout"}
{"timestamp":"2026-03-30T13:58:11.931979Z","level":"info","event":"            c.website, c.company_size, c.tech_team_size, c.public_sentiment,","logger":"task.stdout"}
{"timestamp":"2026-03-30T13:58:11.932075Z","level":"info","event":"            j.title as job_title, j.location as job_location, j.link as job_link, j.description as job_desc, j.workplace_type","logger":"task.stdout"}
{"timestamp":"2026-03-30T13:58:11.932192Z","level":"info","event":"        FROM silver_companies c","logger":"task.stdout"}
{"timestamp":"2026-03-30T13:58:11.932288Z","level":"info","event":"        LEFT JOIN raw_jobs j ON c.company_name = j.company","logger":"task.stdout"}
{"timestamp":"2026-03-30T13:58:11.932384Z","level":"info","event":"    ]","logger":"task.stdout"}
{"timestamp":"2026-03-30T13:58:11.932473Z","level":"info","event":"(Background on this error at: https://sqlalche.me/e/20/f405)","logger":"task.stdout"}
{"timestamp":"2026-03-30T13:58:11.931349Z","level":"info","event":"Done. Returned value was: None","logger":"airflow.task.operators.airflow.providers.standard.operators.python.PythonOperator","filename":"python.py","lineno":230}
{"timestamp":"2026-03-30T13:58:11.944477Z","level":"info","event":"Task instance in success state","logger":"task.stdout"}
{"timestamp":"2026-03-30T13:58:11.944662Z","level":"info","event":" Previous state of the Task instance: TaskInstanceState.RUNNING","logger":"task.stdout"}
{"timestamp":"2026-03-30T13:58:11.944831Z","level":"info","event":"Task operator:<Task(PythonOperator): generate_html_dashboard>","logger":"task.stdout"}
