{"timestamp":"2026-03-30T15:18:50.382299Z","level":"info","event":"Stats instance was created in PID 7 but accessed in PID 113. Re-initializing.","logger":"airflow.stats","filename":"stats.py","lineno":57}
{"timestamp":"2026-03-30T15:18:52.427123Z","level":"info","event":"DAG bundles loaded: dags-folder, example_dags","logger":"airflow.dag_processing.bundles.manager.DagBundlesManager","filename":"manager.py","lineno":179}
{"timestamp":"2026-03-30T15:18:52.429785Z","level":"info","event":"Filling up the DagBag from /opt/airflow/dags/linkedin_pipeline.py","logger":"airflow.models.dagbag.BundleDagBag","filename":"dagbag.py","lineno":593}
{"timestamp":"2026-03-30T15:18:56.045923Z","level":"info","event":"Task instance is in running state","logger":"task.stdout"}
{"timestamp":"2026-03-30T15:18:56.056419Z","level":"info","event":" Previous state of the Task instance: TaskInstanceState.QUEUED","logger":"task.stdout"}
{"timestamp":"2026-03-30T15:18:56.058274Z","level":"info","event":"Current task name:generate_html_dashboard","logger":"task.stdout"}
{"timestamp":"2026-03-30T15:18:56.059114Z","level":"info","event":"Dag name:enrich_companies","logger":"task.stdout"}
{"timestamp":"2026-03-30T15:18:56.059373Z","level":"info","event":"Generating interactive profile dashboard...","logger":"task.stdout"}
{"timestamp":"2026-03-30T15:18:56.208991Z","level":"info","event":"❌ Failed to generate dashboard: (psycopg2.errors.UndefinedColumn) column j.workplace_type does not exist","logger":"task.stdout"}
{"timestamp":"2026-03-30T15:18:56.211132Z","level":"info","event":"LINE 5: ...n, j.link as job_link, j.description as job_desc, j.workplac...","logger":"task.stdout"}
{"timestamp":"2026-03-30T15:18:56.211570Z","level":"info","event":"                                                             ^","logger":"task.stdout"}
{"timestamp":"2026-03-30T15:18:56.214969Z","level":"info","event":"","logger":"task.stdout"}
{"timestamp":"2026-03-30T15:18:56.215561Z","level":"info","event":"[SQL:","logger":"task.stdout"}
{"timestamp":"2026-03-30T15:18:56.215968Z","level":"info","event":"        SELECT DISTINCT","logger":"task.stdout"}
{"timestamp":"2026-03-30T15:18:56.216907Z","level":"info","event":"            c.company_name, c.industry, c.company_rating, c.review_count, c.detailed_description,","logger":"task.stdout"}
{"timestamp":"2026-03-30T15:18:56.217434Z","level":"info","event":"            c.website, c.company_size, c.tech_team_size, c.public_sentiment,","logger":"task.stdout"}
{"timestamp":"2026-03-30T15:18:56.217644Z","level":"info","event":"            j.title as job_title, j.location as job_location, j.link as job_link, j.description as job_desc, j.workplace_type","logger":"task.stdout"}
{"timestamp":"2026-03-30T15:18:56.217785Z","level":"info","event":"        FROM silver_companies c","logger":"task.stdout"}
{"timestamp":"2026-03-30T15:18:56.217928Z","level":"info","event":"        LEFT JOIN raw_jobs j ON c.company_name = j.company","logger":"task.stdout"}
{"timestamp":"2026-03-30T15:18:56.218142Z","level":"info","event":"    ]","logger":"task.stdout"}
{"timestamp":"2026-03-30T15:18:56.218308Z","level":"info","event":"(Background on this error at: https://sqlalche.me/e/20/f405)","logger":"task.stdout"}
{"timestamp":"2026-03-30T15:18:56.208019Z","level":"info","event":"Done. Returned value was: None","logger":"airflow.task.operators.airflow.providers.standard.operators.python.PythonOperator","filename":"python.py","lineno":230}
{"timestamp":"2026-03-30T15:18:56.309175Z","level":"info","event":"Task instance in success state","logger":"task.stdout"}
{"timestamp":"2026-03-30T15:18:56.309683Z","level":"info","event":" Previous state of the Task instance: TaskInstanceState.RUNNING","logger":"task.stdout"}
{"timestamp":"2026-03-30T15:18:56.310138Z","level":"info","event":"Task operator:<Task(PythonOperator): generate_html_dashboard>","logger":"task.stdout"}
