{"timestamp":"2026-04-01T19:09:47.027144Z","level":"info","event":"Stats instance was created in PID 7 but accessed in PID 133. Re-initializing.","logger":"airflow.stats","filename":"stats.py","lineno":57}
{"timestamp":"2026-04-01T19:09:47.053230Z","level":"info","event":"DAG bundles loaded: dags-folder","logger":"airflow.dag_processing.bundles.manager.DagBundlesManager","filename":"manager.py","lineno":179}
{"timestamp":"2026-04-01T19:09:47.054464Z","level":"info","event":"Filling up the DagBag from /opt/airflow/dags/linkedin_pipeline.py","logger":"airflow.models.dagbag.BundleDagBag","filename":"dagbag.py","lineno":593}
{"timestamp":"2026-04-01T19:09:48.873405Z","level":"info","event":"Starting Job Description enrichment process...","logger":"task.stdout"}
{"timestamp":"2026-04-01T19:09:48.883817Z","level":"info","event":"Starting enrichment for 51 jobs...","logger":"task.stdout"}
{"timestamp":"2026-04-01T19:09:48.885514Z","level":"info","event":"Fetching description for: https://ca.linkedin.com/jobs/view/data-developer-a...","logger":"task.stdout"}
{"timestamp":"2026-04-01T19:09:49.816234Z","level":"info","event":"Sleeping for 7.43 seconds...","logger":"task.stdout"}
{"timestamp":"2026-04-01T19:09:57.255703Z","level":"info","event":"Fetching description for: https://ca.linkedin.com/jobs/view/senior-developer...","logger":"task.stdout"}
{"timestamp":"2026-04-01T19:09:57.934003Z","level":"info","event":"Sleeping for 9.73 seconds...","logger":"task.stdout"}
{"timestamp":"2026-04-01T19:10:07.669806Z","level":"info","event":"Fetching description for: https://ca.linkedin.com/jobs/view/senior-data-engi...","logger":"task.stdout"}
{"timestamp":"2026-04-01T19:10:08.576553Z","level":"info","event":"Sleeping for 5.08 seconds...","logger":"task.stdout"}
{"timestamp":"2026-04-01T19:10:13.663491Z","level":"info","event":"Fetching description for: https://ca.linkedin.com/jobs/view/programming-soft...","logger":"task.stdout"}
{"timestamp":"2026-04-01T19:10:14.851641Z","level":"info","event":"Sleeping for 9.96 seconds...","logger":"task.stdout"}
{"timestamp":"2026-04-01T19:10:24.812603Z","level":"info","event":"Fetching description for: https://ca.linkedin.com/jobs/view/lead-data-engine...","logger":"task.stdout"}
{"timestamp":"2026-04-01T19:10:25.566854Z","level":"info","event":"Sleeping for 8.72 seconds...","logger":"task.stdout"}
{"timestamp":"2026-04-01T19:10:34.286204Z","level":"info","event":"Fetching description for: https://ca.linkedin.com/jobs/view/software-enginee...","logger":"task.stdout"}
{"timestamp":"2026-04-01T19:10:35.119748Z","level":"info","event":"Sleeping for 8.17 seconds...","logger":"task.stdout"}
{"timestamp":"2026-04-01T19:10:43.300855Z","level":"info","event":"Fetching description for: https://ca.linkedin.com/jobs/view/data-internship-...","logger":"task.stdout"}
{"timestamp":"2026-04-01T19:10:44.519648Z","level":"info","event":"Sleeping for 9.11 seconds...","logger":"task.stdout"}
{"timestamp":"2026-04-01T19:10:53.634755Z","level":"info","event":"Fetching description for: https://ca.linkedin.com/jobs/view/data-collector-c...","logger":"task.stdout"}
{"timestamp":"2026-04-01T19:10:54.540527Z","level":"info","event":"Sleeping for 6.34 seconds...","logger":"task.stdout"}
{"timestamp":"2026-04-01T19:11:00.884080Z","level":"info","event":"Fetching description for: https://ca.linkedin.com/jobs/view/analyste-program...","logger":"task.stdout"}
{"timestamp":"2026-04-01T19:11:01.858107Z","level":"info","event":"Sleeping for 11.41 seconds...","logger":"task.stdout"}
{"timestamp":"2026-04-01T19:11:13.275571Z","level":"info","event":"Fetching description for: https://ca.linkedin.com/jobs/view/software-enginee...","logger":"task.stdout"}
{"timestamp":"2026-04-01T19:11:14.980702Z","level":"info","event":"Sleeping for 8.60 seconds...","logger":"task.stdout"}
{"timestamp":"2026-04-01T19:11:23.581058Z","level":"info","event":"Fetching description for: https://ca.linkedin.com/jobs/view/analyste-de-r%C3...","logger":"task.stdout"}
{"timestamp":"2026-04-01T19:11:24.449994Z","level":"info","event":"Sleeping for 8.08 seconds...","logger":"task.stdout"}
{"timestamp":"2026-04-01T19:11:32.532569Z","level":"info","event":"Fetching description for: https://ca.linkedin.com/jobs/view/data-analysis-tu...","logger":"task.stdout"}
{"timestamp":"2026-04-01T19:11:33.473746Z","level":"info","event":"Sleeping for 7.52 seconds...","logger":"task.stdout"}
{"timestamp":"2026-04-01T19:11:40.999567Z","level":"info","event":"Fetching description for: https://ca.linkedin.com/jobs/view/stage-en-donn%C3...","logger":"task.stdout"}
{"timestamp":"2026-04-01T19:11:41.980438Z","level":"info","event":"Sleeping for 10.68 seconds...","logger":"task.stdout"}
{"timestamp":"2026-04-01T19:11:52.671097Z","level":"info","event":"Fetching description for: https://ca.linkedin.com/jobs/view/site-supervision...","logger":"task.stdout"}
{"timestamp":"2026-04-01T19:11:53.673334Z","level":"info","event":"Sleeping for 8.28 seconds...","logger":"task.stdout"}
{"timestamp":"2026-04-01T19:12:01.951423Z","level":"info","event":"Fetching description for: https://ca.linkedin.com/jobs/view/contr%C3%B4leur-...","logger":"task.stdout"}
{"timestamp":"2026-04-01T19:12:02.847388Z","level":"info","event":"Sleeping for 7.24 seconds...","logger":"task.stdout"}
{"timestamp":"2026-04-01T19:12:10.095018Z","level":"info","event":"Fetching description for: https://ca.linkedin.com/jobs/view/scientifique-de-...","logger":"task.stdout"}
{"timestamp":"2026-04-01T19:12:11.036868Z","level":"info","event":"Sleeping for 8.42 seconds...","logger":"task.stdout"}
{"timestamp":"2026-04-01T19:12:19.456901Z","level":"info","event":"Fetching description for: https://ca.linkedin.com/jobs/view/analyste-infrast...","logger":"task.stdout"}
{"timestamp":"2026-04-01T19:12:20.359810Z","level":"info","event":"Sleeping for 5.38 seconds...","logger":"task.stdout"}
{"timestamp":"2026-04-01T19:12:25.742926Z","level":"info","event":"Fetching description for: https://ca.linkedin.com/jobs/view/analyste-en-gouv...","logger":"task.stdout"}
{"timestamp":"2026-04-01T19:12:26.728672Z","level":"info","event":"Sleeping for 7.04 seconds...","logger":"task.stdout"}
{"timestamp":"2026-04-01T19:12:33.772538Z","level":"info","event":"Fetching description for: https://ca.linkedin.com/jobs/view/engineering-proj...","logger":"task.stdout"}
{"timestamp":"2026-04-01T19:12:35.235286Z","level":"info","event":"Sleeping for 6.47 seconds...","logger":"task.stdout"}
{"timestamp":"2026-04-01T19:12:41.705927Z","level":"info","event":"Fetching description for: https://ca.linkedin.com/jobs/view/safety-and-ram-s...","logger":"task.stdout"}
{"timestamp":"2026-04-01T19:12:42.392993Z","level":"info","event":"Sleeping for 9.49 seconds...","logger":"task.stdout"}
{"timestamp":"2026-04-01T19:12:51.880646Z","level":"info","event":"Fetching description for: https://ca.linkedin.com/jobs/view/ing%C3%A9nieur-e...","logger":"task.stdout"}
{"timestamp":"2026-04-01T19:12:53.047447Z","level":"info","event":"Sleeping for 6.68 seconds...","logger":"task.stdout"}
{"timestamp":"2026-04-01T19:12:59.740475Z","level":"info","event":"Fetching description for: https://ca.linkedin.com/jobs/view/ing%C3%A9nieur-e...","logger":"task.stdout"}
{"timestamp":"2026-04-01T19:13:01.351023Z","level":"info","event":"Sleeping for 11.45 seconds...","logger":"task.stdout"}
{"timestamp":"2026-04-01T19:13:12.815282Z","level":"info","event":"Fetching description for: https://ca.linkedin.com/jobs/view/scientifique-de-...","logger":"task.stdout"}
{"timestamp":"2026-04-01T19:13:14.412027Z","level":"info","event":"Sleeping for 8.73 seconds...","logger":"task.stdout"}
{"timestamp":"2026-04-01T19:13:23.145429Z","level":"info","event":"Fetching description for: https://ca.linkedin.com/jobs/view/building-electri...","logger":"task.stdout"}
{"timestamp":"2026-04-01T19:13:24.106932Z","level":"info","event":"Sleeping for 8.24 seconds...","logger":"task.stdout"}
{"timestamp":"2026-04-01T19:13:32.358484Z","level":"info","event":"Fetching description for: https://ca.linkedin.com/jobs/view/scientifique-en-...","logger":"task.stdout"}
{"timestamp":"2026-04-01T19:13:33.533128Z","level":"info","event":"Sleeping for 6.46 seconds...","logger":"task.stdout"}
{"timestamp":"2026-04-01T19:13:40.000582Z","level":"info","event":"Fetching description for: https://ca.linkedin.com/jobs/view/ing%C3%A9nieur-e...","logger":"task.stdout"}
{"timestamp":"2026-04-01T19:13:40.754991Z","level":"info","event":"Sleeping for 8.79 seconds...","logger":"task.stdout"}
{"timestamp":"2026-04-01T19:13:49.548446Z","level":"info","event":"Fetching description for: https://ca.linkedin.com/jobs/view/analyste-d%E2%80...","logger":"task.stdout"}
{"timestamp":"2026-04-01T19:13:50.611891Z","level":"info","event":"Sleeping for 8.09 seconds...","logger":"task.stdout"}
{"timestamp":"2026-04-01T19:13:58.698412Z","level":"info","event":"Fetching description for: https://ca.linkedin.com/jobs/view/senior-engineer-...","logger":"task.stdout"}
{"timestamp":"2026-04-01T19:14:00.059656Z","level":"info","event":"Sleeping for 7.36 seconds...","logger":"task.stdout"}
{"timestamp":"2026-04-01T19:14:07.426083Z","level":"info","event":"Fetching description for: https://ca.linkedin.com/jobs/view/analyste-d%E2%80...","logger":"task.stdout"}
{"timestamp":"2026-04-01T19:14:08.891088Z","level":"info","event":"Sleeping for 10.71 seconds...","logger":"task.stdout"}
{"timestamp":"2026-04-01T19:14:19.599108Z","level":"info","event":"Fetching description for: https://ca.linkedin.com/jobs/view/project-manager-...","logger":"task.stdout"}
{"timestamp":"2026-04-01T19:14:20.544380Z","level":"info","event":"Sleeping for 9.16 seconds...","logger":"task.stdout"}
{"timestamp":"2026-04-01T19:14:29.959314Z","level":"info","event":"Fetching description for: https://ca.linkedin.com/jobs/view/ing%C3%A9nieure-...","logger":"task.stdout"}
{"timestamp":"2026-04-01T19:14:33.098846Z","level":"info","event":"Sleeping for 10.94 seconds...","logger":"task.stdout"}
{"timestamp":"2026-04-01T19:14:44.037759Z","level":"info","event":"Fetching description for: https://ca.linkedin.com/jobs/view/ing%C3%A9nieur-e...","logger":"task.stdout"}
{"timestamp":"2026-04-01T19:14:45.071903Z","level":"info","event":"Sleeping for 5.22 seconds...","logger":"task.stdout"}
{"timestamp":"2026-04-01T19:14:50.291244Z","level":"info","event":"Fetching description for: https://ca.linkedin.com/jobs/view/ing%C3%A9nieur-e...","logger":"task.stdout"}
{"timestamp":"2026-04-01T19:14:51.065964Z","level":"info","event":"Sleeping for 11.25 seconds...","logger":"task.stdout"}
{"timestamp":"2026-04-01T19:15:02.320394Z","level":"info","event":"Fetching description for: https://ca.linkedin.com/jobs/view/data-governance-...","logger":"task.stdout"}
{"timestamp":"2026-04-01T19:15:03.316942Z","level":"info","event":"Sleeping for 6.41 seconds...","logger":"task.stdout"}
{"timestamp":"2026-04-01T19:15:09.729590Z","level":"info","event":"Fetching description for: https://ca.linkedin.com/jobs/view/data-governance-...","logger":"task.stdout"}
{"timestamp":"2026-04-01T19:15:10.812487Z","level":"info","event":"Sleeping for 9.96 seconds...","logger":"task.stdout"}
{"timestamp":"2026-04-01T19:15:20.776055Z","level":"info","event":"Fetching description for: https://ca.linkedin.com/jobs/view/programmeur-euse...","logger":"task.stdout"}
{"timestamp":"2026-04-01T19:15:22.391576Z","level":"info","event":"Sleeping for 9.59 seconds...","logger":"task.stdout"}
{"timestamp":"2026-04-01T19:15:31.978952Z","level":"info","event":"Fetching description for: https://ca.linkedin.com/jobs/view/sp%C3%A9cialiste...","logger":"task.stdout"}
{"timestamp":"2026-04-01T19:15:32.938453Z","level":"info","event":"Sleeping for 6.10 seconds...","logger":"task.stdout"}
{"timestamp":"2026-04-01T19:15:39.039424Z","level":"info","event":"Fetching description for: https://ca.linkedin.com/jobs/view/scientifique-de-...","logger":"task.stdout"}
{"timestamp":"2026-04-01T19:15:41.240745Z","level":"info","event":"Sleeping for 6.35 seconds...","logger":"task.stdout"}
{"timestamp":"2026-04-01T19:15:47.588418Z","level":"info","event":"Fetching description for: https://ca.linkedin.com/jobs/view/e3-analyste-powe...","logger":"task.stdout"}
{"timestamp":"2026-04-01T19:15:48.475572Z","level":"info","event":"Sleeping for 8.69 seconds...","logger":"task.stdout"}
{"timestamp":"2026-04-01T19:15:57.169551Z","level":"info","event":"Fetching description for: https://ca.linkedin.com/jobs/view/analyste-en-envi...","logger":"task.stdout"}
{"timestamp":"2026-04-01T19:15:58.747769Z","level":"info","event":"Sleeping for 10.09 seconds...","logger":"task.stdout"}
{"timestamp":"2026-04-01T19:16:08.938709Z","level":"info","event":"Fetching description for: https://ca.linkedin.com/jobs/view/ing%C3%A9nieure-...","logger":"task.stdout"}
{"timestamp":"2026-04-01T19:16:10.258596Z","level":"info","event":"Sleeping for 8.13 seconds...","logger":"task.stdout"}
{"timestamp":"2026-04-01T19:16:18.387066Z","level":"info","event":"Fetching description for: https://ca.linkedin.com/jobs/view/analyste-en-envi...","logger":"task.stdout"}
{"timestamp":"2026-04-01T19:16:19.399512Z","level":"info","event":"Sleeping for 8.77 seconds...","logger":"task.stdout"}
{"timestamp":"2026-04-01T19:16:28.171610Z","level":"info","event":"Fetching description for: https://ca.linkedin.com/jobs/view/it-architect-at-...","logger":"task.stdout"}
{"timestamp":"2026-04-01T19:16:29.243911Z","level":"info","event":"Sleeping for 5.80 seconds...","logger":"task.stdout"}
{"timestamp":"2026-04-01T19:16:35.044618Z","level":"info","event":"Fetching description for: https://ca.linkedin.com/jobs/view/data-analytics-a...","logger":"task.stdout"}
{"timestamp":"2026-04-01T19:16:35.863598Z","level":"info","event":"Sleeping for 9.49 seconds...","logger":"task.stdout"}
{"timestamp":"2026-04-01T19:16:45.358872Z","level":"info","event":"Fetching description for: https://ca.linkedin.com/jobs/view/data-architect-a...","logger":"task.stdout"}
{"timestamp":"2026-04-01T19:16:46.372631Z","level":"info","event":"Sleeping for 7.74 seconds...","logger":"task.stdout"}
{"timestamp":"2026-04-01T19:16:54.111494Z","level":"info","event":"Fetching description for: https://ca.linkedin.com/jobs/view/architecte-analy...","logger":"task.stdout"}
{"timestamp":"2026-04-01T19:16:54.996423Z","level":"info","event":"Sleeping for 7.85 seconds...","logger":"task.stdout"}
{"timestamp":"2026-04-01T19:17:02.855587Z","level":"info","event":"Fetching description for: https://ca.linkedin.com/jobs/view/technical-data-a...","logger":"task.stdout"}
{"timestamp":"2026-04-01T19:17:03.635262Z","level":"info","event":"Sleeping for 6.49 seconds...","logger":"task.stdout"}
{"timestamp":"2026-04-01T19:17:10.125033Z","level":"info","event":"Fetching description for: https://ca.linkedin.com/jobs/view/solution-archite...","logger":"task.stdout"}
{"timestamp":"2026-04-01T19:17:11.663554Z","level":"info","event":"Sleeping for 8.65 seconds...","logger":"task.stdout"}
{"timestamp":"2026-04-01T19:17:20.352236Z","level":"info","event":"Fetching description for: https://ca.linkedin.com/jobs/view/architecte-de-so...","logger":"task.stdout"}
{"timestamp":"2026-04-01T19:17:21.157446Z","level":"info","event":"Sleeping for 9.05 seconds...","logger":"task.stdout"}
{"timestamp":"2026-04-01T19:17:30.207797Z","level":"info","event":"Fetching description for: https://ca.linkedin.com/jobs/view/architect-data-f...","logger":"task.stdout"}
{"timestamp":"2026-04-01T19:17:30.989379Z","level":"info","event":"Sleeping for 6.22 seconds...","logger":"task.stdout"}
{"timestamp":"2026-04-01T19:17:37.205803Z","level":"info","event":"Fetching description for: https://ca.linkedin.com/jobs/view/architecte-de-do...","logger":"task.stdout"}
{"timestamp":"2026-04-01T19:17:38.251289Z","level":"info","event":"Sleeping for 7.20 seconds...","logger":"task.stdout"}
{"timestamp":"2026-04-01T19:17:45.456804Z","level":"info","event":"Job Description enrichment complete.","logger":"task.stdout"}
{"timestamp":"2026-04-01T19:17:45.462319Z","level":"info","event":"Done. Returned value was: None","logger":"airflow.task.operators.airflow.providers.standard.operators.python.PythonOperator","filename":"python.py","lineno":230}
